{"meta": {"format": 3, "version": "7.10.6", "timestamp": "2026-04-03T20:26:12.411817", "branch_coverage": true, "show_contexts": false}, "files": {"pyqual/__init__.py": {"executed_lines": [1, 4, 6, 22, 23, 24, 25, 32, 42, 53, 54, 58, 59, 73, 75], "summary": {"covered_lines": 14, "num_statements": 14, "percent_covered": 100.0, "percent_covered_display": "100", "missing_lines": 0, "excluded_lines": 8, "num_branches": 0, "num_partial_branches": 0, "covered_branches": 0, "missing_branches": 0}, "missing_lines": [], "excluded_lines": [55, 56, 66, 67, 68, 69, 70, 71], "executed_branches": [], "missing_branches": [], "functions": {"": {"executed_lines": [1, 4, 6, 22, 23, 24, 25, 32, 42, 53, 54, 58, 59, 73, 75], "summary": {"covered_lines": 14, "num_statements": 14, "percent_covered": 100.0, "percent_covered_display": "100", "missing_lines": 0, "excluded_lines": 8, "num_branches": 0, "num_partial_branches": 0, "covered_branches": 0, "missing_branches": 0}, "missing_lines": [], "excluded_lines": [55, 56, 66, 67, 68, 69, 70, 71], "executed_branches": [], "missing_branches": []}}, "classes": {"": {"executed_lines": [1, 4, 6, 22, 23, 24, 25, 32, 42, 53, 54, 58, 59, 73, 75], "summary": {"covered_lines": 14, "num_statements": 14, "percent_covered": 100.0, "percent_covered_display": "100", "missing_lines": 0, "excluded_lines": 8, "num_branches": 0, "num_partial_branches": 0, "covered_branches": 0, "missing_branches": 0}, "missing_lines": [], "excluded_lines": [55, 56, 66, 67, 68, 69, 70, 71], "executed_branches": [], "missing_branches": []}}}, "pyqual/__main__.py": {"executed_lines": [], "summary": {"covered_lines": 0, "num_statements": 3, "percent_covered": 0.0, "percent_covered_display": "0", "missing_lines": 3, "excluded_lines": 0, "num_branches": 2, "num_partial_branches": 0, "covered_branches": 0, "missing_branches": 2}, "missing_lines": [3, 5, 6], "excluded_lines": [], "executed_branches": [], "missing_branches": [[5, -1], [5, 6]], "functions": {"": {"executed_lines": [], "summary": {"covered_lines": 0, "num_statements": 3, "percent_covered": 0.0, "percent_covered_display": "0", "missing_lines": 3, "excluded_lines": 0, "num_branches": 2, "num_partial_branches": 0, "covered_branches": 0, "missing_branches": 2}, "missing_lines": [3, 5, 6], "excluded_lines": [], "executed_branches": [], "missing_branches": [[5, -1], [5, 6]]}}, "classes": {"": {"executed_lines": [], "summary": {"covered_lines": 0, "num_statements": 3, "percent_covered": 0.0, "percent_covered_display": "0", "missing_lines": 3, "excluded_lines": 0, "num_branches": 2, "num_partial_branches": 0, "covered_branches": 0, "missing_branches": 2}, "missing_lines": [3, 5, 6], "excluded_lines": [], "executed_branches": [], "missing_branches": [[5, -1], [5, 6]]}}}, "pyqual/_gate_collectors.py": {"executed_lines": [1, 7, 9, 10, 11, 14, 16, 17, 18, 19, 20, 21, 24, 27, 29, 30, 34, 35, 36, 37, 38, 39, 40, 41, 42, 45, 47, 48, 49, 50, 51, 52, 53, 54, 61, 64, 66, 67, 68, 69, 70, 71, 72, 73, 74, 75, 77, 78, 79, 83, 86, 88, 89, 90, 102, 105, 107, 108, 109, 110, 111, 112, 113, 114, 115, 116, 117, 118, 119, 120, 121, 122, 123, 126, 128, 129, 130, 152, 155, 157, 158, 159, 175, 178, 180, 181, 182, 189, 192, 194, 195, 196, 208, 211, 213, 214, 215, 226, 229, 231, 232, 233, 234, 260, 263, 265, 266, 267, 268, 269, 270, 271, 273, 274, 277, 280, 282, 283, 284, 303, 306, 308, 309, 310, 325, 328, 330, 331, 332, 333, 356, 358, 359, 360, 372, 375, 377, 378, 379, 394, 397, 405, 407, 408, 409, 410, 431, 433, 434, 435, 452, 455, 457, 458, 459, 478, 483], "summary": {"covered_lines": 156, "num_statements": 384, "percent_covered": 37.17948717948718, "percent_covered_display": "37", "missing_lines": 228, "excluded_lines": 0, "num_branches": 162, "num_partial_branches": 23, "covered_branches": 47, "missing_branches": 115}, "missing_lines": [22, 23, 55, 56, 57, 58, 59, 60, 80, 81, 82, 91, 92, 93, 94, 95, 96, 97, 98, 99, 100, 101, 131, 132, 133, 134, 135, 136, 137, 138, 139, 140, 141, 142, 143, 144, 145, 146, 147, 148, 149, 150, 151, 160, 161, 162, 163, 164, 165, 166, 167, 172, 173, 174, 183, 184, 185, 186, 187, 188, 197, 198, 199, 200, 201, 202, 203, 204, 205, 206, 207, 216, 217, 218, 219, 220, 221, 222, 223, 224, 225, 235, 236, 237, 238, 239, 240, 241, 242, 244, 245, 246, 247, 248, 249, 250, 251, 252, 253, 254, 255, 256, 257, 258, 259, 272, 275, 276, 285, 286, 287, 288, 289, 290, 291, 292, 293, 294, 295, 296, 297, 298, 299, 300, 301, 302, 311, 312, 313, 314, 315, 316, 317, 318, 319, 320, 321, 322, 323, 324, 334, 335, 336, 337, 341, 342, 349, 350, 351, 352, 353, 361, 362, 363, 364, 365, 366, 368, 369, 370, 371, 380, 381, 382, 383, 384, 385, 386, 387, 388, 389, 390, 391, 392, 393, 399, 411, 412, 413, 414, 415, 416, 417, 418, 419, 420, 421, 422, 423, 424, 425, 426, 427, 428, 436, 437, 438, 439, 440, 441, 442, 443, 444, 445, 446, 447, 448, 449, 450, 451, 460, 461, 462, 463, 464, 465, 466, 467, 468, 469, 470, 471, 472, 473, 474, 475, 476, 477], "excluded_lines": [], "executed_branches": [[16, 17], [16, 24], [17, 16], [17, 18], [19, 17], [19, 20], [34, 35], [34, 36], [37, 38], [40, 41], [49, 50], [49, 53], [51, 52], [54, 61], [68, 69], [68, 70], [70, 71], [70, 83], [74, 75], [79, 83], [90, 102], [109, 110], [109, 123], [112, 113], [112, 123], [115, 116], [115, 118], [130, 152], [159, 175], [182, 189], [196, 208], [215, 226], [232, 233], [232, 260], [234, 232], [267, 268], [267, 277], [271, 273], [273, 274], [284, 303], [310, 325], [332, 333], [360, 372], [379, 394], [409, 410], [435, 452], [459, 478]], "missing_branches": [[37, 39], [40, 42], [51, 53], [54, 55], [57, 58], [57, 61], [74, 77], [79, 80], [90, 91], [130, 131], [133, 134], [133, 141], [141, 142], [141, 152], [159, 160], [165, 166], [165, 167], [182, 183], [185, 186], [185, 189], [196, 197], [200, 201], [200, 202], [202, 203], [202, 204], [204, 205], [204, 208], [215, 216], [219, 220], [219, 221], [222, 223], [222, 226], [234, 235], [237, 238], [237, 244], [239, 240], [239, 241], [241, 232], [241, 242], [245, 246], [245, 247], [248, 249], [248, 250], [251, 252], [251, 253], [254, 255], [254, 256], [256, 232], [256, 257], [271, 272], [273, 277], [284, 285], [287, 288], [287, 295], [290, 291], [290, 303], [291, 290], [291, 292], [295, 296], [295, 303], [297, 298], [297, 303], [299, 300], [299, 303], [310, 311], [314, 315], [314, 316], [316, 317], [316, 318], [319, 320], [319, 321], [321, 322], [321, 325], [332, 334], [336, 337], [336, 353], [341, 342], [341, 349], [349, 350], [349, 353], [360, 361], [363, 364], [363, 365], [365, 366], [365, 368], [379, 380], [382, 383], [382, 389], [389, 390], [389, 394], [409, 411], [415, 416], [415, 420], [420, 421], [420, 428], [422, 423], [422, 424], [424, 425], [424, 426], [435, 436], [438, 439], [438, 447], [447, 448], [447, 452], [459, 460], [463, 464], [463, 465], [465, 466], [465, 467], [468, 469], [468, 470], [471, 472], [471, 473], [473, 474], [473, 478]], "functions": {"_read_artifact_text": {"executed_lines": [16, 17, 18, 19, 20, 21, 24], "summary": {"covered_lines": 7, "num_statements": 9, "percent_covered": 86.66666666666667, "percent_covered_display": "87", "missing_lines": 2, "excluded_lines": 0, "num_branches": 6, "num_partial_branches": 0, "covered_branches": 6, "missing_branches": 0}, "missing_lines": [22, 23], "excluded_lines": [], "executed_branches": [[16, 17], [16, 24], [17, 16], [17, 18], [19, 17], [19, 20]], "missing_branches": []}, "_from_toon": {"executed_lines": [29, 30, 34, 35, 36, 37, 38, 39, 40, 41, 42], "summary": {"covered_lines": 11, "num_statements": 11, "percent_covered": 88.23529411764706, "percent_covered_display": "88", "missing_lines": 0, "excluded_lines": 0, "num_branches": 6, "num_partial_branches": 2, "covered_branches": 4, "missing_branches": 2}, "missing_lines": [], "excluded_lines": [], "executed_branches": [[34, 35], [34, 36], [37, 38], [40, 41]], "missing_branches": [[37, 39], [40, 42]]}, "_from_vallm": {"executed_lines": [47, 48, 49, 50, 51, 52, 53, 54, 61], "summary": {"covered_lines": 9, "num_statements": 15, "percent_covered": 56.52173913043478, "percent_covered_display": "57", "missing_lines": 6, "excluded_lines": 0, "num_branches": 8, "num_partial_branches": 2, "covered_branches": 4, "missing_branches": 4}, "missing_lines": [55, 56, 57, 58, 59, 60], "excluded_lines": [], "executed_branches": [[49, 50], [49, 53], [51, 52], [54, 61]], "missing_branches": [[51, 53], [54, 55], [57, 58], [57, 61]]}, "_from_coverage": {"executed_lines": [66, 67, 68, 69, 70, 71, 72, 73, 74, 75, 77, 78, 79, 83], "summary": {"covered_lines": 14, "num_statements": 17, "percent_covered": 80.0, "percent_covered_display": "80", "missing_lines": 3, "excluded_lines": 0, "num_branches": 8, "num_partial_branches": 2, "covered_branches": 6, "missing_branches": 2}, "missing_lines": [80, 81, 82], "excluded_lines": [], "executed_branches": [[68, 69], [68, 70], [70, 71], [70, 83], [74, 75], [79, 83]], "missing_branches": [[74, 77], [79, 80]]}, "_from_bandit": {"executed_lines": [88, 89, 90, 102], "summary": {"covered_lines": 4, "num_statements": 15, "percent_covered": 29.41176470588235, "percent_covered_display": "29", "missing_lines": 11, "excluded_lines": 0, "num_branches": 2, "num_partial_branches": 1, "covered_branches": 1, "missing_branches": 1}, "missing_lines": [91, 92, 93, 94, 95, 96, 97, 98, 99, 100, 101], "excluded_lines": [], "executed_branches": [[90, 102]], "missing_branches": [[90, 91]]}, "_from_secrets": {"executed_lines": [107, 108, 109, 110, 111, 112, 113, 114, 115, 116, 117, 118, 119, 120, 121, 122, 123], "summary": {"covered_lines": 17, "num_statements": 17, "percent_covered": 100.0, "percent_covered_display": "100", "missing_lines": 0, "excluded_lines": 0, "num_branches": 6, "num_partial_branches": 0, "covered_branches": 6, "missing_branches": 0}, "missing_lines": [], "excluded_lines": [], "executed_branches": [[109, 110], [109, 123], [112, 113], [112, 123], [115, 116], [115, 118]], "missing_branches": []}, "_from_vulnerabilities": {"executed_lines": [128, 129, 130, 152], "summary": {"covered_lines": 4, "num_statements": 25, "percent_covered": 16.129032258064516, "percent_covered_display": "16", "missing_lines": 21, "excluded_lines": 0, "num_branches": 6, "num_partial_branches": 1, "covered_branches": 1, "missing_branches": 5}, "missing_lines": [131, 132, 133, 134, 135, 136, 137, 138, 139, 140, 141, 142, 143, 144, 145, 146, 147, 148, 149, 150, 151], "excluded_lines": [], "executed_branches": [[130, 152]], "missing_branches": [[130, 131], [133, 134], [133, 141], [141, 142], [141, 152]]}, "_from_sbom": {"executed_lines": [157, 158, 159, 175], "summary": {"covered_lines": 4, "num_statements": 15, "percent_covered": 26.31578947368421, "percent_covered_display": "26", "missing_lines": 11, "excluded_lines": 0, "num_branches": 4, "num_partial_branches": 1, "covered_branches": 1, "missing_branches": 3}, "missing_lines": [160, 161, 162, 163, 164, 165, 166, 167, 172, 173, 174], "excluded_lines": [], "executed_branches": [[159, 175]], "missing_branches": [[159, 160], [165, 166], [165, 167]]}, "_from_vulture": {"executed_lines": [180, 181, 182, 189], "summary": {"covered_lines": 4, "num_statements": 10, "percent_covered": 35.714285714285715, "percent_covered_display": "36", "missing_lines": 6, "excluded_lines": 0, "num_branches": 4, "num_partial_branches": 1, "covered_branches": 1, "missing_branches": 3}, "missing_lines": [183, 184, 185, 186, 187, 188], "excluded_lines": [], "executed_branches": [[182, 189]], "missing_branches": [[182, 183], [185, 186], [185, 189]]}, "_from_pyroma": {"executed_lines": [194, 195, 196, 208], "summary": {"covered_lines": 4, "num_statements": 15, "percent_covered": 21.73913043478261, "percent_covered_display": "22", "missing_lines": 11, "excluded_lines": 0, "num_branches": 8, "num_partial_branches": 1, "covered_branches": 1, "missing_branches": 7}, "missing_lines": [197, 198, 199, 200, 201, 202, 203, 204, 205, 206, 207], "excluded_lines": [], "executed_branches": [[196, 208]], "missing_branches": [[196, 197], [200, 201], [200, 202], [202, 203], [202, 204], [204, 205], [204, 208]]}, "_from_git_health": {"executed_lines": [213, 214, 215, 226], "summary": {"covered_lines": 4, "num_statements": 14, "percent_covered": 25.0, "percent_covered_display": "25", "missing_lines": 10, "excluded_lines": 0, "num_branches": 6, "num_partial_branches": 1, "covered_branches": 1, "missing_branches": 5}, "missing_lines": [216, 217, 218, 219, 220, 221, 222, 223, 224, 225], "excluded_lines": [], "executed_branches": [[215, 226]], "missing_branches": [[215, 216], [219, 220], [219, 221], [222, 223], [222, 226]]}, "_from_llm_quality": {"executed_lines": [231, 232, 233, 234, 260], "summary": {"covered_lines": 5, "num_statements": 29, "percent_covered": 16.3265306122449, "percent_covered_display": "16", "missing_lines": 24, "excluded_lines": 0, "num_branches": 20, "num_partial_branches": 1, "covered_branches": 3, "missing_branches": 17}, "missing_lines": [235, 236, 237, 238, 239, 240, 241, 242, 244, 245, 246, 247, 248, 249, 250, 251, 252, 253, 254, 255, 256, 257, 258, 259], "excluded_lines": [], "executed_branches": [[232, 233], [232, 260], [234, 232]], "missing_branches": [[234, 235], [237, 238], [237, 244], [239, 240], [239, 241], [241, 232], [241, 242], [245, 246], [245, 247], [248, 249], [248, 250], [251, 252], [251, 253], [254, 255], [254, 256], [256, 232], [256, 257]]}, "_from_ai_cost": {"executed_lines": [265, 266, 267, 268, 269, 270, 271, 273, 274, 277], "summary": {"covered_lines": 10, "num_statements": 13, "percent_covered": 73.6842105263158, "percent_covered_display": "74", "missing_lines": 3, "excluded_lines": 0, "num_branches": 6, "num_partial_branches": 2, "covered_branches": 4, "missing_branches": 2}, "missing_lines": [272, 275, 276], "excluded_lines": [], "executed_branches": [[267, 268], [267, 277], [271, 273], [273, 274]], "missing_branches": [[271, 272], [273, 277]]}, "_from_benchmark": {"executed_lines": [282, 283, 284, 303], "summary": {"covered_lines": 4, "num_statements": 22, "percent_covered": 13.88888888888889, "percent_covered_display": "14", "missing_lines": 18, "excluded_lines": 0, "num_branches": 14, "num_partial_branches": 1, "covered_branches": 1, "missing_branches": 13}, "missing_lines": [285, 286, 287, 288, 289, 290, 291, 292, 293, 294, 295, 296, 297, 298, 299, 300, 301, 302], "excluded_lines": [], "executed_branches": [[284, 303]], "missing_branches": [[284, 285], [287, 288], [287, 295], [290, 291], [290, 303], [291, 290], [291, 292], [295, 296], [295, 303], [297, 298], [297, 303], [299, 300], [299, 303]]}, "_from_memory_profile": {"executed_lines": [308, 309, 310, 325], "summary": {"covered_lines": 4, "num_statements": 18, "percent_covered": 17.857142857142858, "percent_covered_display": "18", "missing_lines": 14, "excluded_lines": 0, "num_branches": 10, "num_partial_branches": 1, "covered_branches": 1, "missing_branches": 9}, "missing_lines": [311, 312, 313, 314, 315, 316, 317, 318, 319, 320, 321, 322, 323, 324], "excluded_lines": [], "executed_branches": [[310, 325]], "missing_branches": [[310, 311], [314, 315], [314, 316], [316, 317], [316, 318], [319, 320], [319, 321], [321, 322], [321, 325]]}, "_from_radon": {"executed_lines": [330, 331, 332, 333], "summary": {"covered_lines": 4, "num_statements": 15, "percent_covered": 21.73913043478261, "percent_covered_display": "22", "missing_lines": 11, "excluded_lines": 0, "num_branches": 8, "num_partial_branches": 1, "covered_branches": 1, "missing_branches": 7}, "missing_lines": [334, 335, 336, 337, 341, 342, 349, 350, 351, 352, 353], "excluded_lines": [], "executed_branches": [[332, 333]], "missing_branches": [[332, 334], [336, 337], [336, 353], [341, 342], [341, 349], [349, 350], [349, 353]]}, "_from_mypy": {"executed_lines": [358, 359, 360, 372], "summary": {"covered_lines": 4, "num_statements": 14, "percent_covered": 25.0, "percent_covered_display": "25", "missing_lines": 10, "excluded_lines": 0, "num_branches": 6, "num_partial_branches": 1, "covered_branches": 1, "missing_branches": 5}, "missing_lines": [361, 362, 363, 364, 365, 366, 368, 369, 370, 371], "excluded_lines": [], "executed_branches": [[360, 372]], "missing_branches": [[360, 361], [363, 364], [363, 365], [365, 366], [365, 368]]}, "_from_ruff": {"executed_lines": [377, 378, 379, 394], "summary": {"covered_lines": 4, "num_statements": 18, "percent_covered": 20.833333333333332, "percent_covered_display": "21", "missing_lines": 14, "excluded_lines": 0, "num_branches": 6, "num_partial_branches": 1, "covered_branches": 1, "missing_branches": 5}, "missing_lines": [380, 381, 382, 383, 384, 385, 386, 387, 388, 389, 390, 391, 392, 393], "excluded_lines": [], "executed_branches": [[379, 394]], "missing_branches": [[379, 380], [382, 383], [382, 389], [389, 390], [389, 394]]}, "_count_pylint_by_type": {"executed_lines": [], "summary": {"covered_lines": 0, "num_statements": 1, "percent_covered": 0.0, "percent_covered_display": "0", "missing_lines": 1, "excluded_lines": 0, "num_branches": 0, "num_partial_branches": 0, "covered_branches": 0, "missing_branches": 0}, "missing_lines": [399], "excluded_lines": [], "executed_branches": [], "missing_branches": []}, "_from_pylint": {"executed_lines": [407, 408, 409, 410], "summary": {"covered_lines": 4, "num_statements": 22, "percent_covered": 15.625, "percent_covered_display": "16", "missing_lines": 18, "excluded_lines": 0, "num_branches": 10, "num_partial_branches": 1, "covered_branches": 1, "missing_branches": 9}, "missing_lines": [411, 412, 413, 414, 415, 416, 417, 418, 419, 420, 421, 422, 423, 424, 425, 426, 427, 428], "excluded_lines": [], "executed_branches": [[409, 410]], "missing_branches": [[409, 411], [415, 416], [415, 420], [420, 421], [420, 428], [422, 423], [422, 424], [424, 425], [424, 426]]}, "_from_flake8": {"executed_lines": [433, 434, 435, 452], "summary": {"covered_lines": 4, "num_statements": 20, "percent_covered": 19.23076923076923, "percent_covered_display": "19", "missing_lines": 16, "excluded_lines": 0, "num_branches": 6, "num_partial_branches": 1, "covered_branches": 1, "missing_branches": 5}, "missing_lines": [436, 437, 438, 439, 440, 441, 442, 443, 444, 445, 446, 447, 448, 449, 450, 451], "excluded_lines": [], "executed_branches": [[435, 452]], "missing_branches": [[435, 436], [438, 439], [438, 447], [447, 448], [447, 452]]}, "_from_interrogate": {"executed_lines": [457, 458, 459, 478], "summary": {"covered_lines": 4, "num_statements": 22, "percent_covered": 14.705882352941176, "percent_covered_display": "15", "missing_lines": 18, "excluded_lines": 0, "num_branches": 12, "num_partial_branches": 1, "covered_branches": 1, "missing_branches": 11}, "missing_lines": [460, 461, 462, 463, 464, 465, 466, 467, 468, 469, 470, 471, 472, 473, 474, 475, 476, 477], "excluded_lines": [], "executed_branches": [[459, 478]], "missing_branches": [[459, 460], [463, 464], [463, 465], [465, 466], [465, 467], [468, 469], [468, 470], [471, 472], [471, 473], [473, 474], [473, 478]]}, "": {"executed_lines": [1, 7, 9, 10, 11, 14, 27, 45, 64, 86, 105, 126, 155, 178, 192, 211, 229, 263, 280, 306, 328, 356, 375, 397, 405, 431, 455, 483], "summary": {"covered_lines": 27, "num_statements": 27, "percent_covered": 100.0, "percent_covered_display": "100", "missing_lines": 0, "excluded_lines": 0, "num_branches": 0, "num_partial_branches": 0, "covered_branches": 0, "missing_branches": 0}, "missing_lines": [], "excluded_lines": [], "executed_branches": [], "missing_branches": []}}, "classes": {"": {"executed_lines": [1, 7, 9, 10, 11, 14, 16, 17, 18, 19, 20, 21, 24, 27, 29, 30, 34, 35, 36, 37, 38, 39, 40, 41, 42, 45, 47, 48, 49, 50, 51, 52, 53, 54, 61, 64, 66, 67, 68, 69, 70, 71, 72, 73, 74, 75, 77, 78, 79, 83, 86, 88, 89, 90, 102, 105, 107, 108, 109, 110, 111, 112, 113, 114, 115, 116, 117, 118, 119, 120, 121, 122, 123, 126, 128, 129, 130, 152, 155, 157, 158, 159, 175, 178, 180, 181, 182, 189, 192, 194, 195, 196, 208, 211, 213, 214, 215, 226, 229, 231, 232, 233, 234, 260, 263, 265, 266, 267, 268, 269, 270, 271, 273, 274, 277, 280, 282, 283, 284, 303, 306, 308, 309, 310, 325, 328, 330, 331, 332, 333, 356, 358, 359, 360, 372, 375, 377, 378, 379, 394, 397, 405, 407, 408, 409, 410, 431, 433, 434, 435, 452, 455, 457, 458, 459, 478, 483], "summary": {"covered_lines": 156, "num_statements": 384, "percent_covered": 37.17948717948718, "percent_covered_display": "37", "missing_lines": 228, "excluded_lines": 0, "num_branches": 162, "num_partial_branches": 23, "covered_branches": 47, "missing_branches": 115}, "missing_lines": [22, 23, 55, 56, 57, 58, 59, 60, 80, 81, 82, 91, 92, 93, 94, 95, 96, 97, 98, 99, 100, 101, 131, 132, 133, 134, 135, 136, 137, 138, 139, 140, 141, 142, 143, 144, 145, 146, 147, 148, 149, 150, 151, 160, 161, 162, 163, 164, 165, 166, 167, 172, 173, 174, 183, 184, 185, 186, 187, 188, 197, 198, 199, 200, 201, 202, 203, 204, 205, 206, 207, 216, 217, 218, 219, 220, 221, 222, 223, 224, 225, 235, 236, 237, 238, 239, 240, 241, 242, 244, 245, 246, 247, 248, 249, 250, 251, 252, 253, 254, 255, 256, 257, 258, 259, 272, 275, 276, 285, 286, 287, 288, 289, 290, 291, 292, 293, 294, 295, 296, 297, 298, 299, 300, 301, 302, 311, 312, 313, 314, 315, 316, 317, 318, 319, 320, 321, 322, 323, 324, 334, 335, 336, 337, 341, 342, 349, 350, 351, 352, 353, 361, 362, 363, 364, 365, 366, 368, 369, 370, 371, 380, 381, 382, 383, 384, 385, 386, 387, 388, 389, 390, 391, 392, 393, 399, 411, 412, 413, 414, 415, 416, 417, 418, 419, 420, 421, 422, 423, 424, 425, 426, 427, 428, 436, 437, 438, 439, 440, 441, 442, 443, 444, 445, 446, 447, 448, 449, 450, 451, 460, 461, 462, 463, 464, 465, 466, 467, 468, 469, 470, 471, 472, 473, 474, 475, 476, 477], "excluded_lines": [], "executed_branches": [[16, 17], [16, 24], [17, 16], [17, 18], [19, 17], [19, 20], [34, 35], [34, 36], [37, 38], [40, 41], [49, 50], [49, 53], [51, 52], [54, 61], [68, 69], [68, 70], [70, 71], [70, 83], [74, 75], [79, 83], [90, 102], [109, 110], [109, 123], [112, 113], [112, 123], [115, 116], [115, 118], [130, 152], [159, 175], [182, 189], [196, 208], [215, 226], [232, 233], [232, 260], [234, 232], [267, 268], [267, 277], [271, 273], [273, 274], [284, 303], [310, 325], [332, 333], [360, 372], [379, 394], [409, 410], [435, 452], [459, 478]], "missing_branches": [[37, 39], [40, 42], [51, 53], [54, 55], [57, 58], [57, 61], [74, 77], [79, 80], [90, 91], [130, 131], [133, 134], [133, 141], [141, 142], [141, 152], [159, 160], [165, 166], [165, 167], [182, 183], [185, 186], [185, 189], [196, 197], [200, 201], [200, 202], [202, 203], [202, 204], [204, 205], [204, 208], [215, 216], [219, 220], [219, 221], [222, 223], [222, 226], [234, 235], [237, 238], [237, 244], [239, 240], [239, 241], [241, 232], [241, 242], [245, 246], [245, 247], [248, 249], [248, 250], [251, 252], [251, 253], [254, 255], [254, 256], [256, 232], [256, 257], [271, 272], [273, 277], [284, 285], [287, 288], [287, 295], [290, 291], [290, 303], [291, 290], [291, 292], [295, 296], [295, 303], [297, 298], [297, 303], [299, 300], [299, 303], [310, 311], [314, 315], [314, 316], [316, 317], [316, 318], [319, 320], [319, 321], [321, 322], [321, 325], [332, 334], [336, 337], [336, 353], [341, 342], [341, 349], [349, 350], [349, 353], [360, 361], [363, 364], [363, 365], [365, 366], [365, 368], [379, 380], [382, 383], [382, 389], [389, 390], [389, 394], [409, 411], [415, 416], [415, 420], [420, 421], [420, 428], [422, 423], [422, 424], [424, 425], [424, 426], [435, 436], [438, 439], [438, 447], [447, 448], [447, 452], [459, 460], [463, 464], [463, 465], [465, 466], [465, 467], [468, 469], [468, 470], [471, 472], [471, 473], [473, 474], [473, 478]]}}}, "pyqual/_plugin_base.py": {"executed_lines": [1, 6, 8, 9, 10, 11, 14, 15, 16, 17, 18, 19, 20, 21, 22, 24, 25, 26, 29, 30, 32, 33, 39, 40, 44, 57, 58, 60, 62, 63, 65, 66, 68, 69, 71, 73, 74, 76, 77, 79, 81, 82], "summary": {"covered_lines": 38, "num_statements": 44, "percent_covered": 82.0, "percent_covered_display": "82", "missing_lines": 6, "excluded_lines": 2, "num_branches": 6, "num_partial_branches": 1, "covered_branches": 3, "missing_branches": 3}, "missing_lines": [46, 78, 84, 85, 86, 87], "excluded_lines": [42, 43], "executed_branches": [[25, -24], [25, 26], [77, 79]], "missing_branches": [[77, 78], [85, 86], [85, 87]], "functions": {"PluginMetadata.__post_init__": {"executed_lines": [25, 26], "summary": {"covered_lines": 2, "num_statements": 2, "percent_covered": 100.0, "percent_covered_display": "100", "missing_lines": 0, "excluded_lines": 0, "num_branches": 2, "num_partial_branches": 0, "covered_branches": 2, "missing_branches": 0}, "missing_lines": [], "excluded_lines": [], "executed_branches": [[25, -24], [25, 26]], "missing_branches": []}, "MetricCollector.collect": {"executed_lines": [], "summary": {"covered_lines": 0, "num_statements": 0, "percent_covered": 100.0, "percent_covered_display": "100", "missing_lines": 0, "excluded_lines": 1, "num_branches": 0, "num_partial_branches": 0, "covered_branches": 0, "missing_branches": 0}, "missing_lines": [], "excluded_lines": [42], "executed_branches": [], "missing_branches": []}, "MetricCollector.get_config_example": {"executed_lines": [], "summary": {"covered_lines": 0, "num_statements": 1, "percent_covered": 0.0, "percent_covered_display": "0", "missing_lines": 1, "excluded_lines": 0, "num_branches": 0, "num_partial_branches": 0, "covered_branches": 0, "missing_branches": 0}, "missing_lines": [46], "excluded_lines": [], "executed_branches": [], "missing_branches": []}, "PluginRegistry.register": {"executed_lines": [65, 66], "summary": {"covered_lines": 2, "num_statements": 2, "percent_covered": 100.0, "percent_covered_display": "100", "missing_lines": 0, "excluded_lines": 0, "num_branches": 0, "num_partial_branches": 0, "covered_branches": 0, "missing_branches": 0}, "missing_lines": [], "excluded_lines": [], "executed_branches": [], "missing_branches": []}, "PluginRegistry.get": {"executed_lines": [71], "summary": {"covered_lines": 1, "num_statements": 1, "percent_covered": 100.0, "percent_covered_display": "100", "missing_lines": 0, "excluded_lines": 0, "num_branches": 0, "num_partial_branches": 0, "covered_branches": 0, "missing_branches": 0}, "missing_lines": [], "excluded_lines": [], "executed_branches": [], "missing_branches": []}, "PluginRegistry.list_plugins": {"executed_lines": [76, 77, 79], "summary": {"covered_lines": 3, "num_statements": 4, "percent_covered": 66.66666666666667, "percent_covered_display": "67", "missing_lines": 1, "excluded_lines": 0, "num_branches": 2, "num_partial_branches": 1, "covered_branches": 1, "missing_branches": 1}, "missing_lines": [78], "excluded_lines": [], "executed_branches": [[77, 79]], "missing_branches": [[77, 78]]}, "PluginRegistry.create_instance": {"executed_lines": [], "summary": {"covered_lines": 0, "num_statements": 4, "percent_covered": 0.0, "percent_covered_display": "0", "missing_lines": 4, "excluded_lines": 0, "num_branches": 2, "num_partial_branches": 0, "covered_branches": 0, "missing_branches": 2}, "missing_lines": [84, 85, 86, 87], "excluded_lines": [], "executed_branches": [], "missing_branches": [[85, 86], [85, 87]]}, "": {"executed_lines": [1, 6, 8, 9, 10, 11, 14, 15, 16, 17, 18, 19, 20, 21, 22, 24, 29, 30, 32, 33, 39, 40, 44, 57, 58, 60, 62, 63, 68, 69, 73, 74, 81, 82], "summary": {"covered_lines": 30, "num_statements": 30, "percent_covered": 100.0, "percent_covered_display": "100", "missing_lines": 0, "excluded_lines": 1, "num_branches": 0, "num_partial_branches": 0, "covered_branches": 0, "missing_branches": 0}, "missing_lines": [], "excluded_lines": [43], "executed_branches": [], "missing_branches": []}}, "classes": {"PluginMetadata": {"executed_lines": [25, 26], "summary": {"covered_lines": 2, "num_statements": 2, "percent_covered": 100.0, "percent_covered_display": "100", "missing_lines": 0, "excluded_lines": 0, "num_branches": 2, "num_partial_branches": 0, "covered_branches": 2, "missing_branches": 0}, "missing_lines": [], "excluded_lines": [], "executed_branches": [[25, -24], [25, 26]], "missing_branches": []}, "MetricCollector": {"executed_lines": [], "summary": {"covered_lines": 0, "num_statements": 1, "percent_covered": 0.0, "percent_covered_display": "0", "missing_lines": 1, "excluded_lines": 1, "num_branches": 0, "num_partial_branches": 0, "covered_branches": 0, "missing_branches": 0}, "missing_lines": [46], "excluded_lines": [42], "executed_branches": [], "missing_branches": []}, "PluginRegistry": {"executed_lines": [65, 66, 71, 76, 77, 79], "summary": {"covered_lines": 6, "num_statements": 11, "percent_covered": 46.666666666666664, "percent_covered_display": "47", "missing_lines": 5, "excluded_lines": 0, "num_branches": 4, "num_partial_branches": 1, "covered_branches": 1, "missing_branches": 3}, "missing_lines": [78, 84, 85, 86, 87], "excluded_lines": [], "executed_branches": [[77, 79]], "missing_branches": [[77, 78], [85, 86], [85, 87]]}, "": {"executed_lines": [1, 6, 8, 9, 10, 11, 14, 15, 16, 17, 18, 19, 20, 21, 22, 24, 29, 30, 32, 33, 39, 40, 44, 57, 58, 60, 62, 63, 68, 69, 73, 74, 81, 82], "summary": {"covered_lines": 30, "num_statements": 30, "percent_covered": 100.0, "percent_covered_display": "100", "missing_lines": 0, "excluded_lines": 1, "num_branches": 0, "num_partial_branches": 0, "covered_branches": 0, "missing_branches": 0}, "missing_lines": [], "excluded_lines": [43], "executed_branches": [], "missing_branches": []}}}, "pyqual/api.py": {"executed_lines": [1, 17, 19, 20, 21, 22, 23, 25, 26, 27, 28, 30, 32, 49, 68, 75, 115, 152, 178, 192, 205, 298, 321, 354, 411, 412, 414, 415, 450, 451, 474, 475, 500, 503], "summary": {"covered_lines": 32, "num_statements": 116, "percent_covered": 23.529411764705884, "percent_covered_display": "24", "missing_lines": 84, "excluded_lines": 0, "num_branches": 20, "num_partial_branches": 0, "covered_branches": 0, "missing_branches": 20}, "missing_lines": [63, 64, 65, 70, 71, 72, 90, 92, 93, 94, 96, 97, 99, 110, 111, 112, 140, 149, 174, 175, 188, 189, 202, 234, 235, 237, 239, 240, 241, 242, 243, 244, 245, 247, 249, 251, 252, 253, 254, 264, 265, 274, 275, 276, 285, 286, 287, 315, 316, 317, 318, 330, 337, 338, 339, 340, 341, 342, 344, 345, 346, 347, 348, 349, 351, 367, 368, 370, 406, 407, 408, 436, 438, 468, 469, 470, 471, 472, 492, 493, 494, 495, 496, 519], "excluded_lines": [], "executed_branches": [], "missing_branches": [[93, 94], [93, 96], [96, 97], [96, 99], [239, 240], [239, 244], [241, 242], [241, 243], [244, 245], [244, 247], [316, 317], [316, 318], [337, 338], [337, 351], [339, 340], [339, 344], [344, 345], [344, 349], [346, 347], [346, 349]], "functions": {"load_config": {"executed_lines": [], "summary": {"covered_lines": 0, "num_statements": 3, "percent_covered": 0.0, "percent_covered_display": "0", "missing_lines": 3, "excluded_lines": 0, "num_branches": 0, "num_partial_branches": 0, "covered_branches": 0, "missing_branches": 0}, "missing_lines": [63, 64, 65], "excluded_lines": [], "executed_branches": [], "missing_branches": []}, "validate_config": {"executed_lines": [], "summary": {"covered_lines": 0, "num_statements": 3, "percent_covered": 0.0, "percent_covered_display": "0", "missing_lines": 3, "excluded_lines": 0, "num_branches": 0, "num_partial_branches": 0, "covered_branches": 0, "missing_branches": 0}, "missing_lines": [70, 71, 72], "excluded_lines": [], "executed_branches": [], "missing_branches": []}, "create_default_config": {"executed_lines": [], "summary": {"covered_lines": 0, "num_statements": 10, "percent_covered": 0.0, "percent_covered_display": "0", "missing_lines": 10, "excluded_lines": 0, "num_branches": 4, "num_partial_branches": 0, "covered_branches": 0, "missing_branches": 4}, "missing_lines": [90, 92, 93, 94, 96, 97, 99, 110, 111, 112], "excluded_lines": [], "executed_branches": [], "missing_branches": [[93, 94], [93, 96], [96, 97], [96, 99]]}, "run": {"executed_lines": [], "summary": {"covered_lines": 0, "num_statements": 2, "percent_covered": 0.0, "percent_covered_display": "0", "missing_lines": 2, "excluded_lines": 0, "num_branches": 0, "num_partial_branches": 0, "covered_branches": 0, "missing_branches": 0}, "missing_lines": [140, 149], "excluded_lines": [], "executed_branches": [], "missing_branches": []}, "run_pipeline": {"executed_lines": [], "summary": {"covered_lines": 0, "num_statements": 2, "percent_covered": 0.0, "percent_covered_display": "0", "missing_lines": 2, "excluded_lines": 0, "num_branches": 0, "num_partial_branches": 0, "covered_branches": 0, "missing_branches": 0}, "missing_lines": [174, 175], "excluded_lines": [], "executed_branches": [], "missing_branches": []}, "check_gates": {"executed_lines": [], "summary": {"covered_lines": 0, "num_statements": 2, "percent_covered": 0.0, "percent_covered_display": "0", "missing_lines": 2, "excluded_lines": 0, "num_branches": 0, "num_partial_branches": 0, "covered_branches": 0, "missing_branches": 0}, "missing_lines": [188, 189], "excluded_lines": [], "executed_branches": [], "missing_branches": []}, "dry_run": {"executed_lines": [], "summary": {"covered_lines": 0, "num_statements": 1, "percent_covered": 0.0, "percent_covered_display": "0", "missing_lines": 1, "excluded_lines": 0, "num_branches": 0, "num_partial_branches": 0, "covered_branches": 0, "missing_branches": 0}, "missing_lines": [202], "excluded_lines": [], "executed_branches": [], "missing_branches": []}, "run_stage": {"executed_lines": [], "summary": {"covered_lines": 0, "num_statements": 24, "percent_covered": 0.0, "percent_covered_display": "0", "missing_lines": 24, "excluded_lines": 0, "num_branches": 6, "num_partial_branches": 0, "covered_branches": 0, "missing_branches": 6}, "missing_lines": [234, 235, 237, 239, 240, 241, 242, 243, 244, 245, 247, 249, 251, 252, 253, 254, 264, 265, 274, 275, 276, 285, 286, 287], "excluded_lines": [], "executed_branches": [], "missing_branches": [[239, 240], [239, 244], [241, 242], [241, 243], [244, 245], [244, 247]]}, "get_tool_command": {"executed_lines": [], "summary": {"covered_lines": 0, "num_statements": 4, "percent_covered": 0.0, "percent_covered_display": "0", "missing_lines": 4, "excluded_lines": 0, "num_branches": 2, "num_partial_branches": 0, "covered_branches": 0, "missing_branches": 2}, "missing_lines": [315, 316, 317, 318], "excluded_lines": [], "executed_branches": [], "missing_branches": [[316, 317], [316, 318]]}, "format_result_summary": {"executed_lines": [], "summary": {"covered_lines": 0, "num_statements": 14, "percent_covered": 0.0, "percent_covered_display": "0", "missing_lines": 14, "excluded_lines": 0, "num_branches": 8, "num_partial_branches": 0, "covered_branches": 0, "missing_branches": 8}, "missing_lines": [330, 337, 338, 339, 340, 341, 342, 344, 345, 346, 347, 348, 349, 351], "excluded_lines": [], "executed_branches": [], "missing_branches": [[337, 338], [337, 351], [339, 340], [339, 344], [344, 345], [344, 349], [346, 347], [346, 349]]}, "export_results_json": {"executed_lines": [], "summary": {"covered_lines": 0, "num_statements": 6, "percent_covered": 0.0, "percent_covered_display": "0", "missing_lines": 6, "excluded_lines": 0, "num_branches": 0, "num_partial_branches": 0, "covered_branches": 0, "missing_branches": 0}, "missing_lines": [367, 368, 370, 406, 407, 408], "excluded_lines": [], "executed_branches": [], "missing_branches": []}, "ShellHelper.run": {"executed_lines": [], "summary": {"covered_lines": 0, "num_statements": 2, "percent_covered": 0.0, "percent_covered_display": "0", "missing_lines": 2, "excluded_lines": 0, "num_branches": 0, "num_partial_branches": 0, "covered_branches": 0, "missing_branches": 0}, "missing_lines": [436, 438], "excluded_lines": [], "executed_branches": [], "missing_branches": []}, "ShellHelper.check": {"executed_lines": [], "summary": {"covered_lines": 0, "num_statements": 5, "percent_covered": 0.0, "percent_covered_display": "0", "missing_lines": 5, "excluded_lines": 0, "num_branches": 0, "num_partial_branches": 0, "covered_branches": 0, "missing_branches": 0}, "missing_lines": [468, 469, 470, 471, 472], "excluded_lines": [], "executed_branches": [], "missing_branches": []}, "ShellHelper.output": {"executed_lines": [], "summary": {"covered_lines": 0, "num_statements": 5, "percent_covered": 0.0, "percent_covered_display": "0", "missing_lines": 5, "excluded_lines": 0, "num_branches": 0, "num_partial_branches": 0, "covered_branches": 0, "missing_branches": 0}, "missing_lines": [492, 493, 494, 495, 496], "excluded_lines": [], "executed_branches": [], "missing_branches": []}, "shell_check": {"executed_lines": [], "summary": {"covered_lines": 0, "num_statements": 1, "percent_covered": 0.0, "percent_covered_display": "0", "missing_lines": 1, "excluded_lines": 0, "num_branches": 0, "num_partial_branches": 0, "covered_branches": 0, "missing_branches": 0}, "missing_lines": [519], "excluded_lines": [], "executed_branches": [], "missing_branches": []}, "": {"executed_lines": [1, 17, 19, 20, 21, 22, 23, 25, 26, 27, 28, 30, 32, 49, 68, 75, 115, 152, 178, 192, 205, 298, 321, 354, 411, 412, 414, 415, 450, 451, 474, 475, 500, 503], "summary": {"covered_lines": 32, "num_statements": 32, "percent_covered": 100.0, "percent_covered_display": "100", "missing_lines": 0, "excluded_lines": 0, "num_branches": 0, "num_partial_branches": 0, "covered_branches": 0, "missing_branches": 0}, "missing_lines": [], "excluded_lines": [], "executed_branches": [], "missing_branches": []}}, "classes": {"ShellHelper": {"executed_lines": [], "summary": {"covered_lines": 0, "num_statements": 12, "percent_covered": 0.0, "percent_covered_display": "0", "missing_lines": 12, "excluded_lines": 0, "num_branches": 0, "num_partial_branches": 0, "covered_branches": 0, "missing_branches": 0}, "missing_lines": [436, 438, 468, 469, 470, 471, 472, 492, 493, 494, 495, 496], "excluded_lines": [], "executed_branches": [], "missing_branches": []}, "": {"executed_lines": [1, 17, 19, 20, 21, 22, 23, 25, 26, 27, 28, 30, 32, 49, 68, 75, 115, 152, 178, 192, 205, 298, 321, 354, 411, 412, 414, 415, 450, 451, 474, 475, 500, 503], "summary": {"covered_lines": 32, "num_statements": 104, "percent_covered": 25.806451612903224, "percent_covered_display": "26", "missing_lines": 72, "excluded_lines": 0, "num_branches": 20, "num_partial_branches": 0, "covered_branches": 0, "missing_branches": 20}, "missing_lines": [63, 64, 65, 70, 71, 72, 90, 92, 93, 94, 96, 97, 99, 110, 111, 112, 140, 149, 174, 175, 188, 189, 202, 234, 235, 237, 239, 240, 241, 242, 243, 244, 245, 247, 249, 251, 252, 253, 254, 264, 265, 274, 275, 276, 285, 286, 287, 315, 316, 317, 318, 330, 337, 338, 339, 340, 341, 342, 344, 345, 346, 347, 348, 349, 351, 367, 368, 370, 406, 407, 408, 519], "excluded_lines": [], "executed_branches": [], "missing_branches": [[93, 94], [93, 96], [96, 97], [96, 99], [239, 240], [239, 244], [241, 242], [241, 243], [244, 245], [244, 247], [316, 317], [316, 318], [337, 338], [337, 351], [339, 340], [339, 344], [344, 345], [344, 349], [346, 347], [346, 349]]}}}, "pyqual/auto_closer.py": {"executed_lines": [], "summary": {"covered_lines": 0, "num_statements": 108, "percent_covered": 0.0, "percent_covered_display": "0", "missing_lines": 108, "excluded_lines": 0, "num_branches": 32, "num_partial_branches": 0, "covered_branches": 0, "missing_branches": 32}, "missing_lines": [14, 15, 16, 17, 18, 20, 23, 25, 27, 31, 34, 38, 39, 40, 41, 42, 43, 46, 48, 49, 53, 56, 60, 61, 62, 63, 66, 68, 69, 70, 72, 88, 89, 90, 91, 94, 95, 96, 98, 99, 100, 102, 103, 104, 105, 106, 107, 108, 109, 112, 113, 114, 116, 117, 118, 120, 122, 123, 124, 125, 126, 127, 128, 130, 131, 132, 133, 134, 135, 137, 138, 139, 140, 141, 143, 144, 146, 147, 148, 149, 151, 152, 154, 155, 158, 162, 163, 164, 165, 167, 175, 178, 179, 180, 182, 183, 184, 185, 192, 193, 195, 198, 199, 201, 202, 204, 207, 208], "excluded_lines": [], "executed_branches": [], "missing_branches": [[38, 39], [38, 41], [39, 38], [39, 40], [98, 99], [98, 102], [116, 117], [116, 120], [138, 139], [138, 201], [140, 141], [140, 143], [143, 144], [143, 146], [148, 149], [148, 151], [151, 152], [151, 154], [154, 138], [154, 155], [163, 164], [163, 198], [179, 180], [179, 182], [183, 184], [183, 185], [192, 193], [192, 195], [201, 202], [201, 204], [207, -1], [207, 208]], "functions": {"get_changed_files": {"executed_lines": [], "summary": {"covered_lines": 0, "num_statements": 10, "percent_covered": 0.0, "percent_covered_display": "0", "missing_lines": 10, "excluded_lines": 0, "num_branches": 4, "num_partial_branches": 0, "covered_branches": 0, "missing_branches": 4}, "missing_lines": [25, 27, 31, 34, 38, 39, 40, 41, 42, 43], "excluded_lines": [], "executed_branches": [], "missing_branches": [[38, 39], [38, 41], [39, 38], [39, 40]]}, "get_diff_content": {"executed_lines": [], "summary": {"covered_lines": 0, "num_statements": 8, "percent_covered": 0.0, "percent_covered_display": "0", "missing_lines": 8, "excluded_lines": 0, "num_branches": 0, "num_partial_branches": 0, "covered_branches": 0, "missing_branches": 0}, "missing_lines": [48, 49, 53, 56, 60, 61, 62, 63], "excluded_lines": [], "executed_branches": [], "missing_branches": []}, "evaluate_with_llm": {"executed_lines": [], "summary": {"covered_lines": 0, "num_statements": 8, "percent_covered": 0.0, "percent_covered_display": "0", "missing_lines": 8, "excluded_lines": 0, "num_branches": 0, "num_partial_branches": 0, "covered_branches": 0, "missing_branches": 0}, "missing_lines": [68, 69, 70, 72, 88, 89, 90, 91], "excluded_lines": [], "executed_branches": [], "missing_branches": []}, "main": {"executed_lines": [], "summary": {"covered_lines": 0, "num_statements": 70, "percent_covered": 0.0, "percent_covered_display": "0", "missing_lines": 70, "excluded_lines": 0, "num_branches": 26, "num_partial_branches": 0, "covered_branches": 0, "missing_branches": 26}, "missing_lines": [95, 96, 98, 99, 100, 102, 103, 104, 105, 106, 107, 108, 109, 112, 113, 114, 116, 117, 118, 120, 122, 123, 124, 125, 126, 127, 128, 130, 131, 132, 133, 134, 135, 137, 138, 139, 140, 141, 143, 144, 146, 147, 148, 149, 151, 152, 154, 155, 158, 162, 163, 164, 165, 167, 175, 178, 179, 180, 182, 183, 184, 185, 192, 193, 195, 198, 199, 201, 202, 204], "excluded_lines": [], "executed_branches": [], "missing_branches": [[98, 99], [98, 102], [116, 117], [116, 120], [138, 139], [138, 201], [140, 141], [140, 143], [143, 144], [143, 146], [148, 149], [148, 151], [151, 152], [151, 154], [154, 138], [154, 155], [163, 164], [163, 198], [179, 180], [179, 182], [183, 184], [183, 185], [192, 193], [192, 195], [201, 202], [201, 204]]}, "": {"executed_lines": [], "summary": {"covered_lines": 0, "num_statements": 12, "percent_covered": 0.0, "percent_covered_display": "0", "missing_lines": 12, "excluded_lines": 0, "num_branches": 2, "num_partial_branches": 0, "covered_branches": 0, "missing_branches": 2}, "missing_lines": [14, 15, 16, 17, 18, 20, 23, 46, 66, 94, 207, 208], "excluded_lines": [], "executed_branches": [], "missing_branches": [[207, -1], [207, 208]]}}, "classes": {"": {"executed_lines": [], "summary": {"covered_lines": 0, "num_statements": 108, "percent_covered": 0.0, "percent_covered_display": "0", "missing_lines": 108, "excluded_lines": 0, "num_branches": 32, "num_partial_branches": 0, "covered_branches": 0, "missing_branches": 32}, "missing_lines": [14, 15, 16, 17, 18, 20, 23, 25, 27, 31, 34, 38, 39, 40, 41, 42, 43, 46, 48, 49, 53, 56, 60, 61, 62, 63, 66, 68, 69, 70, 72, 88, 89, 90, 91, 94, 95, 96, 98, 99, 100, 102, 103, 104, 105, 106, 107, 108, 109, 112, 113, 114, 116, 117, 118, 120, 122, 123, 124, 125, 126, 127, 128, 130, 131, 132, 133, 134, 135, 137, 138, 139, 140, 141, 143, 144, 146, 147, 148, 149, 151, 152, 154, 155, 158, 162, 163, 164, 165, 167, 175, 178, 179, 180, 182, 183, 184, 185, 192, 193, 195, 198, 199, 201, 202, 204, 207, 208], "excluded_lines": [], "executed_branches": [], "missing_branches": [[38, 39], [38, 41], [39, 38], [39, 40], [98, 99], [98, 102], [116, 117], [116, 120], [138, 139], [138, 201], [140, 141], [140, 143], [143, 144], [143, 146], [148, 149], [148, 151], [151, 152], [151, 154], [154, 138], [154, 155], [163, 164], [163, 198], [179, 180], [179, 182], [183, 184], [183, 185], [192, 193], [192, 195], [201, 202], [201, 204], [207, -1], [207, 208]]}}}, "pyqual/builtin_collectors.py": {"executed_lines": [1, 3, 5, 6, 7, 9, 13, 16, 17, 18, 20, 21, 38, 39, 40, 41, 52, 53, 64, 67, 68, 69, 71, 72, 93, 94, 95, 96, 113, 116, 117, 118, 120, 121, 137, 138, 139, 140, 152, 155, 156, 157, 159, 160, 175, 176, 177, 178, 189, 192, 193, 194, 196, 197, 212, 213, 214, 215, 224, 227, 228, 229, 231, 232, 249, 250, 251, 252, 253, 267, 270, 271, 272, 274, 275, 294, 295, 296, 297, 298, 308, 309, 310, 324, 327, 328, 329, 331, 332, 356, 357, 358, 360, 361, 363, 364, 365, 366, 369, 371, 372, 373, 375, 376, 380, 381, 382, 384, 386, 387, 389, 390, 391, 392, 393, 394, 395, 396, 397, 399, 400, 402, 403, 405, 406, 407, 408, 411, 412, 413, 414, 415, 416, 418, 420, 422, 423, 424, 425, 426, 427, 428, 430, 431, 432, 433, 434, 435, 436], "summary": {"covered_lines": 140, "num_statements": 252, "percent_covered": 49.7093023255814, "percent_covered_display": "50", "missing_lines": 112, "excluded_lines": 0, "num_branches": 92, "num_partial_branches": 23, "covered_branches": 31, "missing_branches": 61}, "missing_lines": [42, 43, 44, 45, 46, 47, 48, 49, 50, 51, 54, 55, 56, 57, 58, 59, 60, 61, 62, 63, 97, 98, 99, 100, 101, 102, 103, 104, 105, 106, 107, 108, 109, 110, 111, 112, 141, 142, 143, 144, 145, 146, 147, 148, 149, 150, 151, 179, 180, 181, 182, 183, 184, 185, 186, 187, 188, 216, 217, 218, 219, 220, 221, 222, 223, 254, 255, 256, 257, 258, 259, 260, 261, 262, 263, 264, 265, 266, 299, 300, 301, 302, 303, 304, 305, 306, 307, 311, 312, 313, 314, 315, 316, 318, 319, 320, 321, 322, 323, 359, 367, 368, 374, 377, 378, 383, 388, 401, 404, 409, 410, 429], "excluded_lines": [], "executed_branches": [[41, 52], [53, 64], [96, 113], [140, 152], [178, 189], [215, 224], [251, 252], [251, 267], [253, 251], [296, 297], [296, 308], [298, 296], [308, 309], [308, 324], [310, 308], [358, 360], [373, 375], [382, 384], [387, 389], [390, 391], [394, 395], [396, 397], [400, 402], [403, 405], [407, 408], [412, 413], [415, 416], [425, 426], [425, 427], [428, 430], [431, 432]], "missing_branches": [[41, 42], [45, 46], [45, 47], [48, 49], [48, 52], [53, 54], [57, 58], [57, 59], [60, 61], [60, 64], [96, 97], [100, 101], [100, 102], [103, 104], [103, 105], [106, 107], [106, 108], [109, 110], [109, 113], [140, 141], [146, 147], [146, 148], [178, 179], [182, 183], [182, 184], [185, 186], [185, 189], [215, 216], [253, 254], [257, 258], [257, 259], [260, 261], [260, 262], [263, 251], [263, 264], [298, 299], [301, 302], [301, 303], [303, 296], [303, 304], [310, 311], [313, 314], [313, 315], [315, 316], [315, 318], [358, 359], [373, 374], [382, 383], [387, 388], [390, 393], [394, -386], [396, -386], [400, 401], [403, 404], [407, 409], [409, 410], [409, 411], [412, 414], [415, -399], [428, 429], [431, 433]], "functions": {"LLMBenchCollector.collect": {"executed_lines": [39, 40, 41, 52, 53, 64], "summary": {"covered_lines": 6, "num_statements": 26, "percent_covered": 21.05263157894737, "percent_covered_display": "21", "missing_lines": 20, "excluded_lines": 0, "num_branches": 12, "num_partial_branches": 2, "covered_branches": 2, "missing_branches": 10}, "missing_lines": [42, 43, 44, 45, 46, 47, 48, 49, 50, 51, 54, 55, 56, 57, 58, 59, 60, 61, 62, 63], "excluded_lines": [], "executed_branches": [[41, 52], [53, 64]], "missing_branches": [[41, 42], [45, 46], [45, 47], [48, 49], [48, 52], [53, 54], [57, 58], [57, 59], [60, 61], [60, 64]]}, "HallucinationCollector.collect": {"executed_lines": [94, 95, 96, 113], "summary": {"covered_lines": 4, "num_statements": 20, "percent_covered": 16.666666666666668, "percent_covered_display": "17", "missing_lines": 16, "excluded_lines": 0, "num_branches": 10, "num_partial_branches": 1, "covered_branches": 1, "missing_branches": 9}, "missing_lines": [97, 98, 99, 100, 101, 102, 103, 104, 105, 106, 107, 108, 109, 110, 111, 112], "excluded_lines": [], "executed_branches": [[96, 113]], "missing_branches": [[96, 97], [100, 101], [100, 102], [103, 104], [103, 105], [106, 107], [106, 108], [109, 110], [109, 113]]}, "SBOMCollector.collect": {"executed_lines": [138, 139, 140, 152], "summary": {"covered_lines": 4, "num_statements": 15, "percent_covered": 26.31578947368421, "percent_covered_display": "26", "missing_lines": 11, "excluded_lines": 0, "num_branches": 4, "num_partial_branches": 1, "covered_branches": 1, "missing_branches": 3}, "missing_lines": [141, 142, 143, 144, 145, 146, 147, 148, 149, 150, 151], "excluded_lines": [], "executed_branches": [[140, 152]], "missing_branches": [[140, 141], [146, 147], [146, 148]]}, "I18nCollector.collect": {"executed_lines": [176, 177, 178, 189], "summary": {"covered_lines": 4, "num_statements": 14, "percent_covered": 25.0, "percent_covered_display": "25", "missing_lines": 10, "excluded_lines": 0, "num_branches": 6, "num_partial_branches": 1, "covered_branches": 1, "missing_branches": 5}, "missing_lines": [179, 180, 181, 182, 183, 184, 185, 186, 187, 188], "excluded_lines": [], "executed_branches": [[178, 189]], "missing_branches": [[178, 179], [182, 183], [182, 184], [185, 186], [185, 189]]}, "A11yCollector.collect": {"executed_lines": [213, 214, 215, 224], "summary": {"covered_lines": 4, "num_statements": 12, "percent_covered": 35.714285714285715, "percent_covered_display": "36", "missing_lines": 8, "excluded_lines": 0, "num_branches": 2, "num_partial_branches": 1, "covered_branches": 1, "missing_branches": 1}, "missing_lines": [216, 217, 218, 219, 220, 221, 222, 223], "excluded_lines": [], "executed_branches": [[215, 224]], "missing_branches": [[215, 216]]}, "RepoMetricsCollector.collect": {"executed_lines": [250, 251, 252, 253, 267], "summary": {"covered_lines": 5, "num_statements": 18, "percent_covered": 28.571428571428573, "percent_covered_display": "29", "missing_lines": 13, "excluded_lines": 0, "num_branches": 10, "num_partial_branches": 1, "covered_branches": 3, "missing_branches": 7}, "missing_lines": [254, 255, 256, 257, 258, 259, 260, 261, 262, 263, 264, 265, 266], "excluded_lines": [], "executed_branches": [[251, 252], [251, 267], [253, 251]], "missing_branches": [[253, 254], [257, 258], [257, 259], [260, 261], [260, 262], [263, 251], [263, 264]]}, "SecurityCollector.collect": {"executed_lines": [295, 296, 297, 298, 308, 309, 310, 324], "summary": {"covered_lines": 8, "num_statements": 29, "percent_covered": 31.11111111111111, "percent_covered_display": "31", "missing_lines": 21, "excluded_lines": 0, "num_branches": 16, "num_partial_branches": 2, "covered_branches": 6, "missing_branches": 10}, "missing_lines": [299, 300, 301, 302, 303, 304, 305, 306, 307, 311, 312, 313, 314, 315, 316, 318, 319, 320, 321, 322, 323], "excluded_lines": [], "executed_branches": [[296, 297], [296, 308], [298, 296], [308, 309], [308, 324], [310, 308]], "missing_branches": [[298, 299], [301, 302], [301, 303], [303, 296], [303, 304], [310, 311], [313, 314], [313, 315], [315, 316], [315, 318]]}, "LlxMcpFixCollector._tier_rank": {"executed_lines": [358, 360, 361], "summary": {"covered_lines": 3, "num_statements": 4, "percent_covered": 66.66666666666667, "percent_covered_display": "67", "missing_lines": 1, "excluded_lines": 0, "num_branches": 2, "num_partial_branches": 1, "covered_branches": 1, "missing_branches": 1}, "missing_lines": [359], "excluded_lines": [], "executed_branches": [[358, 360]], "missing_branches": [[358, 359]]}, "LlxMcpFixCollector._load_report": {"executed_lines": [365, 366, 369], "summary": {"covered_lines": 3, "num_statements": 5, "percent_covered": 60.0, "percent_covered_display": "60", "missing_lines": 2, "excluded_lines": 0, "num_branches": 0, "num_partial_branches": 0, "covered_branches": 0, "missing_branches": 0}, "missing_lines": [367, 368], "excluded_lines": [], "executed_branches": [], "missing_branches": []}, "LlxMcpFixCollector._assign_float": {"executed_lines": [373, 375, 376], "summary": {"covered_lines": 3, "num_statements": 6, "percent_covered": 50.0, "percent_covered_display": "50", "missing_lines": 3, "excluded_lines": 0, "num_branches": 2, "num_partial_branches": 1, "covered_branches": 1, "missing_branches": 1}, "missing_lines": [374, 377, 378], "excluded_lines": [], "executed_branches": [[373, 375]], "missing_branches": [[373, 374]]}, "LlxMcpFixCollector._count_lines": {"executed_lines": [382, 384], "summary": {"covered_lines": 2, "num_statements": 3, "percent_covered": 60.0, "percent_covered_display": "60", "missing_lines": 1, "excluded_lines": 0, "num_branches": 2, "num_partial_branches": 1, "covered_branches": 1, "missing_branches": 1}, "missing_lines": [383], "excluded_lines": [], "executed_branches": [[382, 384]], "missing_branches": [[382, 383]]}, "LlxMcpFixCollector._collect_analysis_metrics": {"executed_lines": [387, 389, 390, 391, 392, 393, 394, 395, 396, 397], "summary": {"covered_lines": 10, "num_statements": 11, "percent_covered": 73.6842105263158, "percent_covered_display": "74", "missing_lines": 1, "excluded_lines": 0, "num_branches": 8, "num_partial_branches": 4, "covered_branches": 4, "missing_branches": 4}, "missing_lines": [388], "excluded_lines": [], "executed_branches": [[387, 389], [390, 391], [394, 395], [396, 397]], "missing_branches": [[387, 388], [390, 393], [394, -386], [396, -386]]}, "LlxMcpFixCollector._collect_aider_metrics": {"executed_lines": [400, 402, 403, 405, 406, 407, 408, 411, 412, 413, 414, 415, 416], "summary": {"covered_lines": 13, "num_statements": 17, "percent_covered": 62.06896551724138, "percent_covered_display": "62", "missing_lines": 4, "excluded_lines": 0, "num_branches": 12, "num_partial_branches": 5, "covered_branches": 5, "missing_branches": 7}, "missing_lines": [401, 404, 409, 410], "excluded_lines": [], "executed_branches": [[400, 402], [403, 405], [407, 408], [412, 413], [415, 416]], "missing_branches": [[400, 401], [403, 404], [407, 409], [409, 410], [409, 411], [412, 414], [415, -399]]}, "LlxMcpFixCollector.get_config_example": {"executed_lines": [420], "summary": {"covered_lines": 1, "num_statements": 1, "percent_covered": 100.0, "percent_covered_display": "100", "missing_lines": 0, "excluded_lines": 0, "num_branches": 0, "num_partial_branches": 0, "covered_branches": 0, "missing_branches": 0}, "missing_lines": [], "excluded_lines": [], "executed_branches": [], "missing_branches": []}, "LlxMcpFixCollector.collect": {"executed_lines": [423, 424, 425, 426, 427, 428, 430, 431, 432, 433, 434, 435, 436], "summary": {"covered_lines": 13, "num_statements": 14, "percent_covered": 85.0, "percent_covered_display": "85", "missing_lines": 1, "excluded_lines": 0, "num_branches": 6, "num_partial_branches": 2, "covered_branches": 4, "missing_branches": 2}, "missing_lines": [429], "excluded_lines": [], "executed_branches": [[425, 426], [425, 427], [428, 430], [431, 432]], "missing_branches": [[428, 429], [431, 433]]}, "": {"executed_lines": [1, 3, 5, 6, 7, 9, 13, 16, 17, 18, 20, 21, 38, 67, 68, 69, 71, 72, 93, 116, 117, 118, 120, 121, 137, 155, 156, 157, 159, 160, 175, 192, 193, 194, 196, 197, 212, 227, 228, 229, 231, 232, 249, 270, 271, 272, 274, 275, 294, 327, 328, 329, 331, 332, 356, 357, 363, 364, 371, 372, 380, 381, 386, 399, 418, 422], "summary": {"covered_lines": 57, "num_statements": 57, "percent_covered": 100.0, "percent_covered_display": "100", "missing_lines": 0, "excluded_lines": 0, "num_branches": 0, "num_partial_branches": 0, "covered_branches": 0, "missing_branches": 0}, "missing_lines": [], "excluded_lines": [], "executed_branches": [], "missing_branches": []}}, "classes": {"LLMBenchCollector": {"executed_lines": [39, 40, 41, 52, 53, 64], "summary": {"covered_lines": 6, "num_statements": 26, "percent_covered": 21.05263157894737, "percent_covered_display": "21", "missing_lines": 20, "excluded_lines": 0, "num_branches": 12, "num_partial_branches": 2, "covered_branches": 2, "missing_branches": 10}, "missing_lines": [42, 43, 44, 45, 46, 47, 48, 49, 50, 51, 54, 55, 56, 57, 58, 59, 60, 61, 62, 63], "excluded_lines": [], "executed_branches": [[41, 52], [53, 64]], "missing_branches": [[41, 42], [45, 46], [45, 47], [48, 49], [48, 52], [53, 54], [57, 58], [57, 59], [60, 61], [60, 64]]}, "HallucinationCollector": {"executed_lines": [94, 95, 96, 113], "summary": {"covered_lines": 4, "num_statements": 20, "percent_covered": 16.666666666666668, "percent_covered_display": "17", "missing_lines": 16, "excluded_lines": 0, "num_branches": 10, "num_partial_branches": 1, "covered_branches": 1, "missing_branches": 9}, "missing_lines": [97, 98, 99, 100, 101, 102, 103, 104, 105, 106, 107, 108, 109, 110, 111, 112], "excluded_lines": [], "executed_branches": [[96, 113]], "missing_branches": [[96, 97], [100, 101], [100, 102], [103, 104], [103, 105], [106, 107], [106, 108], [109, 110], [109, 113]]}, "SBOMCollector": {"executed_lines": [138, 139, 140, 152], "summary": {"covered_lines": 4, "num_statements": 15, "percent_covered": 26.31578947368421, "percent_covered_display": "26", "missing_lines": 11, "excluded_lines": 0, "num_branches": 4, "num_partial_branches": 1, "covered_branches": 1, "missing_branches": 3}, "missing_lines": [141, 142, 143, 144, 145, 146, 147, 148, 149, 150, 151], "excluded_lines": [], "executed_branches": [[140, 152]], "missing_branches": [[140, 141], [146, 147], [146, 148]]}, "I18nCollector": {"executed_lines": [176, 177, 178, 189], "summary": {"covered_lines": 4, "num_statements": 14, "percent_covered": 25.0, "percent_covered_display": "25", "missing_lines": 10, "excluded_lines": 0, "num_branches": 6, "num_partial_branches": 1, "covered_branches": 1, "missing_branches": 5}, "missing_lines": [179, 180, 181, 182, 183, 184, 185, 186, 187, 188], "excluded_lines": [], "executed_branches": [[178, 189]], "missing_branches": [[178, 179], [182, 183], [182, 184], [185, 186], [185, 189]]}, "A11yCollector": {"executed_lines": [213, 214, 215, 224], "summary": {"covered_lines": 4, "num_statements": 12, "percent_covered": 35.714285714285715, "percent_covered_display": "36", "missing_lines": 8, "excluded_lines": 0, "num_branches": 2, "num_partial_branches": 1, "covered_branches": 1, "missing_branches": 1}, "missing_lines": [216, 217, 218, 219, 220, 221, 222, 223], "excluded_lines": [], "executed_branches": [[215, 224]], "missing_branches": [[215, 216]]}, "RepoMetricsCollector": {"executed_lines": [250, 251, 252, 253, 267], "summary": {"covered_lines": 5, "num_statements": 18, "percent_covered": 28.571428571428573, "percent_covered_display": "29", "missing_lines": 13, "excluded_lines": 0, "num_branches": 10, "num_partial_branches": 1, "covered_branches": 3, "missing_branches": 7}, "missing_lines": [254, 255, 256, 257, 258, 259, 260, 261, 262, 263, 264, 265, 266], "excluded_lines": [], "executed_branches": [[251, 252], [251, 267], [253, 251]], "missing_branches": [[253, 254], [257, 258], [257, 259], [260, 261], [260, 262], [263, 251], [263, 264]]}, "SecurityCollector": {"executed_lines": [295, 296, 297, 298, 308, 309, 310, 324], "summary": {"covered_lines": 8, "num_statements": 29, "percent_covered": 31.11111111111111, "percent_covered_display": "31", "missing_lines": 21, "excluded_lines": 0, "num_branches": 16, "num_partial_branches": 2, "covered_branches": 6, "missing_branches": 10}, "missing_lines": [299, 300, 301, 302, 303, 304, 305, 306, 307, 311, 312, 313, 314, 315, 316, 318, 319, 320, 321, 322, 323], "excluded_lines": [], "executed_branches": [[296, 297], [296, 308], [298, 296], [308, 309], [308, 324], [310, 308]], "missing_branches": [[298, 299], [301, 302], [301, 303], [303, 296], [303, 304], [310, 311], [313, 314], [313, 315], [315, 316], [315, 318]]}, "LlxMcpFixCollector": {"executed_lines": [358, 360, 361, 365, 366, 369, 373, 375, 376, 382, 384, 387, 389, 390, 391, 392, 393, 394, 395, 396, 397, 400, 402, 403, 405, 406, 407, 408, 411, 412, 413, 414, 415, 416, 420, 423, 424, 425, 426, 427, 428, 430, 431, 432, 433, 434, 435, 436], "summary": {"covered_lines": 48, "num_statements": 61, "percent_covered": 68.81720430107526, "percent_covered_display": "69", "missing_lines": 13, "excluded_lines": 0, "num_branches": 32, "num_partial_branches": 14, "covered_branches": 16, "missing_branches": 16}, "missing_lines": [359, 367, 368, 374, 377, 378, 383, 388, 401, 404, 409, 410, 429], "excluded_lines": [], "executed_branches": [[358, 360], [373, 375], [382, 384], [387, 389], [390, 391], [394, 395], [396, 397], [400, 402], [403, 405], [407, 408], [412, 413], [415, 416], [425, 426], [425, 427], [428, 430], [431, 432]], "missing_branches": [[358, 359], [373, 374], [382, 383], [387, 388], [390, 393], [394, -386], [396, -386], [400, 401], [403, 404], [407, 409], [409, 410], [409, 411], [412, 414], [415, -399], [428, 429], [431, 433]]}, "": {"executed_lines": [1, 3, 5, 6, 7, 9, 13, 16, 17, 18, 20, 21, 38, 67, 68, 69, 71, 72, 93, 116, 117, 118, 120, 121, 137, 155, 156, 157, 159, 160, 175, 192, 193, 194, 196, 197, 212, 227, 228, 229, 231, 232, 249, 270, 271, 272, 274, 275, 294, 327, 328, 329, 331, 332, 356, 357, 363, 364, 371, 372, 380, 381, 386, 399, 418, 422], "summary": {"covered_lines": 57, "num_statements": 57, "percent_covered": 100.0, "percent_covered_display": "100", "missing_lines": 0, "excluded_lines": 0, "num_branches": 0, "num_partial_branches": 0, "covered_branches": 0, "missing_branches": 0}, "missing_lines": [], "excluded_lines": [], "executed_branches": [], "missing_branches": []}}}, "pyqual/bulk_init.py": {"executed_lines": [1, 12, 14, 15, 16, 17, 18, 19, 21, 23, 25, 31, 118, 122, 129, 130, 131, 133, 134, 135, 136, 137, 138, 139, 140, 141, 142, 143, 144, 145, 146, 147, 150, 151, 152, 153, 154, 155, 156, 157, 158, 159, 160, 163, 164, 170, 171, 172, 175, 176, 177, 178, 179, 180, 181, 182, 183, 186, 187, 188, 191, 194, 195, 196, 197, 198, 199, 201, 202, 205, 206, 207, 208, 209, 210, 211, 212, 213, 214, 215, 220, 221, 222, 223, 224, 225, 232, 234, 235, 236, 237, 238, 239, 244, 245, 246, 247, 252, 255, 257, 258, 259, 260, 261, 262, 263, 264, 265, 266, 267, 268, 275, 284, 286, 288, 290, 293, 303, 304, 305, 307, 308, 309, 310, 311, 312, 313, 314, 315, 316, 317, 320, 322, 324, 325, 327, 335, 336, 337, 339, 340, 341, 342, 343, 344, 345, 346, 347, 348, 349, 351, 352, 353, 354, 355, 356, 358, 377, 380, 381, 382, 383, 384, 387, 394, 395, 398, 401, 402, 403, 404, 405, 406, 409, 410, 411, 419, 420, 421, 422, 423, 424, 425, 426, 427, 428, 429, 430, 439, 440, 441, 449, 459, 468, 469, 470, 471, 499, 501, 504, 506, 508, 509, 510, 511, 513, 514, 515, 516, 517, 518, 519, 520, 523, 524, 525, 526, 527, 528, 529, 530, 531, 532, 533, 534, 535, 536, 537, 538, 539, 542, 543, 544, 545, 546, 547, 548, 549, 550, 551, 554, 555, 556, 557, 558, 559, 560, 561, 562, 563, 566, 567, 568, 569, 570, 573, 574, 575, 576, 577, 578, 581, 582, 583, 584, 585, 588, 589, 590, 591, 592, 593, 594, 595, 598, 599, 600, 601, 602, 603, 604, 605, 607, 614, 615, 616, 618, 619, 620, 621, 623, 624, 625, 628, 651, 653, 658, 659, 662, 663, 669, 670, 671, 674, 675, 682, 688, 689, 690, 693, 694, 700, 701, 702, 709, 710, 711, 712, 714, 716], "summary": {"covered_lines": 316, "num_statements": 364, "percent_covered": 84.81012658227849, "percent_covered_display": "85", "missing_lines": 48, "excluded_lines": 0, "num_branches": 110, "num_partial_branches": 20, "covered_branches": 86, "missing_branches": 24}, "missing_lines": [189, 190, 200, 216, 217, 226, 227, 228, 229, 230, 231, 233, 240, 241, 248, 249, 250, 251, 289, 291, 399, 450, 460, 479, 480, 481, 488, 489, 490, 492, 664, 665, 666, 676, 677, 678, 679, 680, 683, 684, 685, 695, 696, 697, 703, 704, 705, 706], "excluded_lines": [], "executed_branches": [[151, -150], [151, 152], [152, 153], [152, 154], [154, 155], [154, 156], [156, 157], [157, 158], [157, 159], [159, 151], [159, 160], [170, -163], [170, 171], [171, 170], [171, 172], [177, 178], [177, 180], [178, 177], [178, 179], [180, 181], [180, 183], [181, 182], [196, 197], [196, 198], [199, 201], [207, 208], [207, 209], [211, 212], [211, 215], [213, 211], [213, 214], [222, 223], [222, 224], [232, 234], [245, 246], [245, 252], [247, 245], [288, 290], [290, 293], [336, 337], [336, 351], [341, 342], [342, 343], [342, 345], [345, 346], [345, 347], [347, 348], [381, 382], [381, 383], [383, 384], [383, 387], [394, 395], [394, 398], [398, 401], [409, 410], [409, 419], [419, 420], [419, 439], [424, 425], [426, 427], [428, 429], [439, 440], [439, 449], [449, 459], [459, 468], [468, 469], [554, 555], [554, 559], [559, 560], [559, 566], [566, 567], [566, 573], [581, 582], [588, 589], [588, 598], [594, 595], [658, 659], [658, 716], [669, 670], [669, 674], [675, 682], [688, 689], [688, 693], [702, 709], [709, 710], [709, 714]], "missing_branches": [[156, 151], [181, 180], [199, 200], [232, 233], [247, 248], [288, 289], [290, 291], [341, 349], [347, 341], [398, 399], [424, 426], [426, 428], [428, 430], [449, 450], [459, 460], [468, 479], [480, 481], [480, 488], [489, 490], [489, 492], [581, 588], [594, 588], [675, 676], [702, 703]], "functions": {"_collect_top_level_entries": {"executed_lines": [151, 152, 153, 154, 155, 156, 157, 158, 159, 160], "summary": {"covered_lines": 10, "num_statements": 10, "percent_covered": 95.45454545454545, "percent_covered_display": "95", "missing_lines": 0, "excluded_lines": 0, "num_branches": 12, "num_partial_branches": 1, "covered_branches": 11, "missing_branches": 1}, "missing_lines": [], "excluded_lines": [], "executed_branches": [[151, -150], [151, 152], [152, 153], [152, 154], [154, 155], [154, 156], [156, 157], [157, 158], [157, 159], [159, 151], [159, 160]], "missing_branches": [[156, 151]]}, "_collect_manifests": {"executed_lines": [164, 170, 171, 172], "summary": {"covered_lines": 4, "num_statements": 4, "percent_covered": 100.0, "percent_covered_display": "100", "missing_lines": 0, "excluded_lines": 0, "num_branches": 4, "num_partial_branches": 0, "covered_branches": 4, "missing_branches": 0}, "missing_lines": [], "excluded_lines": [], "executed_branches": [[170, -163], [170, 171], [171, 170], [171, 172]], "missing_branches": []}, "_collect_file_extensions": {"executed_lines": [176, 177, 178, 179, 180, 181, 182, 183], "summary": {"covered_lines": 8, "num_statements": 8, "percent_covered": 93.75, "percent_covered_display": "94", "missing_lines": 0, "excluded_lines": 0, "num_branches": 8, "num_partial_branches": 1, "covered_branches": 7, "missing_branches": 1}, "missing_lines": [], "excluded_lines": [], "executed_branches": [[177, 178], [177, 180], [178, 177], [178, 179], [180, 181], [180, 183], [181, 182]], "missing_branches": [[181, 180]]}, "_load_json_object": {"executed_lines": [187, 188, 191], "summary": {"covered_lines": 3, "num_statements": 5, "percent_covered": 60.0, "percent_covered_display": "60", "missing_lines": 2, "excluded_lines": 0, "num_branches": 0, "num_partial_branches": 0, "covered_branches": 0, "missing_branches": 0}, "missing_lines": [189, 190], "excluded_lines": [], "executed_branches": [], "missing_branches": []}, "_collect_json_scripts": {"executed_lines": [195, 196, 197, 198, 199, 201, 202], "summary": {"covered_lines": 7, "num_statements": 8, "percent_covered": 83.33333333333333, "percent_covered_display": "83", "missing_lines": 1, "excluded_lines": 0, "num_branches": 4, "num_partial_branches": 1, "covered_branches": 3, "missing_branches": 1}, "missing_lines": [200], "excluded_lines": [], "executed_branches": [[196, 197], [196, 198], [199, 201]], "missing_branches": [[199, 200]]}, "_collect_makefile_targets": {"executed_lines": [206, 207, 208, 209, 210, 211, 212, 213, 214, 215], "summary": {"covered_lines": 10, "num_statements": 12, "percent_covered": 88.88888888888889, "percent_covered_display": "89", "missing_lines": 2, "excluded_lines": 0, "num_branches": 6, "num_partial_branches": 0, "covered_branches": 6, "missing_branches": 0}, "missing_lines": [216, 217], "excluded_lines": [], "executed_branches": [[207, 208], [207, 209], [211, 212], [211, 215], [213, 211], [213, 214]], "missing_branches": []}, "_collect_pyproject_metadata": {"executed_lines": [221, 222, 223, 224, 225, 232, 234, 235, 236, 237, 238, 239], "summary": {"covered_lines": 12, "num_statements": 21, "percent_covered": 60.0, "percent_covered_display": "60", "missing_lines": 9, "excluded_lines": 0, "num_branches": 4, "num_partial_branches": 1, "covered_branches": 3, "missing_branches": 1}, "missing_lines": [226, 227, 228, 229, 230, 231, 233, 240, 241], "excluded_lines": [], "executed_branches": [[222, 223], [222, 224], [232, 234]], "missing_branches": [[232, 233]]}, "_collect_readme_excerpt": {"executed_lines": [245, 246, 247, 252], "summary": {"covered_lines": 4, "num_statements": 8, "percent_covered": 58.333333333333336, "percent_covered_display": "58", "missing_lines": 4, "excluded_lines": 0, "num_branches": 4, "num_partial_branches": 1, "covered_branches": 3, "missing_branches": 1}, "missing_lines": [248, 249, 250, 251], "excluded_lines": [], "executed_branches": [[245, 246], [245, 252], [247, 245]], "missing_branches": [[247, 248]]}, "collect_fingerprint": {"executed_lines": [257, 258, 259, 260, 261, 262, 263, 264, 265, 266, 267, 268], "summary": {"covered_lines": 12, "num_statements": 12, "percent_covered": 100.0, "percent_covered_display": "100", "missing_lines": 0, "excluded_lines": 0, "num_branches": 0, "num_partial_branches": 0, "covered_branches": 0, "missing_branches": 0}, "missing_lines": [], "excluded_lines": [], "executed_branches": [], "missing_branches": []}, "_build_llm_prompt": {"executed_lines": [286, 288, 290, 293], "summary": {"covered_lines": 4, "num_statements": 6, "percent_covered": 60.0, "percent_covered_display": "60", "missing_lines": 2, "excluded_lines": 0, "num_branches": 4, "num_partial_branches": 2, "covered_branches": 2, "missing_branches": 2}, "missing_lines": [289, 291], "excluded_lines": [], "executed_branches": [[288, 290], [290, 293]], "missing_branches": [[288, 289], [290, 291]]}, "classify_with_llm": {"executed_lines": [322, 324, 325, 327, 335, 336, 337, 339, 340, 341, 342, 343, 344, 345, 346, 347, 348, 349, 351, 352, 353, 354, 355, 356, 358], "summary": {"covered_lines": 25, "num_statements": 25, "percent_covered": 94.28571428571429, "percent_covered_display": "94", "missing_lines": 0, "excluded_lines": 0, "num_branches": 10, "num_partial_branches": 2, "covered_branches": 8, "missing_branches": 2}, "missing_lines": [], "excluded_lines": [], "executed_branches": [[336, 337], [336, 351], [341, 342], [342, 343], [342, 345], [345, 346], [345, 347], [347, 348]], "missing_branches": [[341, 349], [347, 341]]}, "_classify_heuristic": {"executed_lines": [380, 381, 382, 383, 384, 387, 394, 395, 398, 401, 402, 403, 404, 405, 406, 409, 410, 411, 419, 420, 421, 422, 423, 424, 425, 426, 427, 428, 429, 430, 439, 440, 441, 449, 459, 468, 469, 470, 471], "summary": {"covered_lines": 39, "num_statements": 49, "percent_covered": 73.41772151898734, "percent_covered_display": "73", "missing_lines": 10, "excluded_lines": 0, "num_branches": 30, "num_partial_branches": 7, "covered_branches": 19, "missing_branches": 11}, "missing_lines": [399, 450, 460, 479, 480, 481, 488, 489, 490, 492], "excluded_lines": [], "executed_branches": [[381, 382], [381, 383], [383, 384], [383, 387], [394, 395], [394, 398], [398, 401], [409, 410], [409, 419], [419, 420], [419, 439], [424, 425], [426, 427], [428, 429], [439, 440], [439, 449], [449, 459], [459, 468], [468, 469]], "missing_branches": [[398, 399], [424, 426], [426, 428], [428, 430], [449, 450], [459, 460], [468, 479], [480, 481], [480, 488], [489, 490], [489, 492]]}, "_safe_name": {"executed_lines": [501], "summary": {"covered_lines": 1, "num_statements": 1, "percent_covered": 100.0, "percent_covered_display": "100", "missing_lines": 0, "excluded_lines": 0, "num_branches": 0, "num_partial_branches": 0, "covered_branches": 0, "missing_branches": 0}, "missing_lines": [], "excluded_lines": [], "executed_branches": [], "missing_branches": []}, "generate_pyqual_yaml": {"executed_lines": [506, 508, 509, 510, 511, 513, 514, 515, 516, 517, 518, 519, 520, 523, 524, 525, 526, 527, 528, 529, 530, 531, 532, 533, 534, 535, 536, 537, 538, 539, 542, 543, 544, 545, 546, 547, 548, 549, 550, 551, 554, 555, 556, 557, 558, 559, 560, 561, 562, 563, 566, 567, 568, 569, 570, 573, 574, 575, 576, 577, 578, 581, 582, 583, 584, 585, 588, 589, 590, 591, 592, 593, 594, 595, 598, 599, 600, 601, 602, 603, 604, 605, 607], "summary": {"covered_lines": 83, "num_statements": 83, "percent_covered": 97.89473684210526, "percent_covered_display": "98", "missing_lines": 0, "excluded_lines": 0, "num_branches": 12, "num_partial_branches": 2, "covered_branches": 10, "missing_branches": 2}, "missing_lines": [], "excluded_lines": [], "executed_branches": [[554, 555], [554, 559], [559, 560], [559, 566], [566, 567], [566, 573], [581, 582], [588, 589], [588, 598], [594, 595]], "missing_branches": [[581, 588], [594, 588]]}, "BulkInitResult.total": {"executed_lines": [625], "summary": {"covered_lines": 1, "num_statements": 1, "percent_covered": 100.0, "percent_covered_display": "100", "missing_lines": 0, "excluded_lines": 0, "num_branches": 0, "num_partial_branches": 0, "covered_branches": 0, "missing_branches": 0}, "missing_lines": [], "excluded_lines": [], "executed_branches": [], "missing_branches": []}, "bulk_init": {"executed_lines": [651, 653, 658, 659, 662, 663, 669, 670, 671, 674, 675, 682, 688, 689, 690, 693, 694, 700, 701, 702, 709, 710, 711, 712, 714, 716], "summary": {"covered_lines": 26, "num_statements": 44, "percent_covered": 64.28571428571429, "percent_covered_display": "64", "missing_lines": 18, "excluded_lines": 0, "num_branches": 12, "num_partial_branches": 2, "covered_branches": 10, "missing_branches": 2}, "missing_lines": [664, 665, 666, 676, 677, 678, 679, 680, 683, 684, 685, 695, 696, 697, 703, 704, 705, 706], "excluded_lines": [], "executed_branches": [[658, 659], [658, 716], [669, 670], [669, 674], [675, 682], [688, 689], [688, 693], [702, 709], [709, 710], [709, 714]], "missing_branches": [[675, 676], [702, 703]]}, "": {"executed_lines": [1, 12, 14, 15, 16, 17, 18, 19, 21, 23, 25, 31, 118, 122, 129, 130, 131, 133, 134, 135, 136, 137, 138, 139, 140, 141, 142, 143, 144, 145, 146, 147, 150, 163, 175, 186, 194, 205, 220, 244, 255, 275, 284, 303, 304, 305, 307, 308, 309, 310, 311, 312, 313, 314, 315, 316, 317, 320, 377, 499, 504, 614, 615, 616, 618, 619, 620, 621, 623, 624, 628], "summary": {"covered_lines": 67, "num_statements": 67, "percent_covered": 100.0, "percent_covered_display": "100", "missing_lines": 0, "excluded_lines": 0, "num_branches": 0, "num_partial_branches": 0, "covered_branches": 0, "missing_branches": 0}, "missing_lines": [], "excluded_lines": [], "executed_branches": [], "missing_branches": []}}, "classes": {"ProjectFingerprint": {"executed_lines": [], "summary": {"covered_lines": 0, "num_statements": 0, "percent_covered": 100.0, "percent_covered_display": "100", "missing_lines": 0, "excluded_lines": 0, "num_branches": 0, "num_partial_branches": 0, "covered_branches": 0, "missing_branches": 0}, "missing_lines": [], "excluded_lines": [], "executed_branches": [], "missing_branches": []}, "ProjectConfig": {"executed_lines": [], "summary": {"covered_lines": 0, "num_statements": 0, "percent_covered": 100.0, "percent_covered_display": "100", "missing_lines": 0, "excluded_lines": 0, "num_branches": 0, "num_partial_branches": 0, "covered_branches": 0, "missing_branches": 0}, "missing_lines": [], "excluded_lines": [], "executed_branches": [], "missing_branches": []}, "BulkInitResult": {"executed_lines": [625], "summary": {"covered_lines": 1, "num_statements": 1, "percent_covered": 100.0, "percent_covered_display": "100", "missing_lines": 0, "excluded_lines": 0, "num_branches": 0, "num_partial_branches": 0, "covered_branches": 0, "missing_branches": 0}, "missing_lines": [], "excluded_lines": [], "executed_branches": [], "missing_branches": []}, "": {"executed_lines": [1, 12, 14, 15, 16, 17, 18, 19, 21, 23, 25, 31, 118, 122, 129, 130, 131, 133, 134, 135, 136, 137, 138, 139, 140, 141, 142, 143, 144, 145, 146, 147, 150, 151, 152, 153, 154, 155, 156, 157, 158, 159, 160, 163, 164, 170, 171, 172, 175, 176, 177, 178, 179, 180, 181, 182, 183, 186, 187, 188, 191, 194, 195, 196, 197, 198, 199, 201, 202, 205, 206, 207, 208, 209, 210, 211, 212, 213, 214, 215, 220, 221, 222, 223, 224, 225, 232, 234, 235, 236, 237, 238, 239, 244, 245, 246, 247, 252, 255, 257, 258, 259, 260, 261, 262, 263, 264, 265, 266, 267, 268, 275, 284, 286, 288, 290, 293, 303, 304, 305, 307, 308, 309, 310, 311, 312, 313, 314, 315, 316, 317, 320, 322, 324, 325, 327, 335, 336, 337, 339, 340, 341, 342, 343, 344, 345, 346, 347, 348, 349, 351, 352, 353, 354, 355, 356, 358, 377, 380, 381, 382, 383, 384, 387, 394, 395, 398, 401, 402, 403, 404, 405, 406, 409, 410, 411, 419, 420, 421, 422, 423, 424, 425, 426, 427, 428, 429, 430, 439, 440, 441, 449, 459, 468, 469, 470, 471, 499, 501, 504, 506, 508, 509, 510, 511, 513, 514, 515, 516, 517, 518, 519, 520, 523, 524, 525, 526, 527, 528, 529, 530, 531, 532, 533, 534, 535, 536, 537, 538, 539, 542, 543, 544, 545, 546, 547, 548, 549, 550, 551, 554, 555, 556, 557, 558, 559, 560, 561, 562, 563, 566, 567, 568, 569, 570, 573, 574, 575, 576, 577, 578, 581, 582, 583, 584, 585, 588, 589, 590, 591, 592, 593, 594, 595, 598, 599, 600, 601, 602, 603, 604, 605, 607, 614, 615, 616, 618, 619, 620, 621, 623, 624, 628, 651, 653, 658, 659, 662, 663, 669, 670, 671, 674, 675, 682, 688, 689, 690, 693, 694, 700, 701, 702, 709, 710, 711, 712, 714, 716], "summary": {"covered_lines": 315, "num_statements": 363, "percent_covered": 84.77801268498943, "percent_covered_display": "85", "missing_lines": 48, "excluded_lines": 0, "num_branches": 110, "num_partial_branches": 20, "covered_branches": 86, "missing_branches": 24}, "missing_lines": [189, 190, 200, 216, 217, 226, 227, 228, 229, 230, 231, 233, 240, 241, 248, 249, 250, 251, 289, 291, 399, 450, 460, 479, 480, 481, 488, 489, 490, 492, 664, 665, 666, 676, 677, 678, 679, 680, 683, 684, 685, 695, 696, 697, 703, 704, 705, 706], "excluded_lines": [], "executed_branches": [[151, -150], [151, 152], [152, 153], [152, 154], [154, 155], [154, 156], [156, 157], [157, 158], [157, 159], [159, 151], [159, 160], [170, -163], [170, 171], [171, 170], [171, 172], [177, 178], [177, 180], [178, 177], [178, 179], [180, 181], [180, 183], [181, 182], [196, 197], [196, 198], [199, 201], [207, 208], [207, 209], [211, 212], [211, 215], [213, 211], [213, 214], [222, 223], [222, 224], [232, 234], [245, 246], [245, 252], [247, 245], [288, 290], [290, 293], [336, 337], [336, 351], [341, 342], [342, 343], [342, 345], [345, 346], [345, 347], [347, 348], [381, 382], [381, 383], [383, 384], [383, 387], [394, 395], [394, 398], [398, 401], [409, 410], [409, 419], [419, 420], [419, 439], [424, 425], [426, 427], [428, 429], [439, 440], [439, 449], [449, 459], [459, 468], [468, 469], [554, 555], [554, 559], [559, 560], [559, 566], [566, 567], [566, 573], [581, 582], [588, 589], [588, 598], [594, 595], [658, 659], [658, 716], [669, 670], [669, 674], [675, 682], [688, 689], [688, 693], [702, 709], [709, 710], [709, 714]], "missing_branches": [[156, 151], [181, 180], [199, 200], [232, 233], [247, 248], [288, 289], [290, 291], [341, 349], [347, 341], [398, 399], [424, 426], [426, 428], [428, 430], [449, 450], [459, 460], [468, 479], [480, 481], [480, 488], [489, 490], [489, 492], [581, 588], [594, 588], [675, 676], [702, 703]]}}}, "pyqual/bulk_run.py": {"executed_lines": [1, 13, 15, 16, 17, 18, 19, 20, 22, 32, 34, 35, 36, 43, 44, 45, 46, 47, 48, 49, 50, 53, 63, 74, 75, 76, 78, 79, 80, 81, 82, 83, 84, 85, 86, 87, 88, 89, 90, 91, 92, 94, 95, 96, 97, 98, 99, 100, 102, 103, 104, 105, 106, 107, 108, 110, 111, 112, 113, 114, 121, 123, 124, 125, 127, 128, 131, 136, 137, 138, 139, 140, 141, 146, 147, 148, 149, 153, 154, 155, 156, 157, 158, 159, 161, 162, 163, 164, 171, 231, 240, 241, 242, 244, 245, 252, 253, 254, 255, 265, 266, 267, 268, 269, 270, 275, 276, 279, 281, 282, 286, 287, 313, 319, 320, 321, 322, 328, 331, 340, 343, 344, 345, 347, 348, 350, 352, 354, 355, 356, 357, 358, 359, 360, 362, 363, 
[...]
, "excluded_lines": 0, "num_branches": 6, "num_partial_branches": 1, "covered_branches": 1, "missing_branches": 5}, "missing_lines": [194, 195, 196, 197, 198, 199, 200, 201, 202, 203, 204], "excluded_lines": [], "executed_branches": [[192, 193]], "missing_branches": [[192, 194], [196, 197], [196, 202], [202, 203], [202, 204]]}, "preset_to_dict": {"executed_lines": [], "summary": {"covered_lines": 0, "num_statements": 4, "percent_covered": 0.0, "percent_covered_display": "0", "missing_lines": 4, "excluded_lines": 0, "num_branches": 2, "num_partial_branches": 0, "covered_branches": 0, "missing_branches": 2}, "missing_lines": [209, 214, 215, 216], "excluded_lines": [], "executed_branches": [], "missing_branches": [[214, 215], [214, 216]]}, "dump_presets_json": {"executed_lines": [], "summary": {"covered_lines": 0, "num_statements": 2, "percent_covered": 0.0, "percent_covered_display": "0", "missing_lines": 2, "excluded_lines": 0, "num_branches": 0, "num_partial_branches": 0, "covered_branches": 0, "missing_branches": 0}, "missing_lines": [225, 228], "excluded_lines": [], "executed_branches": [], "missing_branches": []}, "register_custom_tools_from_yaml": {"executed_lines": [], "summary": {"covered_lines": 0, "num_statements": 13, "percent_covered": 0.0, "percent_covered_display": "0", "missing_lines": 13, "excluded_lines": 0, "num_branches": 6, "num_partial_branches": 0, "covered_branches": 0, "missing_branches": 6}, "missing_lines": [249, 250, 251, 252, 253, 254, 255, 256, 257, 258, 264, 265, 266], "excluded_lines": [], "executed_branches": [], "missing_branches": [[250, 251], [250, 266], [252, 253], [252, 254], [256, 257], [256, 258]]}, "load_entry_point_presets": {"executed_lines": [281, 282, 283, 284, 286, 287, 304], "summary": {"covered_lines": 7, "num_statements": 22, "percent_covered": 26.666666666666668, "percent_covered_display": "27", "missing_lines": 15, "excluded_lines": 0, "num_branches": 8, "num_partial_branches": 1, "covered_branches": 1, "missing_branches": 7}, "missing_lines": [288, 289, 290, 291, 292, 293, 294, 295, 296, 297, 299, 300, 301, 302, 303], "excluded_lines": [], "executed_branches": [[287, 304]], "missing_branches": [[287, 288], [290, 291], [290, 293], [293, 294], [293, 299], [295, 287], [295, 296]]}, "resolve_stage_command": {"executed_lines": [], "summary": {"covered_lines": 0, "num_statements": 5, "percent_covered": 0.0, "percent_covered_display": "0", "missing_lines": 5, "excluded_lines": 0, "num_branches": 2, "num_partial_branches": 0, "covered_branches": 0, "missing_branches": 2}, "missing_lines": [315, 316, 317, 322, 323], "excluded_lines": [], "executed_branches": [], "missing_branches": [[316, 317], [316, 322]]}, "": {"executed_lines": [1, 42, 43, 44, 45, 46, 47, 49, 51, 57, 58, 59, 61, 62, 63, 64, 66, 70, 84, 87, 97, 118, 130, 132, 139, 144, 149, 154, 185, 207, 219, 235, 269, 307], "summary": {"covered_lines": 32, "num_statements": 32, "percent_covered": 100.0, "percent_covered_display": "100", "missing_lines": 0, "excluded_lines": 0, "num_branches": 0, "num_partial_branches": 0, "covered_branches": 0, "missing_branches": 0}, "missing_lines": [], "excluded_lines": [], "executed_branches": [], "missing_branches": []}}, "classes": {"ToolPreset": {"executed_lines": [], "summary": {"covered_lines": 0, "num_statements": 7, "percent_covered": 0.0, "percent_covered_display": "0", "missing_lines": 7, "excluded_lines": 0, "num_branches": 4, "num_partial_branches": 0, "covered_branches": 0, "missing_branches": 4}, "missing_lines": [68, 72, 73, 74, 75, 76, 77], "excluded_lines": [], "executed_branches": [], "missing_branches": [[73, 74], [73, 77], [74, 75], [74, 76]]}, "": {"executed_lines": [1, 42, 43, 44, 45, 46, 47, 49, 51, 57, 58, 59, 61, 62, 63, 64, 66, 70, 84, 87, 89, 97, 99, 101, 102, 103, 106, 107, 108, 109, 112, 118, 120, 121, 123, 130, 132, 139, 141, 144, 146, 149, 154, 185, 191, 192, 193, 207, 219, 235, 269, 281, 282, 283, 284, 286, 287, 304, 307], "summary": {"covered_lines": 57, "num_statements": 122, "percent_covered": 41.02564102564103, "percent_covered_display": "41", "missing_lines": 65, "excluded_lines": 0, "num_branches": 34, "num_partial_branches": 5, "covered_branches": 7, "missing_branches": 27}, "missing_lines": [100, 104, 105, 110, 111, 113, 114, 115, 122, 151, 175, 176, 177, 181, 182, 194, 195, 196, 197, 198, 199, 200, 201, 202, 203, 204, 209, 214, 215, 216, 225, 228, 249, 250, 251, 252, 253, 254, 255, 256, 257, 258, 264, 265, 266, 288, 289, 290, 291, 292, 293, 294, 295, 296, 297, 299, 300, 301, 302, 303, 315, 316, 317, 322, 323], "excluded_lines": [], "executed_branches": [[99, 101], [103, 106], [107, 108], [107, 112], [121, 123], [192, 193], [287, 304]], "missing_branches": [[99, 100], [103, 104], [121, 122], [176, 177], [176, 181], [192, 194], [196, 197], [196, 202], [202, 203], [202, 204], [214, 215], [214, 216], [250, 251], [250, 266], [252, 253], [252, 254], [256, 257], [256, 258], [287, 288], [290, 291], [290, 293], [293, 294], [293, 299], [295, 287], [295, 296], [316, 317], [316, 322]]}}}, "pyqual/validation.py": {"executed_lines": [1, 25, 27, 28, 29, 30, 31, 32, 34, 41, 42, 43, 44, 45, 46, 50, 51, 53, 54, 55, 56, 57, 58, 59, 60, 61, 62, 64, 65, 66, 67, 68, 69, 71, 72, 73, 74, 75, 77, 78, 79, 80, 82, 83, 84, 85, 88, 90, 91, 92, 93, 96, 97, 98, 99, 100, 101, 102, 103, 104, 105, 107, 108, 110, 112, 113, 114, 122, 134, 143, 151, 158, 160, 161, 162, 163, 166, 168, 169, 170, 171, 178, 186, 187, 188, 190, 193, 194, 195, 196, 197, 200, 201, 203, 204, 205, 206, 208, 211, 212, 213, 214, 217, 218, 219, 220, 221, 222, 223, 224, 227, 228, 229, 230, 231, 232, 233, 235, 236, 237, 239, 240, 241, 243, 244, 245, 247, 249, 259, 283, 286, 288, 289, 290, 298, 303, 305, 306, 309, 312, 313, 314, 315, 316, 319, 321, 322, 325, 327, 328, 331, 332, 336, 337, 338, 346, 347, 348, 352, 353, 354, 355, 356, 357, 359, 360, 364, 366, 367, 371, 373, 374, 375, 376, 377, 378, 392, 393, 394, 398, 399, 400, 401, 402, 408, 409, 410, 411, 416, 417, 418, 419, 420, 421, 424, 425, 426, 430, 437, 446, 448, 449, 450, 451, 454, 456, 458, 459, 461, 464, 465, 467, 468, 469, 472, 474, 477, 478, 479, 481], "summary": {"covered_lines": 215, "num_statements": 228, "percent_covered": 93.0, "percent_covered_display": "93", "missing_lines": 13, "excluded_lines": 0, "num_branches": 72, "num_partial_branches": 4, "covered_branches": 64, "missing_branches": 8}, "missing_lines": [172, 173, 174, 291, 339, 340, 341, 343, 382, 383, 384, 385, 386], "excluded_lines": [], "executed_branches": [[90, 91], [90, 93], [91, 90], [91, 92], [161, 162], [161, 163], [170, 171], [187, 188], [187, 190], [193, 194], [193, 200], [194, 195], [194, 197], [195, 194], [195, 196], [200, 201], [200, 203], [203, 204], [203, 208], [204, 203], [204, 205], [205, 204], [205, 206], [288, 289], [289, 288], [289, 290], [305, 306], [305, 312], [321, 322], [321, 327], [338, 346], [347, 348], [347, 352], [352, 353], [352, 392], [359, 360], [359, 366], [366, 367], [366, 373], [373, 352], [373, 374], [375, 376], [393, 394], [393, 398], [398, 399], [398, 416], [401, 402], [401, 408], [417, 418], [417, 430], [420, 421], [420, 424], [425, 426], [425, 430], [448, 449], [448, 451], [449, 448], [449, 450], [465, 467], [465, 469], [467, 465], [467, 468], [478, 479], [478, 481]], "missing_branches": [[170, 172], [172, 173], [172, 174], [288, 291], [338, 339], [375, 382], [382, 352], [382, 383]], "functions": {"error_domain": {"executed_lines": [90, 91, 92, 93], "summary": {"covered_lines": 4, "num_statements": 4, "percent_covered": 100.0, "percent_covered_display": "100", "missing_lines": 0, "excluded_lines": 0, "num_branches": 4, "num_partial_branches": 0, "covered_branches": 4, "missing_branches": 0}, "missing_lines": [], "excluded_lines": [], "executed_branches": [[90, 91], [90, 93], [91, 90], [91, 92]], "missing_branches": []}, "StageFailure.error_code": {"executed_lines": [110], "summary": {"covered_lines": 1, "num_statements": 1, "percent_covered": 100.0, "percent_covered_display": "100", "missing_lines": 0, "excluded_lines": 0, "num_branches": 0, "num_partial_branches": 0, "covered_branches": 0, "missing_branches": 0}, "missing_lines": [], "excluded_lines": [], "executed_branches": [], "missing_branches": []}, "StageFailure.domain": {"executed_lines": [114], "summary": {"covered_lines": 1, "num_statements": 1, "percent_covered": 100.0, "percent_covered_display": "100", "missing_lines": 0, "excluded_lines": 0, "num_branches": 0, "num_partial_branches": 0, "covered_branches": 0, "missing_branches": 0}, "missing_lines": [], "excluded_lines": [], "executed_branches": [], "missing_branches": []}, "_match_env_subtype": {"executed_lines": [160, 161, 162, 163], "summary": {"covered_lines": 4, "num_statements": 4, "percent_covered": 100.0, "percent_covered_display": "100", "missing_lines": 0, "excluded_lines": 0, "num_branches": 2, "num_partial_branches": 0, "covered_branches": 2, "missing_branches": 0}, "missing_lines": [], "excluded_lines": [], "executed_branches": [[161, 162], [161, 163]], "missing_branches": []}, "_match_fix_env_subtype": {"executed_lines": [168, 169, 170, 171], "summary": {"covered_lines": 4, "num_statements": 7, "percent_covered": 45.45454545454545, "percent_covered_display": "45", "missing_lines": 3, "excluded_lines": 0, "num_branches": 4, "num_partial_branches": 1, "covered_branches": 1, "missing_branches": 3}, "missing_lines": [172, 173, 174], "excluded_lines": [], "executed_branches": [[170, 171]], "missing_branches": [[170, 172], [172, 173], [172, 174]]}, "_classify_failure": {"executed_lines": [187, 188, 190, 193, 194, 195, 196, 197, 200, 201, 203, 204, 205, 206, 208], "summary": {"covered_lines": 15, "num_statements": 15, "percent_covered": 100.0, "percent_covered_display": "100", "missing_lines": 0, "excluded_lines": 0, "num_branches": 16, "num_partial_branches": 0, "covered_branches": 16, "missing_branches": 0}, "missing_lines": [], "excluded_lines": [], "executed_branches": [[187, 188], [187, 190], [193, 194], [193, 200], [194, 195], [194, 197], [195, 194], [195, 196], [200, 201], [200, 203], [203, 204], [203, 208], [204, 203], [204, 205], [205, 204], [205, 206]], "missing_branches": []}, "ValidationResult.errors": {"executed_lines": [237], "summary": {"covered_lines": 1, "num_statements": 1, "percent_covered": 100.0, "percent_covered_display": "100", "missing_lines": 0, "excluded_lines": 0, "num_branches": 0, "num_partial_branches": 0, "covered_branches": 0, "missing_branches": 0}, "missing_lines": [], "excluded_lines": [], "executed_branches": [], "missing_branches": []}, "ValidationResult.warnings": {"executed_lines": [241], "summary": {"covered_lines": 1, "num_statements": 1, "percent_covered": 100.0, "percent_covered_display": "100", "missing_lines": 0, "excluded_lines": 0, "num_branches": 0, "num_partial_branches": 0, "covered_branches": 0, "missing_branches": 0}, "missing_lines": [], "excluded_lines": [], "executed_branches": [], "missing_branches": []}, "ValidationResult.ok": {"executed_lines": [245], "summary": {"covered_lines": 1, "num_statements": 1, "percent_covered": 100.0, "percent_covered_display": "100", "missing_lines": 0, "excluded_lines": 0, "num_branches": 0, "num_partial_branches": 0, "covered_branches": 0, "missing_branches": 0}, "missing_lines": [], "excluded_lines": [], "executed_branches": [], "missing_branches": []}, "ValidationResult.add": {"executed_lines": [249], "summary": {"covered_lines": 1, "num_statements": 1, "percent_covered": 100.0, "percent_covered_display": "100", "missing_lines": 0, "excluded_lines": 0, "num_branches": 0, "num_partial_branches": 0, "covered_branches": 0, "missing_branches": 0}, "missing_lines": [], "excluded_lines": [], "executed_branches": [], "missing_branches": []}, "_resolve_gate_metric": {"executed_lines": [288, 289, 290], "summary": {"covered_lines": 3, "num_statements": 4, "percent_covered": 75.0, "percent_covered_display": "75", "missing_lines": 1, "excluded_lines": 0, "num_branches": 4, "num_partial_branches": 1, "covered_branches": 3, "missing_branches": 1}, "missing_lines": [291], "excluded_lines": [], "executed_branches": [[288, 289], [289, 288], [289, 290]], "missing_branches": [[288, 291]]}, "validate_config": {"executed_lines": [303, 305, 306, 309, 312, 313, 314, 315, 316, 319, 321, 322, 325, 327, 328, 331, 332, 336, 337, 338, 346, 347, 348, 352, 353, 354, 355, 356, 357, 359, 360, 364, 366, 367, 371, 373, 374, 375, 376, 377, 378, 392, 393, 394, 398, 399, 400, 401, 402, 408, 409, 410, 411, 416, 417, 418, 419, 420, 421, 424, 425, 426, 430], "summary": {"covered_lines": 63, "num_statements": 72, "percent_covered": 87.5, "percent_covered_display": "88", "missing_lines": 9, "excluded_lines": 0, "num_branches": 32, "num_partial_branches": 2, "covered_branches": 28, "missing_branches": 4}, "missing_lines": [339, 340, 341, 343, 382, 383, 384, 385, 386], "excluded_lines": [], "executed_branches": [[305, 306], [305, 312], [321, 322], [321, 327], [338, 346], [347, 348], [347, 352], [352, 353], [352, 392], [359, 360], [359, 366], [366, 367], [366, 373], [373, 352], [373, 374], [375, 376], [393, 394], [393, 398], [398, 399], [398, 416], [401, 402], [401, 408], [417, 418], [417, 430], [420, 421], [420, 424], [425, 426], [425, 430]], "missing_branches": [[338, 339], [375, 382], [382, 352], [382, 383]]}, "_detect_language": {"executed_lines": [448, 449, 450, 451], "summary": {"covered_lines": 4, "num_statements": 4, "percent_covered": 100.0, "percent_covered_display": "100", "missing_lines": 0, "excluded_lines": 0, "num_branches": 4, "num_partial_branches": 0, "covered_branches": 4, "missing_branches": 0}, "missing_lines": [], "excluded_lines": [], "executed_branches": [[448, 449], [448, 451], [449, 448], [449, 450]], "missing_branches": []}, "detect_project_facts": {"executed_lines": [456, 458, 459, 461, 464, 465, 467, 468, 469, 472, 474, 477, 478, 479, 481], "summary": {"covered_lines": 15, "num_statements": 15, "percent_covered": 100.0, "percent_covered_display": "100", "missing_lines": 0, "excluded_lines": 0, "num_branches": 6, "num_partial_branches": 0, "covered_branches": 6, "missing_branches": 0}, "missing_lines": [], "excluded_lines": [], "executed_branches": [[465, 467], [465, 469], [467, 465], [467, 468], [478, 479], [478, 481]], "missing_branches": []}, "": {"executed_lines": [1, 25, 27, 28, 29, 30, 31, 32, 34, 41, 42, 43, 44, 45, 46, 50, 51, 53, 54, 55, 56, 57, 58, 59, 60, 61, 62, 64, 65, 66, 67, 68, 69, 71, 72, 73, 74, 75, 77, 78, 79, 80, 82, 83, 84, 85, 88, 96, 97, 98, 99, 100, 101, 102, 103, 104, 105, 107, 108, 112, 113, 122, 134, 143, 151, 158, 166, 178, 186, 211, 212, 213, 214, 217, 218, 219, 220, 221, 222, 223, 224, 227, 228, 229, 230, 231, 232, 233, 235, 236, 239, 240, 243, 244, 247, 259, 283, 286, 298, 437, 446, 454], "summary": {"covered_lines": 97, "num_statements": 97, "percent_covered": 100.0, "percent_covered_display": "100", "missing_lines": 0, "excluded_lines": 0, "num_branches": 0, "num_partial_branches": 0, "covered_branches": 0, "missing_branches": 0}, "missing_lines": [], "excluded_lines": [], "executed_branches": [], "missing_branches": []}}, "classes": {"ErrorDomain": {"executed_lines": [], "summary": {"covered_lines": 0, "num_statements": 0, "percent_covered": 100.0, "percent_covered_display": "100", "missing_lines": 0, "excluded_lines": 0, "num_branches": 0, "num_partial_branches": 0, "covered_branches": 0, "missing_branches": 0}, "missing_lines": [], "excluded_lines": [], "executed_branches": [], "missing_branches": []}, "EC": {"executed_lines": [], "summary": {"covered_lines": 0, "num_statements": 0, "percent_covered": 100.0, "percent_covered_display": "100", "missing_lines": 0, "excluded_lines": 0, "num_branches": 0, "num_partial_branches": 0, "covered_branches": 0, "missing_branches": 0}, "missing_lines": [], "excluded_lines": [], "executed_branches": [], "missing_branches": []}, "StageFailure": {"executed_lines": [110, 114], "summary": {"covered_lines": 2, "num_statements": 2, "percent_covered": 100.0, "percent_covered_display": "100", "missing_lines": 0, "excluded_lines": 0, "num_branches": 0, "num_partial_branches": 0, "covered_branches": 0, "missing_branches": 0}, "missing_lines": [], "excluded_lines": [], "executed_branches": [], "missing_branches": []}, "Severity": {"executed_lines": [], "summary": {"covered_lines": 0, "num_statements": 0, "percent_covered": 100.0, "percent_covered_display": "100", "missing_lines": 0, "excluded_lines": 0, "num_branches": 0, "num_partial_branches": 0, "covered_branches": 0, "missing_branches": 0}, "missing_lines": [], "excluded_lines": [], "executed_branches": [], "missing_branches": []}, "ValidationIssue": {"executed_lines": [], "summary": {"covered_lines": 0, "num_statements": 0, "percent_covered": 100.0, "percent_covered_display": "100", "missing_lines": 0, "excluded_lines": 0, "num_branches": 0, "num_partial_branches": 0, "covered_branches": 0, "missing_branches": 0}, "missing_lines": [], "excluded_lines": [], "executed_branches": [], "missing_branches": []}, "ValidationResult": {"executed_lines": [237, 241, 245, 249], "summary": {"covered_lines": 4, "num_statements": 4, "percent_covered": 100.0, "percent_covered_display": "100", "missing_lines": 0, "excluded_lines": 0, "num_branches": 0, "num_partial_branches": 0, "covered_branches": 0, "missing_branches": 0}, "missing_lines": [], "excluded_lines": [], "executed_branches": [], "missing_branches": []}, "": {"executed_lines": [1, 25, 27, 28, 29, 30, 31, 32, 34, 41, 42, 43, 44, 45, 46, 50, 51, 53, 54, 55, 56, 57, 58, 59, 60, 61, 62, 64, 65, 66, 67, 68, 69, 71, 72, 73, 74, 75, 77, 78, 79, 80, 82, 83, 84, 85, 88, 90, 91, 92, 93, 96, 97, 98, 99, 100, 101, 102, 103, 104, 105, 107, 108, 112, 113, 122, 134, 143, 151, 158, 160, 161, 162, 163, 166, 168, 169, 170, 171, 178, 186, 187, 188, 190, 193, 194, 195, 196, 197, 200, 201, 203, 204, 205, 206, 208, 211, 212, 213, 214, 217, 218, 219, 220, 221, 222, 223, 224, 227, 228, 229, 230, 231, 232, 233, 235, 236, 239, 240, 243, 244, 247, 259, 283, 286, 288, 289, 290, 298, 303, 305, 306, 309, 312, 313, 314, 315, 316, 319, 321, 322, 325, 327, 328, 331, 332, 336, 337, 338, 346, 347, 348, 352, 353, 354, 355, 356, 357, 359, 360, 364, 366, 367, 371, 373, 374, 375, 376, 377, 378, 392, 393, 394, 398, 399, 400, 401, 402, 408, 409, 410, 411, 416, 417, 418, 419, 420, 421, 424, 425, 426, 430, 437, 446, 448, 449, 450, 451, 454, 456, 458, 459, 461, 464, 465, 467, 468, 469, 472, 474, 477, 478, 479, 481], "summary": {"covered_lines": 209, "num_statements": 222, "percent_covered": 92.85714285714286, "percent_covered_display": "93", "missing_lines": 13, "excluded_lines": 0, "num_branches": 72, "num_partial_branches": 4, "covered_branches": 64, "missing_branches": 8}, "missing_lines": [172, 173, 174, 291, 339, 340, 341, 343, 382, 383, 384, 385, 386], "excluded_lines": [], "executed_branches": [[90, 91], [90, 93], [91, 90], [91, 92], [161, 162], [161, 163], [170, 171], [187, 188], [187, 190], [193, 194], [193, 200], [194, 195], [194, 197], [195, 194], [195, 196], [200, 201], [200, 203], [203, 204], [203, 208], [204, 203], [204, 205], [205, 204], [205, 206], [288, 289], [289, 288], [289, 290], [305, 306], [305, 312], [321, 322], [321, 327], [338, 346], [347, 348], [347, 352], [352, 353], [352, 392], [359, 360], [359, 366], [366, 367], [366, 373], [373, 352], [373, 374], [375, 376], [393, 394], [393, 398], [398, 399], [398, 416], [401, 402], [401, 408], [417, 418], [417, 430], [420, 421], [420, 424], [425, 426], [425, 430], [448, 449], [448, 451], [449, 448], [449, 450], [465, 467], [465, 469], [467, 465], [467, 468], [478, 479], [478, 481]], "missing_branches": [[170, 172], [172, 173], [172, 174], [288, 291], [338, 339], [375, 382], [382, 352], [382, 383]]}}}}, "totals": {"covered_lines": 2484, "num_statements": 6192, "percent_covered": 37.39719400096759, "percent_covered_display": "37", "missing_lines": 3708, "excluded_lines": 127, "num_branches": 2076, "num_partial_branches": 186, "covered_branches": 608, "missing_branches": 1468}}