{"meta": {"format": 3, "version": "7.13.5", "timestamp": "2026-03-30T20:29:22.303362", "branch_coverage": false, "show_contexts": false}, "files": {"/home/tom/github/semcod/llx/llx/__init__.py": {"executed_lines": [17, 19, 20, 21, 22, 24], "summary": {"covered_lines": 6, "num_statements": 6, "percent_covered": 100.0, "percent_covered_display": "100", "missing_lines": 0, "excluded_lines": 0, "percent_statements_covered": 100.0, "percent_statements_covered_display": "100"}, "missing_lines": [], "excluded_lines": [], "functions": {"": {"executed_lines": [17, 19, 20, 21, 22, 24], "summary": {"covered_lines": 6, "num_statements": 6, "percent_covered": 100.0, "percent_covered_display": "100", "missing_lines": 0, "excluded_lines": 0, "percent_statements_covered": 100.0, "percent_statements_covered_display": "100"}, "missing_lines": [], "excluded_lines": [], "start_line": 1}}, "classes": {"": {"executed_lines": [17, 19, 20, 21, 22, 24], "summary": {"covered_lines": 6, "num_statements": 6, "percent_covered": 100.0, "percent_covered_display": "100", "missing_lines": 0, "excluded_lines": 0, "percent_statements_covered": 100.0, "percent_statements_covered_display": "100"}, "missing_lines": [], "excluded_lines": [], "start_line": 1}}}, "/home/tom/github/semcod/llx/llx/analysis/__init__.py": {"executed_lines": [], "summary": {"covered_lines": 0, "num_statements": 0, "percent_covered": 100.0, "percent_covered_display": "100", "missing_lines": 0, "excluded_lines": 0, "percent_statements_covered": 100.0, "percent_statements_covered_display": "100"}, "missing_lines": [], "excluded_lines": [], "functions": {"": {"executed_lines": [], "summary": {"covered_lines": 0, "num_statements": 0, "percent_covered": 100.0, "percent_covered_display": "100", "missing_lines": 0, "excluded_lines": 0, "percent_statements_covered": 100.0, "percent_statements_covered_display": "100"}, "missing_lines": [], "excluded_lines": [], "start_line": 1}}, "classes": {"": {"executed_lines": [], "summary": {"covered_lines": 0, "num_statements": 0, "percent_covered": 100.0, "percent_covered_display": "100", "missing_lines": 0, "excluded_lines": 0, "percent_statements_covered": 100.0, "percent_statements_covered_display": "100"}, "missing_lines": [], "excluded_lines": [], "start_line": 1}}}, "/home/tom/github/semcod/llx/llx/analysis/collector.py": {"executed_lines": [9, 10, 11, 12, 13, 15, 19, 20, 21, 22, 23, 24, 25, 26, 27, 28, 31, 32, 33, 34, 35, 36, 37, 38, 41, 42, 43, 44, 45, 46, 47, 48, 51, 52, 53, 56, 57, 58, 59, 62, 63, 70, 71, 72, 73, 74, 77, 78, 79, 80, 83, 84, 85, 86, 89, 90, 93, 94, 97, 98, 99, 101, 102, 112, 113, 122, 123, 133, 164, 170, 173, 195, 223, 240, 260, 271, 285, 306, 323, 334, 358, 366, 375, 382, 411, 420, 436, 462, 468, 474], "summary": {"covered_lines": 90, "num_statements": 302, "percent_covered": 29.801324503311257, "percent_covered_display": "30", "missing_lines": 212, "excluded_lines": 0, "percent_statements_covered": 29.801324503311257, "percent_statements_covered_display": "30"}, "missing_lines": [104, 105, 106, 107, 108, 109, 110, 115, 116, 117, 118, 119, 120, 125, 126, 127, 128, 129, 130, 142, 143, 145, 147, 148, 149, 150, 151, 152, 153, 155, 156, 157, 175, 176, 177, 178, 179, 180, 181, 182, 183, 184, 185, 186, 187, 188, 198, 201, 202, 205, 208, 209, 210, 211, 214, 217, 218, 219, 220, 225, 226, 227, 228, 229, 230, 231, 234, 235, 236, 237, 242, 243, 244, 245, 246, 247, 248, 249, 250, 251, 254, 255, 256, 257, 262, 263, 264, 265, 266, 267, 268, 274, 275, 276, 279, 280, 281, 282, 292, 293, 294, 297, 298, 299, 302, 303, 308, 309, 310, 311, 312, 313, 314, 315, 316, 317, 318, 319, 320, 325, 326, 327, 329, 330, 331, 336, 337, 338, 339, 340, 341, 342, 343, 344, 345, 346, 347, 348, 349, 350, 351, 352, 353, 354, 355, 360, 361, 362, 363, 368, 369, 370, 371, 372, 377, 378, 379, 391, 392, 393, 394, 397, 398, 399, 400, 401, 402, 404, 413, 414, 415, 416, 417, 422, 423, 424, 425, 426, 427, 428, 429, 438, 439, 440, 441, 442, 443, 444, 445, 446, 447, 448, 450, 451, 453, 454, 455, 456, 457, 458, 459, 464, 465, 470, 471, 476, 477, 478, 479, 480, 481, 482], "excluded_lines": [], "functions": {"ProjectMetrics.complexity_score": {"executed_lines": [], "summary": {"covered_lines": 0, "num_statements": 7, "percent_covered": 0.0, "percent_covered_display": "0", "missing_lines": 7, "excluded_lines": 0, "percent_statements_covered": 0.0, "percent_statements_covered_display": "0"}, "missing_lines": [104, 105, 106, 107, 108, 109, 110], "excluded_lines": [], "start_line": 102}, "ProjectMetrics.scale_score": {"executed_lines": [], "summary": {"covered_lines": 0, "num_statements": 6, "percent_covered": 0.0, "percent_covered_display": "0", "missing_lines": 6, "excluded_lines": 0, "percent_statements_covered": 0.0, "percent_statements_covered_display": "0"}, "missing_lines": [115, 116, 117, 118, 119, 120], "excluded_lines": [], "start_line": 113}, "ProjectMetrics.coupling_score": {"executed_lines": [], "summary": {"covered_lines": 0, "num_statements": 6, "percent_covered": 0.0, "percent_covered_display": "0", "missing_lines": 6, "excluded_lines": 0, "percent_statements_covered": 0.0, "percent_statements_covered_display": "0"}, "missing_lines": [125, 126, 127, 128, 129, 130], "excluded_lines": [], "start_line": 123}, "analyze_project": {"executed_lines": [], "summary": {"covered_lines": 0, "num_statements": 13, "percent_covered": 0.0, "percent_covered_display": "0", "missing_lines": 13, "excluded_lines": 0, "percent_statements_covered": 0.0, "percent_statements_covered_display": "0"}, "missing_lines": [142, 143, 145, 147, 148, 149, 150, 151, 152, 153, 155, 156, 157], "excluded_lines": [], "start_line": 133}, "_collect_filesystem_metrics": {"executed_lines": [], "summary": {"covered_lines": 0, "num_statements": 14, "percent_covered": 0.0, "percent_covered_display": "0", "missing_lines": 14, "excluded_lines": 0, "percent_statements_covered": 0.0, "percent_statements_covered_display": "0"}, "missing_lines": [175, 176, 177, 178, 179, 180, 181, 182, 183, 184, 185, 186, 187, 188], "excluded_lines": [], "start_line": 173}, "_collect_code2llm_metrics": {"executed_lines": [], "summary": {"covered_lines": 0, "num_statements": 13, "percent_covered": 0.0, "percent_covered_display": "0", "missing_lines": 13, "excluded_lines": 0, "percent_statements_covered": 0.0, "percent_statements_covered_display": "0"}, "missing_lines": [198, 201, 202, 205, 208, 209, 210, 211, 214, 217, 218, 219, 220], "excluded_lines": [], "start_line": 195}, "_apply_analysis_yaml": {"executed_lines": [], "summary": {"covered_lines": 0, "num_statements": 11, "percent_covered": 0.0, "percent_covered_display": "0", "missing_lines": 11, "excluded_lines": 0, "percent_statements_covered": 0.0, "percent_statements_covered_display": "0"}, "missing_lines": [225, 226, 227, 228, 229, 230, 231, 234, 235, 236, 237], "excluded_lines": [], "start_line": 223}, "_extract_metrics_target": {"executed_lines": [], "summary": {"covered_lines": 0, "num_statements": 14, "percent_covered": 0.0, "percent_covered_display": "0", "missing_lines": 14, "excluded_lines": 0, "percent_statements_covered": 0.0, "percent_statements_covered_display": "0"}, "missing_lines": [242, 243, 244, 245, 246, 247, 248, 249, 250, 251, 254, 255, 256, 257], "excluded_lines": [], "start_line": 240}, "_extract_evolution_stats": {"executed_lines": [], "summary": {"covered_lines": 0, "num_statements": 7, "percent_covered": 0.0, "percent_covered_display": "0", "missing_lines": 7, "excluded_lines": 0, "percent_statements_covered": 0.0, "percent_statements_covered_display": "0"}, "missing_lines": [262, 263, 264, 265, 266, 267, 268], "excluded_lines": [], "start_line": 260}, "_extract_evolution_actions": {"executed_lines": [], "summary": {"covered_lines": 0, "num_statements": 7, "percent_covered": 0.0, "percent_covered_display": "0", "missing_lines": 7, "excluded_lines": 0, "percent_statements_covered": 0.0, "percent_statements_covered_display": "0"}, "missing_lines": [274, 275, 276, 279, 280, 281, 282], "excluded_lines": [], "start_line": 271}, "_apply_evolution_yaml": {"executed_lines": [], "summary": {"covered_lines": 0, "num_statements": 8, "percent_covered": 0.0, "percent_covered_display": "0", "missing_lines": 8, "excluded_lines": 0, "percent_statements_covered": 0.0, "percent_statements_covered_display": "0"}, "missing_lines": [292, 293, 294, 297, 298, 299, 302, 303], "excluded_lines": [], "start_line": 285}, "_apply_evolution_text": {"executed_lines": [], "summary": {"covered_lines": 0, "num_statements": 13, "percent_covered": 0.0, "percent_covered_display": "0", "missing_lines": 13, "excluded_lines": 0, "percent_statements_covered": 0.0, "percent_statements_covered_display": "0"}, "missing_lines": [308, 309, 310, 311, 312, 313, 314, 315, 316, 317, 318, 319, 320], "excluded_lines": [], "start_line": 306}, "_apply_map_yaml": {"executed_lines": [], "summary": {"covered_lines": 0, "num_statements": 6, "percent_covered": 0.0, "percent_covered_display": "0", "missing_lines": 6, "excluded_lines": 0, "percent_statements_covered": 0.0, "percent_statements_covered_display": "0"}, "missing_lines": [325, 326, 327, 329, 330, 331], "excluded_lines": [], "start_line": 323}, "_parse_map_stats_line": {"executed_lines": [], "summary": {"covered_lines": 0, "num_statements": 20, "percent_covered": 0.0, "percent_covered_display": "0", "missing_lines": 20, "excluded_lines": 0, "percent_statements_covered": 0.0, "percent_statements_covered_display": "0"}, "missing_lines": [336, 337, 338, 339, 340, 341, 342, 343, 344, 345, 346, 347, 348, 349, 350, 351, 352, 353, 354, 355], "excluded_lines": [], "start_line": 334}, "_parse_map_alerts_line": {"executed_lines": [], "summary": {"covered_lines": 0, "num_statements": 4, "percent_covered": 0.0, "percent_covered_display": "0", "missing_lines": 4, "excluded_lines": 0, "percent_statements_covered": 0.0, "percent_statements_covered_display": "0"}, "missing_lines": [360, 361, 362, 363], "excluded_lines": [], "start_line": 358}, "_parse_map_hotspots_line": {"executed_lines": [], "summary": {"covered_lines": 0, "num_statements": 5, "percent_covered": 0.0, "percent_covered_display": "0", "missing_lines": 5, "excluded_lines": 0, "percent_statements_covered": 0.0, "percent_statements_covered_display": "0"}, "missing_lines": [368, 369, 370, 371, 372], "excluded_lines": [], "start_line": 366}, "_count_map_modules": {"executed_lines": [], "summary": {"covered_lines": 0, "num_statements": 3, "percent_covered": 0.0, "percent_covered_display": "0", "missing_lines": 3, "excluded_lines": 0, "percent_statements_covered": 0.0, "percent_statements_covered_display": "0"}, "missing_lines": [377, 378, 379], "excluded_lines": [], "start_line": 375}, "_apply_map_text": {"executed_lines": [], "summary": {"covered_lines": 0, "num_statements": 11, "percent_covered": 0.0, "percent_covered_display": "0", "missing_lines": 11, "excluded_lines": 0, "percent_statements_covered": 0.0, "percent_statements_covered_display": "0"}, "missing_lines": [391, 392, 393, 394, 397, 398, 399, 400, 401, 402, 404], "excluded_lines": [], "start_line": 382}, "_collect_redup_metrics": {"executed_lines": [], "summary": {"covered_lines": 0, "num_statements": 5, "percent_covered": 0.0, "percent_covered_display": "0", "missing_lines": 5, "excluded_lines": 0, "percent_statements_covered": 0.0, "percent_statements_covered_display": "0"}, "missing_lines": [413, 414, 415, 416, 417], "excluded_lines": [], "start_line": 411}, "_collect_vallm_metrics": {"executed_lines": [], "summary": {"covered_lines": 0, "num_statements": 8, "percent_covered": 0.0, "percent_covered_display": "0", "missing_lines": 8, "excluded_lines": 0, "percent_statements_covered": 0.0, "percent_statements_covered_display": "0"}, "missing_lines": [422, 423, 424, 425, 426, 427, 428, 429], "excluded_lines": [], "start_line": 420}, "_load_file": {"executed_lines": [], "summary": {"covered_lines": 0, "num_statements": 20, "percent_covered": 0.0, "percent_covered_display": "0", "missing_lines": 20, "excluded_lines": 0, "percent_statements_covered": 0.0, "percent_statements_covered_display": "0"}, "missing_lines": [438, 439, 440, 441, 442, 443, 444, 445, 446, 447, 448, 450, 451, 453, 454, 455, 456, 457, 458, 459], "excluded_lines": [], "start_line": 436}, "_extract_cc_value": {"executed_lines": [], "summary": {"covered_lines": 0, "num_statements": 2, "percent_covered": 0.0, "percent_covered_display": "0", "missing_lines": 2, "excluded_lines": 0, "percent_statements_covered": 0.0, "percent_statements_covered_display": "0"}, "missing_lines": [464, 465], "excluded_lines": [], "start_line": 462}, "_estimate_context_tokens": {"executed_lines": [], "summary": {"covered_lines": 0, "num_statements": 2, "percent_covered": 0.0, "percent_covered_display": "0", "missing_lines": 2, "excluded_lines": 0, "percent_statements_covered": 0.0, "percent_statements_covered_display": "0"}, "missing_lines": [470, 471], "excluded_lines": [], "start_line": 468}, "_classify_scope": {"executed_lines": [], "summary": {"covered_lines": 0, "num_statements": 7, "percent_covered": 0.0, "percent_covered_display": "0", "missing_lines": 7, "excluded_lines": 0, "percent_statements_covered": 0.0, "percent_statements_covered_display": "0"}, "missing_lines": [476, 477, 478, 479, 480, 481, 482], "excluded_lines": [], "start_line": 474}, "": {"executed_lines": [9, 10, 11, 12, 13, 15, 19, 20, 21, 22, 23, 24, 25, 26, 27, 28, 31, 32, 33, 34, 35, 36, 37, 38, 41, 42, 43, 44, 45, 46, 47, 48, 51, 52, 53, 56, 57, 58, 59, 62, 63, 70, 71, 72, 73, 74, 77, 78, 79, 80, 83, 84, 85, 86, 89, 90, 93, 94, 97, 98, 99, 101, 102, 112, 113, 122, 123, 133, 164, 170, 173, 195, 223, 240, 260, 271, 285, 306, 323, 334, 358, 366, 375, 382, 411, 420, 436, 462, 468, 474], "summary": {"covered_lines": 90, "num_statements": 90, "percent_covered": 100.0, "percent_covered_display": "100", "missing_lines": 0, "excluded_lines": 0, "percent_statements_covered": 100.0, "percent_statements_covered_display": "100"}, "missing_lines": [], "excluded_lines": [], "start_line": 1}}, "classes": {"ProjectMetrics": {"executed_lines": [], "summary": {"covered_lines": 0, "num_statements": 19, "percent_covered": 0.0, "percent_covered_display": "0", "missing_lines": 19, "excluded_lines": 0, "percent_statements_covered": 0.0, "percent_statements_covered_display": "0"}, "missing_lines": [104, 105, 106, 107, 108, 109, 110, 115, 116, 117, 118, 119, 120, 125, 126, 127, 128, 129, 130], "excluded_lines": [], "start_line": 63}, "": {"executed_lines": [9, 10, 11, 12, 13, 15, 19, 20, 21, 22, 23, 24, 25, 26, 27, 28, 31, 32, 33, 34, 35, 36, 37, 38, 41, 42, 43, 44, 45, 46, 47, 48, 51, 52, 53, 56, 57, 58, 59, 62, 63, 70, 71, 72, 73, 74, 77, 78, 79, 80, 83, 84, 85, 86, 89, 90, 93, 94, 97, 98, 99, 101, 102, 112, 113, 122, 123, 133, 164, 170, 173, 195, 223, 240, 260, 271, 285, 306, 323, 334, 358, 366, 375, 382, 411, 420, 436, 462, 468, 474], "summary": {"covered_lines": 90, "num_statements": 283, "percent_covered": 31.802120141342755, "percent_covered_display": "32", "missing_lines": 193, "excluded_lines": 0, "percent_statements_covered": 31.802120141342755, "percent_statements_covered_display": "32"}, "missing_lines": [142, 143, 145, 147, 148, 149, 150, 151, 152, 153, 155, 156, 157, 175, 176, 177, 178, 179, 180, 181, 182, 183, 184, 185, 186, 187, 188, 198, 201, 202, 205, 208, 209, 210, 211, 214, 217, 218, 219, 220, 225, 226, 227, 228, 229, 230, 231, 234, 235, 236, 237, 242, 243, 244, 245, 246, 247, 248, 249, 250, 251, 254, 255, 256, 257, 262, 263, 264, 265, 266, 267, 268, 274, 275, 276, 279, 280, 281, 282, 292, 293, 294, 297, 298, 299, 302, 303, 308, 309, 310, 311, 312, 313, 314, 315, 316, 317, 318, 319, 320, 325, 326, 327, 329, 330, 331, 336, 337, 338, 339, 340, 341, 342, 343, 344, 345, 346, 347, 348, 349, 350, 351, 352, 353, 354, 355, 360, 361, 362, 363, 368, 369, 370, 371, 372, 377, 378, 379, 391, 392, 393, 394, 397, 398, 399, 400, 401, 402, 404, 413, 414, 415, 416, 417, 422, 423, 424, 425, 426, 427, 428, 429, 438, 439, 440, 441, 442, 443, 444, 445, 446, 447, 448, 450, 451, 453, 454, 455, 456, 457, 458, 459, 464, 465, 470, 471, 476, 477, 478, 479, 480, 481, 482], "excluded_lines": [], "start_line": 1}}}, "/home/tom/github/semcod/llx/llx/config.py": {"executed_lines": [13, 15, 16, 17, 18, 19, 20, 22, 23, 31, 33, 36, 37, 40, 41, 42, 43, 44, 45, 46, 49, 50, 58, 59, 60, 63, 64, 65, 68, 69, 70, 73, 74, 77, 78, 81, 82, 85, 125, 126, 129, 130, 131, 132, 133, 134, 137, 164, 165, 168, 169, 170, 171, 172, 173, 174, 175, 176, 177, 178, 179, 181, 184, 185, 233, 262, 281, 295, 309, 352], "summary": {"covered_lines": 70, "num_statements": 209, "percent_covered": 33.49282296650718, "percent_covered_display": "33", "missing_lines": 139, "excluded_lines": 0, "percent_statements_covered": 33.49282296650718, "percent_statements_covered_display": "33"}, "missing_lines": [25, 26, 27, 29, 145, 146, 147, 149, 150, 151, 152, 153, 155, 156, 157, 158, 160, 161, 182, 187, 188, 191, 194, 195, 196, 197, 198, 199, 201, 202, 203, 204, 205, 206, 209, 210, 211, 212, 213, 214, 215, 216, 217, 220, 221, 222, 223, 224, 225, 226, 228, 229, 230, 235, 236, 237, 239, 240, 241, 243, 244, 245, 254, 255, 256, 257, 259, 264, 265, 266, 267, 268, 269, 270, 271, 272, 273, 274, 275, 276, 277, 278, 283, 284, 285, 297, 298, 299, 300, 301, 302, 303, 304, 305, 306, 312, 313, 314, 315, 316, 317, 318, 321, 322, 325, 326, 327, 328, 331, 332, 333, 334, 335, 338, 339, 340, 341, 344, 345, 346, 347, 349, 354, 355, 356, 357, 358, 359, 360, 361, 362, 363, 364, 365, 366, 367, 368, 369, 370], "excluded_lines": [], "functions": {"normalize_litellm_base_url": {"executed_lines": [], "summary": {"covered_lines": 0, "num_statements": 14, "percent_covered": 0.0, "percent_covered_display": "0", "missing_lines": 14, "excluded_lines": 0, "percent_statements_covered": 0.0, "percent_statements_covered_display": "0"}, "missing_lines": [145, 146, 147, 149, 150, 151, 152, 153, 155, 156, 157, 158, 160, 161], "excluded_lines": [], "start_line": 137}, "LlxConfig.__post_init__": {"executed_lines": [], "summary": {"covered_lines": 0, "num_statements": 1, "percent_covered": 0.0, "percent_covered_display": "0", "missing_lines": 1, "excluded_lines": 0, "percent_statements_covered": 0.0, "percent_statements_covered_display": "0"}, "missing_lines": [182], "excluded_lines": [], "start_line": 181}, "LlxConfig.load": {"executed_lines": [], "summary": {"covered_lines": 0, "num_statements": 34, "percent_covered": 0.0, "percent_covered_display": "0", "missing_lines": 34, "excluded_lines": 0, "percent_statements_covered": 0.0, "percent_statements_covered_display": "0"}, "missing_lines": [187, 188, 191, 194, 195, 196, 197, 198, 199, 201, 202, 203, 204, 205, 206, 209, 210, 211, 212, 213, 214, 215, 216, 217, 220, 221, 222, 223, 224, 225, 226, 228, 229, 230], "excluded_lines": [], "start_line": 185}, "_apply_toml": {"executed_lines": [], "summary": {"covered_lines": 0, "num_statements": 14, "percent_covered": 0.0, "percent_covered_display": "0", "missing_lines": 14, "excluded_lines": 0, "percent_statements_covered": 0.0, "percent_statements_covered_display": "0"}, "missing_lines": [235, 236, 237, 239, 240, 241, 243, 244, 245, 254, 255, 256, 257, 259], "excluded_lines": [], "start_line": 233}, "_apply_yaml_thresholds": {"executed_lines": [], "summary": {"covered_lines": 0, "num_statements": 15, "percent_covered": 0.0, "percent_covered_display": "0", "missing_lines": 15, "excluded_lines": 0, "percent_statements_covered": 0.0, "percent_statements_covered_display": "0"}, "missing_lines": [264, 265, 266, 267, 268, 269, 270, 271, 272, 273, 274, 275, 276, 277, 278], "excluded_lines": [], "start_line": 262}, "_apply_yaml_models": {"executed_lines": [], "summary": {"covered_lines": 0, "num_statements": 3, "percent_covered": 0.0, "percent_covered_display": "0", "missing_lines": 3, "excluded_lines": 0, "percent_statements_covered": 0.0, "percent_statements_covered_display": "0"}, "missing_lines": [283, 284, 285], "excluded_lines": [], "start_line": 281}, "_apply_yaml_proxy": {"executed_lines": [], "summary": {"covered_lines": 0, "num_statements": 10, "percent_covered": 0.0, "percent_covered_display": "0", "missing_lines": 10, "excluded_lines": 0, "percent_statements_covered": 0.0, "percent_statements_covered_display": "0"}, "missing_lines": [297, 298, 299, 300, 301, 302, 303, 304, 305, 306], "excluded_lines": [], "start_line": 295}, "_apply_yaml": {"executed_lines": [], "summary": {"covered_lines": 0, "num_statements": 27, "percent_covered": 0.0, "percent_covered_display": "0", "missing_lines": 27, "excluded_lines": 0, "percent_statements_covered": 0.0, "percent_statements_covered_display": "0"}, "missing_lines": [312, 313, 314, 315, 316, 317, 318, 321, 322, 325, 326, 327, 328, 331, 332, 333, 334, 335, 338, 339, 340, 341, 344, 345, 346, 347, 349], "excluded_lines": [], "start_line": 309}, "_apply_env": {"executed_lines": [], "summary": {"covered_lines": 0, "num_statements": 17, "percent_covered": 0.0, "percent_covered_display": "0", "missing_lines": 17, "excluded_lines": 0, "percent_statements_covered": 0.0, "percent_statements_covered_display": "0"}, "missing_lines": [354, 355, 356, 357, 358, 359, 360, 361, 362, 363, 364, 365, 366, 367, 368, 369, 370], "excluded_lines": [], "start_line": 352}, "": {"executed_lines": [13, 15, 16, 17, 18, 19, 20, 22, 23, 31, 33, 36, 37, 40, 41, 42, 43, 44, 45, 46, 49, 50, 58, 59, 60, 63, 64, 65, 68, 69, 70, 73, 74, 77, 78, 81, 82, 85, 125, 126, 129, 130, 131, 132, 133, 134, 137, 164, 165, 168, 169, 170, 171, 172, 173, 174, 175, 176, 177, 178, 179, 181, 184, 185, 233, 262, 281, 295, 309, 352], "summary": {"covered_lines": 70, "num_statements": 74, "percent_covered": 94.5945945945946, "percent_covered_display": "95", "missing_lines": 4, "excluded_lines": 0, "percent_statements_covered": 94.5945945945946, "percent_statements_covered_display": "95"}, "missing_lines": [25, 26, 27, 29], "excluded_lines": [], "start_line": 1}}, "classes": {"ModelConfig": {"executed_lines": [], "summary": {"covered_lines": 0, "num_statements": 0, "percent_covered": 100.0, "percent_covered_display": "100", "missing_lines": 0, "excluded_lines": 0, "percent_statements_covered": 100.0, "percent_statements_covered_display": "100"}, "missing_lines": [], "excluded_lines": [], "start_line": 37}, "TierThresholds": {"executed_lines": [], "summary": {"covered_lines": 0, "num_statements": 0, "percent_covered": 100.0, "percent_covered_display": "100", "missing_lines": 0, "excluded_lines": 0, "percent_statements_covered": 100.0, "percent_statements_covered_display": "100"}, "missing_lines": [], "excluded_lines": [], "start_line": 50}, "ProxyConfig": {"executed_lines": [], "summary": {"covered_lines": 0, "num_statements": 0, "percent_covered": 100.0, "percent_covered_display": "100", "missing_lines": 0, "excluded_lines": 0, "percent_statements_covered": 100.0, "percent_statements_covered_display": "100"}, "missing_lines": [], "excluded_lines": [], "start_line": 126}, "LlxConfig": {"executed_lines": [], "summary": {"covered_lines": 0, "num_statements": 35, "percent_covered": 0.0, "percent_covered_display": "0", "missing_lines": 35, "excluded_lines": 0, "percent_statements_covered": 0.0, "percent_statements_covered_display": "0"}, "missing_lines": [182, 187, 188, 191, 194, 195, 196, 197, 198, 199, 201, 202, 203, 204, 205, 206, 209, 210, 211, 212, 213, 214, 215, 216, 217, 220, 221, 222, 223, 224, 225, 226, 228, 229, 230], "excluded_lines": [], "start_line": 165}, "": {"executed_lines": [13, 15, 16, 17, 18, 19, 20, 22, 23, 31, 33, 36, 37, 40, 41, 42, 43, 44, 45, 46, 49, 50, 58, 59, 60, 63, 64, 65, 68, 69, 70, 73, 74, 77, 78, 81, 82, 85, 125, 126, 129, 130, 131, 132, 133, 134, 137, 164, 165, 168, 169, 170, 171, 172, 173, 174, 175, 176, 177, 178, 179, 181, 184, 185, 233, 262, 281, 295, 309, 352], "summary": {"covered_lines": 70, "num_statements": 174, "percent_covered": 40.229885057471265, "percent_covered_display": "40", "missing_lines": 104, "excluded_lines": 0, "percent_statements_covered": 40.229885057471265, "percent_statements_covered_display": "40"}, "missing_lines": [25, 26, 27, 29, 145, 146, 147, 149, 150, 151, 152, 153, 155, 156, 157, 158, 160, 161, 235, 236, 237, 239, 240, 241, 243, 244, 245, 254, 255, 256, 257, 259, 264, 265, 266, 267, 268, 269, 270, 271, 272, 273, 274, 275, 276, 277, 278, 283, 284, 285, 297, 298, 299, 300, 301, 302, 303, 304, 305, 306, 312, 313, 314, 315, 316, 317, 318, 321, 322, 325, 326, 327, 328, 331, 332, 333, 334, 335, 338, 339, 340, 341, 344, 345, 346, 347, 349, 354, 355, 356, 357, 358, 359, 360, 361, 362, 363, 364, 365, 366, 367, 368, 369, 370], "excluded_lines": [], "start_line": 1}}}, "/home/tom/github/semcod/llx/llx/litellm_config.py": {"executed_lines": [7, 9, 10, 11, 13, 16, 17, 19, 20, 21, 22, 23, 24, 25, 28, 29, 31, 32, 33, 34, 35, 36, 38, 39, 77, 78, 89, 96, 100, 104, 108, 112, 133, 149], "summary": {"covered_lines": 34, "num_statements": 64, "percent_covered": 53.125, "percent_covered_display": "53", "missing_lines": 30, "excluded_lines": 0, "percent_statements_covered": 53.125, "percent_statements_covered_display": "53"}, "missing_lines": [41, 42, 44, 46, 48, 49, 51, 52, 55, 56, 57, 66, 68, 80, 91, 92, 93, 94, 98, 102, 106, 110, 115, 117, 119, 120, 129, 131, 135, 151], "excluded_lines": [], "functions": {"LiteLLMConfig.load": {"executed_lines": [], "summary": {"covered_lines": 0, "num_statements": 13, "percent_covered": 0.0, "percent_covered_display": "0", "missing_lines": 13, "excluded_lines": 0, "percent_statements_covered": 0.0, "percent_statements_covered_display": "0"}, "missing_lines": [41, 42, 44, 46, 48, 49, 51, 52, 55, 56, 57, 66, 68], "excluded_lines": [], "start_line": 39}, "LiteLLMConfig._default_config": {"executed_lines": [], "summary": {"covered_lines": 0, "num_statements": 1, "percent_covered": 0.0, "percent_covered_display": "0", "missing_lines": 1, "excluded_lines": 0, "percent_statements_covered": 0.0, "percent_statements_covered_display": "0"}, "missing_lines": [80], "excluded_lines": [], "start_line": 78}, "LiteLLMConfig.get_model_config": {"executed_lines": [], "summary": {"covered_lines": 0, "num_statements": 4, "percent_covered": 0.0, "percent_covered_display": "0", "missing_lines": 4, "excluded_lines": 0, "percent_statements_covered": 0.0, "percent_statements_covered_display": "0"}, "missing_lines": [91, 92, 93, 94], "excluded_lines": [], "start_line": 89}, "LiteLLMConfig.get_models_by_tag": {"executed_lines": [], "summary": {"covered_lines": 0, "num_statements": 1, "percent_covered": 0.0, "percent_covered_display": "0", "missing_lines": 1, "excluded_lines": 0, "percent_statements_covered": 0.0, "percent_statements_covered_display": "0"}, "missing_lines": [98], "excluded_lines": [], "start_line": 96}, "LiteLLMConfig.get_models_by_provider": {"executed_lines": [], "summary": {"covered_lines": 0, "num_statements": 1, "percent_covered": 0.0, "percent_covered_display": "0", "missing_lines": 1, "excluded_lines": 0, "percent_statements_covered": 0.0, "percent_statements_covered_display": "0"}, "missing_lines": [102], "excluded_lines": [], "start_line": 100}, "LiteLLMConfig.get_models_by_tier": {"executed_lines": [], "summary": {"covered_lines": 0, "num_statements": 1, "percent_covered": 0.0, "percent_covered_display": "0", "missing_lines": 1, "excluded_lines": 0, "percent_statements_covered": 0.0, "percent_statements_covered_display": "0"}, "missing_lines": [106], "excluded_lines": [], "start_line": 104}, "LiteLLMConfig.resolve_alias": {"executed_lines": [], "summary": {"covered_lines": 0, "num_statements": 1, "percent_covered": 0.0, "percent_covered_display": "0", "missing_lines": 1, "excluded_lines": 0, "percent_statements_covered": 0.0, "percent_statements_covered_display": "0"}, "missing_lines": [110], "excluded_lines": [], "start_line": 108}, "LiteLLMConfig.to_llx_models": {"executed_lines": [], "summary": {"covered_lines": 0, "num_statements": 6, "percent_covered": 0.0, "percent_covered_display": "0", "missing_lines": 6, "excluded_lines": 0, "percent_statements_covered": 0.0, "percent_statements_covered_display": "0"}, "missing_lines": [115, 117, 119, 120, 129, 131], "excluded_lines": [], "start_line": 112}, "LiteLLMConfig.get_proxy_config": {"executed_lines": [], "summary": {"covered_lines": 0, "num_statements": 1, "percent_covered": 0.0, "percent_covered_display": "0", "missing_lines": 1, "excluded_lines": 0, "percent_statements_covered": 0.0, "percent_statements_covered_display": "0"}, "missing_lines": [135], "excluded_lines": [], "start_line": 133}, "load_litellm_config": {"executed_lines": [], "summary": {"covered_lines": 0, "num_statements": 1, "percent_covered": 0.0, "percent_covered_display": "0", "missing_lines": 1, "excluded_lines": 0, "percent_statements_covered": 0.0, "percent_statements_covered_display": "0"}, "missing_lines": [151], "excluded_lines": [], "start_line": 149}, "": {"executed_lines": [7, 9, 10, 11, 13, 16, 17, 19, 20, 21, 22, 23, 24, 25, 28, 29, 31, 32, 33, 34, 35, 36, 38, 39, 77, 78, 89, 96, 100, 104, 108, 112, 133, 149], "summary": {"covered_lines": 34, "num_statements": 34, "percent_covered": 100.0, "percent_covered_display": "100", "missing_lines": 0, "excluded_lines": 0, "percent_statements_covered": 100.0, "percent_statements_covered_display": "100"}, "missing_lines": [], "excluded_lines": [], "start_line": 1}}, "classes": {"LiteLLMModelConfig": {"executed_lines": [], "summary": {"covered_lines": 0, "num_statements": 0, "percent_covered": 100.0, "percent_covered_display": "100", "missing_lines": 0, "excluded_lines": 0, "percent_statements_covered": 100.0, "percent_statements_covered_display": "100"}, "missing_lines": [], "excluded_lines": [], "start_line": 17}, "LiteLLMConfig": {"executed_lines": [], "summary": {"covered_lines": 0, "num_statements": 29, "percent_covered": 0.0, "percent_covered_display": "0", "missing_lines": 29, "excluded_lines": 0, "percent_statements_covered": 0.0, "percent_statements_covered_display": "0"}, "missing_lines": [41, 42, 44, 46, 48, 49, 51, 52, 55, 56, 57, 66, 68, 80, 91, 92, 93, 94, 98, 102, 106, 110, 115, 117, 119, 120, 129, 131, 135], "excluded_lines": [], "start_line": 29}, "": {"executed_lines": [7, 9, 10, 11, 13, 16, 17, 19, 20, 21, 22, 23, 24, 25, 28, 29, 31, 32, 33, 34, 35, 36, 38, 39, 77, 78, 89, 96, 100, 104, 108, 112, 133, 149], "summary": {"covered_lines": 34, "num_statements": 35, "percent_covered": 97.14285714285714, "percent_covered_display": "97", "missing_lines": 1, "excluded_lines": 0, "percent_statements_covered": 97.14285714285714, "percent_statements_covered_display": "97"}, "missing_lines": [151], "excluded_lines": [], "start_line": 1}}}, "/home/tom/github/semcod/llx/llx/llm.py": {"executed_lines": [7, 9, 10, 11, 12, 14, 15, 19, 20, 22, 23, 28, 50, 62, 68, 74, 75, 78, 79, 80, 81, 84, 87, 94, 128, 148, 153], "summary": {"covered_lines": 27, "num_statements": 76, "percent_covered": 35.526315789473685, "percent_covered_display": "36", "missing_lines": 49, "excluded_lines": 4, "percent_statements_covered": 35.526315789473685, "percent_statements_covered_display": "36"}, "missing_lines": [30, 31, 32, 33, 35, 36, 37, 38, 40, 41, 42, 43, 44, 45, 46, 47, 52, 53, 54, 56, 57, 59, 64, 65, 70, 71, 88, 89, 91, 92, 103, 104, 105, 106, 108, 117, 118, 119, 121, 135, 137, 138, 139, 140, 141, 142, 144, 145, 150], "excluded_lines": [16, 17, 24, 25], "functions": {"_load_dotenv_fallback": {"executed_lines": [], "summary": {"covered_lines": 0, "num_statements": 16, "percent_covered": 0.0, "percent_covered_display": "0", "missing_lines": 16, "excluded_lines": 0, "percent_statements_covered": 0.0, "percent_statements_covered_display": "0"}, "missing_lines": [30, 31, 32, 33, 35, 36, 37, 38, 40, 41, 42, 43, 44, 45, 46, 47], "excluded_lines": [], "start_line": 28}, "_ensure_dotenv_loaded": {"executed_lines": [], "summary": {"covered_lines": 0, "num_statements": 6, "percent_covered": 0.0, "percent_covered_display": "0", "missing_lines": 6, "excluded_lines": 0, "percent_statements_covered": 0.0, "percent_statements_covered_display": "0"}, "missing_lines": [52, 53, 54, 56, 57, 59], "excluded_lines": [], "start_line": 50}, "get_llm_model": {"executed_lines": [], "summary": {"covered_lines": 0, "num_statements": 2, "percent_covered": 0.0, "percent_covered_display": "0", "missing_lines": 2, "excluded_lines": 0, "percent_statements_covered": 0.0, "percent_statements_covered_display": "0"}, "missing_lines": [64, 65], "excluded_lines": [], "start_line": 62}, "get_api_key": {"executed_lines": [], "summary": {"covered_lines": 0, "num_statements": 2, "percent_covered": 0.0, "percent_covered_display": "0", "missing_lines": 2, "excluded_lines": 0, "percent_statements_covered": 0.0, "percent_statements_covered_display": "0"}, "missing_lines": [70, 71], "excluded_lines": [], "start_line": 68}, "LLM.__init__": {"executed_lines": [], "summary": {"covered_lines": 0, "num_statements": 4, "percent_covered": 0.0, "percent_covered_display": "0", "missing_lines": 4, "excluded_lines": 0, "percent_statements_covered": 0.0, "percent_statements_covered_display": "0"}, "missing_lines": [88, 89, 91, 92], "excluded_lines": [], "start_line": 87}, "LLM.complete": {"executed_lines": [], "summary": {"covered_lines": 0, "num_statements": 9, "percent_covered": 0.0, "percent_covered_display": "0", "missing_lines": 9, "excluded_lines": 0, "percent_statements_covered": 0.0, "percent_statements_covered_display": "0"}, "missing_lines": [103, 104, 105, 106, 108, 117, 118, 119, 121], "excluded_lines": [], "start_line": 94}, "LLM.fix_code": {"executed_lines": [], "summary": {"covered_lines": 0, "num_statements": 9, "percent_covered": 0.0, "percent_covered_display": "0", "missing_lines": 9, "excluded_lines": 0, "percent_statements_covered": 0.0, "percent_statements_covered_display": "0"}, "missing_lines": [135, 137, 138, 139, 140, 141, 142, 144, 145], "excluded_lines": [], "start_line": 128}, "get_llm": {"executed_lines": [], "summary": {"covered_lines": 0, "num_statements": 1, "percent_covered": 0.0, "percent_covered_display": "0", "missing_lines": 1, "excluded_lines": 0, "percent_statements_covered": 0.0, "percent_statements_covered_display": "0"}, "missing_lines": [150], "excluded_lines": [], "start_line": 148}, "": {"executed_lines": [7, 9, 10, 11, 12, 14, 15, 19, 20, 22, 23, 28, 50, 62, 68, 74, 75, 78, 79, 80, 81, 84, 87, 94, 128, 148, 153], "summary": {"covered_lines": 27, "num_statements": 27, "percent_covered": 100.0, "percent_covered_display": "100", "missing_lines": 0, "excluded_lines": 4, "percent_statements_covered": 100.0, "percent_statements_covered_display": "100"}, "missing_lines": [], "excluded_lines": [16, 17, 24, 25], "start_line": 1}}, "classes": {"LLMResponse": {"executed_lines": [], "summary": {"covered_lines": 0, "num_statements": 0, "percent_covered": 100.0, "percent_covered_display": "100", "missing_lines": 0, "excluded_lines": 0, "percent_statements_covered": 100.0, "percent_statements_covered_display": "100"}, "missing_lines": [], "excluded_lines": [], "start_line": 75}, "LLM": {"executed_lines": [], "summary": {"covered_lines": 0, "num_statements": 22, "percent_covered": 0.0, "percent_covered_display": "0", "missing_lines": 22, "excluded_lines": 0, "percent_statements_covered": 0.0, "percent_statements_covered_display": "0"}, "missing_lines": [88, 89, 91, 92, 103, 104, 105, 106, 108, 117, 118, 119, 121, 135, 137, 138, 139, 140, 141, 142, 144, 145], "excluded_lines": [], "start_line": 84}, "": {"executed_lines": [7, 9, 10, 11, 12, 14, 15, 19, 20, 22, 23, 28, 50, 62, 68, 74, 75, 78, 79, 80, 81, 84, 87, 94, 128, 148, 153], "summary": {"covered_lines": 27, "num_statements": 54, "percent_covered": 50.0, "percent_covered_display": "50", "missing_lines": 27, "excluded_lines": 4, "percent_statements_covered": 50.0, "percent_statements_covered_display": "50"}, "missing_lines": [30, 31, 32, 33, 35, 36, 37, 38, 40, 41, 42, 43, 44, 45, 46, 47, 52, 53, 54, 56, 57, 59, 64, 65, 70, 71, 150], "excluded_lines": [16, 17, 24, 25], "start_line": 1}}}, "/home/tom/github/semcod/llx/llx/mcp/__init__.py": {"executed_lines": [10, 11, 12, 18], "summary": {"covered_lines": 4, "num_statements": 4, "percent_covered": 100.0, "percent_covered_display": "100", "missing_lines": 0, "excluded_lines": 0, "percent_statements_covered": 100.0, "percent_statements_covered_display": "100"}, "missing_lines": [], "excluded_lines": [], "functions": {"": {"executed_lines": [10, 11, 12, 18], "summary": {"covered_lines": 4, "num_statements": 4, "percent_covered": 100.0, "percent_covered_display": "100", "missing_lines": 0, "excluded_lines": 0, "percent_statements_covered": 100.0, "percent_statements_covered_display": "100"}, "missing_lines": [], "excluded_lines": [], "start_line": 1}}, "classes": {"": {"executed_lines": [10, 11, 12, 18], "summary": {"covered_lines": 4, "num_statements": 4, "percent_covered": 100.0, "percent_covered_display": "100", "missing_lines": 0, "excluded_lines": 0, "percent_statements_covered": 100.0, "percent_statements_covered_display": "100"}, "missing_lines": [], "excluded_lines": [], "start_line": 1}}}, "/home/tom/github/semcod/llx/llx/mcp/client.py": {"executed_lines": [7, 9, 10, 11, 12, 14, 17, 20, 28, 29, 43, 44, 62, 78, 85], "summary": {"covered_lines": 15, "num_statements": 55, "percent_covered": 27.272727272727273, "percent_covered_display": "27", "missing_lines": 40, "excluded_lines": 0, "percent_statements_covered": 27.272727272727273, "percent_statements_covered_display": "27"}, "missing_lines": [21, 30, 31, 32, 33, 34, 38, 39, 40, 41, 46, 47, 48, 49, 50, 51, 53, 54, 55, 57, 58, 59, 60, 64, 65, 67, 68, 69, 80, 81, 82, 83, 95, 100, 101, 102, 103, 104, 105, 106], "excluded_lines": [], "functions": {"LlxMcpClient.__init__": {"executed_lines": [], "summary": {"covered_lines": 0, "num_statements": 1, "percent_covered": 0.0, "percent_covered_display": "0", "missing_lines": 1, "excluded_lines": 0, "percent_statements_covered": 0.0, "percent_statements_covered_display": "0"}, "missing_lines": [21], "excluded_lines": [], "start_line": 20}, "LlxMcpClient._session": {"executed_lines": [], "summary": {"covered_lines": 0, "num_statements": 9, "percent_covered": 0.0, "percent_covered_display": "0", "missing_lines": 9, "excluded_lines": 0, "percent_statements_covered": 0.0, "percent_statements_covered_display": "0"}, "missing_lines": [30, 31, 32, 33, 34, 38, 39, 40, 41], "excluded_lines": [], "start_line": 29}, "LlxMcpClient._extract_text_payload": {"executed_lines": [], "summary": {"covered_lines": 0, "num_statements": 13, "percent_covered": 0.0, "percent_covered_display": "0", "missing_lines": 13, "excluded_lines": 0, "percent_statements_covered": 0.0, "percent_statements_covered_display": "0"}, "missing_lines": [46, 47, 48, 49, 50, 51, 53, 54, 55, 57, 58, 59, 60], "excluded_lines": [], "start_line": 44}, "LlxMcpClient.call_tool": {"executed_lines": [], "summary": {"covered_lines": 0, "num_statements": 5, "percent_covered": 0.0, "percent_covered_display": "0", "missing_lines": 5, "excluded_lines": 0, "percent_statements_covered": 0.0, "percent_statements_covered_display": "0"}, "missing_lines": [64, 65, 67, 68, 69], "excluded_lines": [], "start_line": 62}, "LlxMcpClient.analyze": {"executed_lines": [], "summary": {"covered_lines": 0, "num_statements": 4, "percent_covered": 0.0, "percent_covered_display": "0", "missing_lines": 4, "excluded_lines": 0, "percent_statements_covered": 0.0, "percent_statements_covered_display": "0"}, "missing_lines": [80, 81, 82, 83], "excluded_lines": [], "start_line": 78}, "LlxMcpClient.fix_with_aider": {"executed_lines": [], "summary": {"covered_lines": 0, "num_statements": 8, "percent_covered": 0.0, "percent_covered_display": "0", "missing_lines": 8, "excluded_lines": 0, "percent_statements_covered": 0.0, "percent_statements_covered_display": "0"}, "missing_lines": [95, 100, 101, 102, 103, 104, 105, 106], "excluded_lines": [], "start_line": 85}, "": {"executed_lines": [7, 9, 10, 11, 12, 14, 17, 20, 28, 29, 43, 44, 62, 78, 85], "summary": {"covered_lines": 15, "num_statements": 15, "percent_covered": 100.0, "percent_covered_display": "100", "missing_lines": 0, "excluded_lines": 0, "percent_statements_covered": 100.0, "percent_statements_covered_display": "100"}, "missing_lines": [], "excluded_lines": [], "start_line": 1}}, "classes": {"LlxMcpClient": {"executed_lines": [], "summary": {"covered_lines": 0, "num_statements": 40, "percent_covered": 0.0, "percent_covered_display": "0", "missing_lines": 40, "excluded_lines": 0, "percent_statements_covered": 0.0, "percent_statements_covered_display": "0"}, "missing_lines": [21, 30, 31, 32, 33, 34, 38, 39, 40, 41, 46, 47, 48, 49, 50, 51, 53, 54, 55, 57, 58, 59, 60, 64, 65, 67, 68, 69, 80, 81, 82, 83, 95, 100, 101, 102, 103, 104, 105, 106], "excluded_lines": [], "start_line": 17}, "": {"executed_lines": [7, 9, 10, 11, 12, 14, 17, 20, 28, 29, 43, 44, 62, 78, 85], "summary": {"covered_lines": 15, "num_statements": 15, "percent_covered": 100.0, "percent_covered_display": "100", "missing_lines": 0, "excluded_lines": 0, "percent_statements_covered": 100.0, "percent_statements_covered_display": "100"}, "missing_lines": [], "excluded_lines": [], "start_line": 1}}}, "/home/tom/github/semcod/llx/llx/mcp/service.py": {"executed_lines": [8, 10, 11, 12, 13, 14, 15, 16, 18, 21, 22, 25, 26, 27, 28, 29, 30, 31, 32, 33, 34, 35, 36, 38, 39, 40, 41, 43, 48, 52, 58, 62, 63, 65, 66, 68, 70, 71, 87, 88, 89, 113, 114, 117, 119, 125, 126, 127, 129, 132, 133, 136, 138, 139, 140, 141, 143, 150, 152, 156, 157, 159, 160, 161, 163, 164, 165, 167, 184, 195, 205, 217, 234, 242], "summary": {"covered_lines": 74, "num_statements": 123, "percent_covered": 60.16260162601626, "percent_covered_display": "60", "missing_lines": 49, "excluded_lines": 0, "percent_statements_covered": 60.16260162601626, "percent_statements_covered_display": "60"}, "missing_lines": [44, 45, 46, 49, 50, 53, 54, 55, 56, 59, 60, 67, 115, 144, 145, 153, 154, 168, 169, 170, 171, 172, 177, 178, 179, 181, 182, 185, 186, 187, 188, 189, 190, 191, 193, 207, 208, 209, 210, 214, 219, 220, 225, 231, 236, 237, 238, 239, 243], "excluded_lines": [], "functions": {"McpServiceState.mark_request": {"executed_lines": [39, 40, 41], "summary": {"covered_lines": 3, "num_statements": 3, "percent_covered": 100.0, "percent_covered_display": "100", "missing_lines": 0, "excluded_lines": 0, "percent_statements_covered": 100.0, "percent_statements_covered_display": "100"}, "missing_lines": [], "excluded_lines": [], "start_line": 38}, "McpServiceState.mark_session_open": {"executed_lines": [], "summary": {"covered_lines": 0, "num_statements": 3, "percent_covered": 0.0, "percent_covered_display": "0", "missing_lines": 3, "excluded_lines": 0, "percent_statements_covered": 0.0, "percent_statements_covered_display": "0"}, "missing_lines": [44, 45, 46], "excluded_lines": [], "start_line": 43}, "McpServiceState.mark_session_close": {"executed_lines": [], "summary": {"covered_lines": 0, "num_statements": 2, "percent_covered": 0.0, "percent_covered_display": "0", "missing_lines": 2, "excluded_lines": 0, "percent_statements_covered": 0.0, "percent_statements_covered_display": "0"}, "missing_lines": [49, 50], "excluded_lines": [], "start_line": 48}, "McpServiceState.mark_message": {"executed_lines": [], "summary": {"covered_lines": 0, "num_statements": 4, "percent_covered": 0.0, "percent_covered_display": "0", "missing_lines": 4, "excluded_lines": 0, "percent_statements_covered": 0.0, "percent_statements_covered_display": "0"}, "missing_lines": [53, 54, 55, 56], "excluded_lines": [], "start_line": 52}, "McpServiceState.mark_error": {"executed_lines": [], "summary": {"covered_lines": 0, "num_statements": 2, "percent_covered": 0.0, "percent_covered_display": "0", "missing_lines": 2, "excluded_lines": 0, "percent_statements_covered": 0.0, "percent_statements_covered_display": "0"}, "missing_lines": [59, 60], "excluded_lines": [], "start_line": 58}, "McpServiceState.uptime_seconds": {"executed_lines": [63], "summary": {"covered_lines": 1, "num_statements": 1, "percent_covered": 100.0, "percent_covered_display": "100", "missing_lines": 0, "excluded_lines": 0, "percent_statements_covered": 100.0, "percent_statements_covered_display": "100"}, "missing_lines": [], "excluded_lines": [], "start_line": 62}, "McpServiceState.last_activity_seconds_ago": {"executed_lines": [66, 68], "summary": {"covered_lines": 2, "num_statements": 3, "percent_covered": 66.66666666666667, "percent_covered_display": "67", "missing_lines": 1, "excluded_lines": 0, "percent_statements_covered": 66.66666666666667, "percent_statements_covered_display": "67"}, "missing_lines": [67], "excluded_lines": [], "start_line": 65}, "McpServiceState.health_payload": {"executed_lines": [71], "summary": {"covered_lines": 1, "num_statements": 1, "percent_covered": 100.0, "percent_covered_display": "100", "missing_lines": 0, "excluded_lines": 0, "percent_statements_covered": 100.0, "percent_statements_covered_display": "100"}, "missing_lines": [], "excluded_lines": [], "start_line": 70}, "McpServiceState.metrics_text": {"executed_lines": [88, 89, 113, 114, 117, 119, 125, 126, 127, 129], "summary": {"covered_lines": 10, "num_statements": 11, "percent_covered": 90.9090909090909, "percent_covered_display": "91", "missing_lines": 1, "excluded_lines": 0, "percent_statements_covered": 90.9090909090909, "percent_statements_covered_display": "91"}, "missing_lines": [115], "excluded_lines": [], "start_line": 87}, "_escape_label_value": {"executed_lines": [133], "summary": {"covered_lines": 1, "num_statements": 1, "percent_covered": 100.0, "percent_covered_display": "100", "missing_lines": 0, "excluded_lines": 0, "percent_statements_covered": 100.0, "percent_statements_covered_display": "100"}, "missing_lines": [], "excluded_lines": [], "start_line": 132}, "create_service_app": {"executed_lines": [138, 139, 140, 141, 143, 150, 152, 156, 157, 159, 163, 167, 184, 195], "summary": {"covered_lines": 14, "num_statements": 18, "percent_covered": 77.77777777777777, "percent_covered_display": "78", "missing_lines": 4, "excluded_lines": 0, "percent_statements_covered": 77.77777777777777, "percent_statements_covered_display": "78"}, "missing_lines": [144, 145, 153, 154], "excluded_lines": [], "start_line": 136}, "create_service_app.health": {"executed_lines": [160, 161], "summary": {"covered_lines": 2, "num_statements": 2, "percent_covered": 100.0, "percent_covered_display": "100", "missing_lines": 0, "excluded_lines": 0, "percent_statements_covered": 100.0, "percent_statements_covered_display": "100"}, "missing_lines": [], "excluded_lines": [], "start_line": 159}, "create_service_app.metrics": {"executed_lines": [164, 165], "summary": {"covered_lines": 2, "num_statements": 2, "percent_covered": 100.0, "percent_covered_display": "100", "missing_lines": 0, "excluded_lines": 0, "percent_statements_covered": 100.0, "percent_statements_covered_display": "100"}, "missing_lines": [], "excluded_lines": [], "start_line": 163}, "create_service_app.handle_sse": {"executed_lines": [], "summary": {"covered_lines": 0, "num_statements": 10, "percent_covered": 0.0, "percent_covered_display": "0", "missing_lines": 10, "excluded_lines": 0, "percent_statements_covered": 0.0, "percent_statements_covered_display": "0"}, "missing_lines": [168, 169, 170, 171, 172, 177, 178, 179, 181, 182], "excluded_lines": [], "start_line": 167}, "create_service_app.handle_post_message": {"executed_lines": [], "summary": {"covered_lines": 0, "num_statements": 8, "percent_covered": 0.0, "percent_covered_display": "0", "missing_lines": 8, "excluded_lines": 0, "percent_statements_covered": 0.0, "percent_statements_covered_display": "0"}, "missing_lines": [185, 186, 187, 188, 189, 190, 191, 193], "excluded_lines": [], "start_line": 184}, "run_service": {"executed_lines": [], "summary": {"covered_lines": 0, "num_statements": 5, "percent_covered": 0.0, "percent_covered_display": "0", "missing_lines": 5, "excluded_lines": 0, "percent_statements_covered": 0.0, "percent_statements_covered_display": "0"}, "missing_lines": [207, 208, 209, 210, 214], "excluded_lines": [], "start_line": 205}, "build_parser": {"executed_lines": [], "summary": {"covered_lines": 0, "num_statements": 4, "percent_covered": 0.0, "percent_covered_display": "0", "missing_lines": 4, "excluded_lines": 0, "percent_statements_covered": 0.0, "percent_statements_covered_display": "0"}, "missing_lines": [219, 220, 225, 231], "excluded_lines": [], "start_line": 217}, "main": {"executed_lines": [], "summary": {"covered_lines": 0, "num_statements": 4, "percent_covered": 0.0, "percent_covered_display": "0", "missing_lines": 4, "excluded_lines": 0, "percent_statements_covered": 0.0, "percent_statements_covered_display": "0"}, "missing_lines": [236, 237, 238, 239], "excluded_lines": [], "start_line": 234}, "": {"executed_lines": [8, 10, 11, 12, 13, 14, 15, 16, 18, 21, 22, 25, 26, 27, 28, 29, 30, 31, 32, 33, 34, 35, 36, 38, 43, 48, 52, 58, 62, 65, 70, 87, 132, 136, 205, 217, 234, 242], "summary": {"covered_lines": 38, "num_statements": 39, "percent_covered": 97.43589743589743, "percent_covered_display": "97", "missing_lines": 1, "excluded_lines": 0, "percent_statements_covered": 97.43589743589743, "percent_statements_covered_display": "97"}, "missing_lines": [243], "excluded_lines": [], "start_line": 1}}, "classes": {"McpServiceState": {"executed_lines": [39, 40, 41, 63, 66, 68, 71, 88, 89, 113, 114, 117, 119, 125, 126, 127, 129], "summary": {"covered_lines": 17, "num_statements": 30, "percent_covered": 56.666666666666664, "percent_covered_display": "57", "missing_lines": 13, "excluded_lines": 0, "percent_statements_covered": 56.666666666666664, "percent_statements_covered_display": "57"}, "missing_lines": [44, 45, 46, 49, 50, 53, 54, 55, 56, 59, 60, 67, 115], "excluded_lines": [], "start_line": 22}, "": {"executed_lines": [8, 10, 11, 12, 13, 14, 15, 16, 18, 21, 22, 25, 26, 27, 28, 29, 30, 31, 32, 33, 34, 35, 36, 38, 43, 48, 52, 58, 62, 65, 70, 87, 132, 133, 136, 138, 139, 140, 141, 143, 150, 152, 156, 157, 159, 160, 161, 163, 164, 165, 167, 184, 195, 205, 217, 234, 242], "summary": {"covered_lines": 57, "num_statements": 93, "percent_covered": 61.29032258064516, "percent_covered_display": "61", "missing_lines": 36, "excluded_lines": 0, "percent_statements_covered": 61.29032258064516, "percent_statements_covered_display": "61"}, "missing_lines": [144, 145, 153, 154, 168, 169, 170, 171, 172, 177, 178, 179, 181, 182, 185, 186, 187, 188, 189, 190, 191, 193, 207, 208, 209, 210, 214, 219, 220, 225, 231, 236, 237, 238, 239, 243], "excluded_lines": [], "start_line": 1}}}, "/home/tom/github/semcod/llx/llx/mcp/workflows.py": {"executed_lines": [8, 10, 11, 12, 13, 15, 16, 22, 23, 26, 27, 30, 31, 32, 33, 34, 35, 36, 37, 38, 39, 40, 42, 44, 47, 60, 61, 63, 64, 65, 66, 69, 75, 76, 77, 78, 79, 81, 89, 90, 93, 94, 118, 119, 120, 123, 135], "summary": {"covered_lines": 47, "num_statements": 51, "percent_covered": 92.15686274509804, "percent_covered_display": "92", "missing_lines": 4, "excluded_lines": 0, "percent_statements_covered": 92.15686274509804, "percent_statements_covered_display": "92"}, "missing_lines": [67, 91, 106, 107], "excluded_lines": [], "functions": {"LlxMcpRunResult.to_dict": {"executed_lines": [44], "summary": {"covered_lines": 1, "num_statements": 1, "percent_covered": 100.0, "percent_covered_display": "100", "missing_lines": 0, "excluded_lines": 0, "percent_statements_covered": 100.0, "percent_statements_covered_display": "100"}, "missing_lines": [], "excluded_lines": [], "start_line": 42}, "run_llx_fix_workflow": {"executed_lines": [60, 61, 63, 64, 65, 66, 69, 75, 76, 77, 78, 79, 81, 89, 90, 93, 94, 118, 119, 120], "summary": {"covered_lines": 20, "num_statements": 24, "percent_covered": 83.33333333333333, "percent_covered_display": "83", "missing_lines": 4, "excluded_lines": 0, "percent_statements_covered": 83.33333333333333, "percent_statements_covered_display": "83"}, "missing_lines": [67, 91, 106, 107], "excluded_lines": [], "start_line": 47}, "run_llx_refactor_workflow": {"executed_lines": [135], "summary": {"covered_lines": 1, "num_statements": 1, "percent_covered": 100.0, "percent_covered_display": "100", "missing_lines": 0, "excluded_lines": 0, "percent_statements_covered": 100.0, "percent_statements_covered_display": "100"}, "missing_lines": [], "excluded_lines": [], "start_line": 123}, "": {"executed_lines": [8, 10, 11, 12, 13, 15, 16, 22, 23, 26, 27, 30, 31, 32, 33, 34, 35, 36, 37, 38, 39, 40, 42, 47, 123], "summary": {"covered_lines": 25, "num_statements": 25, "percent_covered": 100.0, "percent_covered_display": "100", "missing_lines": 0, "excluded_lines": 0, "percent_statements_covered": 100.0, "percent_statements_covered_display": "100"}, "missing_lines": [], "excluded_lines": [], "start_line": 1}}, "classes": {"LlxMcpRunResult": {"executed_lines": [44], "summary": {"covered_lines": 1, "num_statements": 1, "percent_covered": 100.0, "percent_covered_display": "100", "missing_lines": 0, "excluded_lines": 0, "percent_statements_covered": 100.0, "percent_statements_covered_display": "100"}, "missing_lines": [], "excluded_lines": [], "start_line": 27}, "": {"executed_lines": [8, 10, 11, 12, 13, 15, 16, 22, 23, 26, 27, 30, 31, 32, 33, 34, 35, 36, 37, 38, 39, 40, 42, 47, 60, 61, 63, 64, 65, 66, 69, 75, 76, 77, 78, 79, 81, 89, 90, 93, 94, 118, 119, 120, 123, 135], "summary": {"covered_lines": 46, "num_statements": 50, "percent_covered": 92.0, "percent_covered_display": "92", "missing_lines": 4, "excluded_lines": 0, "percent_statements_covered": 92.0, "percent_statements_covered_display": "92"}, "missing_lines": [67, 91, 106, 107], "excluded_lines": [], "start_line": 1}}}, "/home/tom/github/semcod/llx/llx/routing/__init__.py": {"executed_lines": [], "summary": {"covered_lines": 0, "num_statements": 0, "percent_covered": 100.0, "percent_covered_display": "100", "missing_lines": 0, "excluded_lines": 0, "percent_statements_covered": 100.0, "percent_statements_covered_display": "100"}, "missing_lines": [], "excluded_lines": [], "functions": {"": {"executed_lines": [], "summary": {"covered_lines": 0, "num_statements": 0, "percent_covered": 100.0, "percent_covered_display": "100", "missing_lines": 0, "excluded_lines": 0, "percent_statements_covered": 100.0, "percent_statements_covered_display": "100"}, "missing_lines": [], "excluded_lines": [], "start_line": 1}}, "classes": {"": {"executed_lines": [], "summary": {"covered_lines": 0, "num_statements": 0, "percent_covered": 100.0, "percent_covered_display": "100", "missing_lines": 0, "excluded_lines": 0, "percent_statements_covered": 100.0, "percent_statements_covered_display": "100"}, "missing_lines": [], "excluded_lines": [], "start_line": 1}}}, "/home/tom/github/semcod/llx/llx/routing/selector.py": {"executed_lines": [10, 12, 13, 15, 16, 19, 22, 23, 24, 25, 26, 27, 30, 31, 34, 35, 36, 37, 38, 40, 41, 44, 54, 132, 167, 194, 205, 234, 246, 251], "summary": {"covered_lines": 30, "num_statements": 137, "percent_covered": 21.8978102189781, "percent_covered_display": "22", "missing_lines": 107, "excluded_lines": 0, "percent_statements_covered": 21.8978102189781, "percent_statements_covered_display": "22"}, "missing_lines": [42, 46, 47, 48, 49, 50, 51, 79, 80, 82, 83, 84, 91, 92, 100, 101, 102, 105, 108, 109, 110, 111, 114, 115, 116, 117, 118, 121, 123, 134, 136, 137, 138, 140, 141, 142, 144, 145, 146, 148, 149, 150, 152, 153, 154, 156, 157, 158, 160, 161, 162, 164, 169, 171, 172, 173, 175, 176, 177, 179, 180, 181, 183, 184, 185, 187, 188, 189, 191, 196, 197, 198, 199, 200, 201, 202, 213, 214, 216, 217, 220, 221, 222, 225, 226, 227, 230, 231, 236, 237, 238, 239, 248, 260, 262, 263, 265, 266, 267, 268, 269, 270, 271, 276, 277, 278, 280], "excluded_lines": [], "functions": {"SelectionResult.model_id": {"executed_lines": [], "summary": {"covered_lines": 0, "num_statements": 1, "percent_covered": 0.0, "percent_covered_display": "0", "missing_lines": 1, "excluded_lines": 0, "percent_statements_covered": 0.0, "percent_statements_covered_display": "0"}, "missing_lines": [42], "excluded_lines": [], "start_line": 41}, "SelectionResult.explain": {"executed_lines": [], "summary": {"covered_lines": 0, "num_statements": 6, "percent_covered": 0.0, "percent_covered_display": "0", "missing_lines": 6, "excluded_lines": 0, "percent_statements_covered": 0.0, "percent_statements_covered_display": "0"}, "missing_lines": [46, 47, 48, 49, 50, 51], "excluded_lines": [], "start_line": 44}, "select_model": {"executed_lines": [], "summary": {"covered_lines": 0, "num_statements": 22, "percent_covered": 0.0, "percent_covered_display": "0", "missing_lines": 22, "excluded_lines": 0, "percent_statements_covered": 0.0, "percent_statements_covered_display": "0"}, "missing_lines": [79, 80, 82, 83, 84, 91, 92, 100, 101, 102, 105, 108, 109, 110, 111, 114, 115, 116, 117, 118, 121, 123], "excluded_lines": [], "start_line": 54}, "_count_premium_signals": {"executed_lines": [], "summary": {"covered_lines": 0, "num_statements": 23, "percent_covered": 0.0, "percent_covered_display": "0", "missing_lines": 23, "excluded_lines": 0, "percent_statements_covered": 0.0, "percent_statements_covered_display": "0"}, "missing_lines": [134, 136, 137, 138, 140, 141, 142, 144, 145, 146, 148, 149, 150, 152, 153, 154, 156, 157, 158, 160, 161, 162, 164], "excluded_lines": [], "start_line": 132}, "_count_balanced_signals": {"executed_lines": [], "summary": {"covered_lines": 0, "num_statements": 17, "percent_covered": 0.0, "percent_covered_display": "0", "missing_lines": 17, "excluded_lines": 0, "percent_statements_covered": 0.0, "percent_statements_covered_display": "0"}, "missing_lines": [169, 171, 172, 173, 175, 176, 177, 179, 180, 181, 183, 184, 185, 187, 188, 189, 191], "excluded_lines": [], "start_line": 167}, "_apply_task_adjustment": {"executed_lines": [], "summary": {"covered_lines": 0, "num_statements": 7, "percent_covered": 0.0, "percent_covered_display": "0", "missing_lines": 7, "excluded_lines": 0, "percent_statements_covered": 0.0, "percent_statements_covered_display": "0"}, "missing_lines": [196, 197, 198, 199, 200, 201, 202], "excluded_lines": [], "start_line": 194}, "_compute_tier": {"executed_lines": [], "summary": {"covered_lines": 0, "num_statements": 12, "percent_covered": 0.0, "percent_covered_display": "0", "missing_lines": 12, "excluded_lines": 0, "percent_statements_covered": 0.0, "percent_statements_covered_display": "0"}, "missing_lines": [213, 214, 216, 217, 220, 221, 222, 225, 226, 227, 230, 231], "excluded_lines": [], "start_line": 205}, "_compute_alternative": {"executed_lines": [], "summary": {"covered_lines": 0, "num_statements": 4, "percent_covered": 0.0, "percent_covered_display": "0", "missing_lines": 4, "excluded_lines": 0, "percent_statements_covered": 0.0, "percent_statements_covered_display": "0"}, "missing_lines": [236, 237, 238, 239], "excluded_lines": [], "start_line": 234}, "check_context_fit": {"executed_lines": [], "summary": {"covered_lines": 0, "num_statements": 1, "percent_covered": 0.0, "percent_covered_display": "0", "missing_lines": 1, "excluded_lines": 0, "percent_statements_covered": 0.0, "percent_statements_covered_display": "0"}, "missing_lines": [248], "excluded_lines": [], "start_line": 246}, "select_with_context_check": {"executed_lines": [], "summary": {"covered_lines": 0, "num_statements": 14, "percent_covered": 0.0, "percent_covered_display": "0", "missing_lines": 14, "excluded_lines": 0, "percent_statements_covered": 0.0, "percent_statements_covered_display": "0"}, "missing_lines": [260, 262, 263, 265, 266, 267, 268, 269, 270, 271, 276, 277, 278, 280], "excluded_lines": [], "start_line": 251}, "": {"executed_lines": [10, 12, 13, 15, 16, 19, 22, 23, 24, 25, 26, 27, 30, 31, 34, 35, 36, 37, 38, 40, 41, 44, 54, 132, 167, 194, 205, 234, 246, 251], "summary": {"covered_lines": 30, "num_statements": 30, "percent_covered": 100.0, "percent_covered_display": "100", "missing_lines": 0, "excluded_lines": 0, "percent_statements_covered": 100.0, "percent_statements_covered_display": "100"}, "missing_lines": [], "excluded_lines": [], "start_line": 1}}, "classes": {"ModelTier": {"executed_lines": [], "summary": {"covered_lines": 0, "num_statements": 0, "percent_covered": 100.0, "percent_covered_display": "100", "missing_lines": 0, "excluded_lines": 0, "percent_statements_covered": 100.0, "percent_statements_covered_display": "100"}, "missing_lines": [], "excluded_lines": [], "start_line": 19}, "SelectionResult": {"executed_lines": [], "summary": {"covered_lines": 0, "num_statements": 7, "percent_covered": 0.0, "percent_covered_display": "0", "missing_lines": 7, "excluded_lines": 0, "percent_statements_covered": 0.0, "percent_statements_covered_display": "0"}, "missing_lines": [42, 46, 47, 48, 49, 50, 51], "excluded_lines": [], "start_line": 31}, "": {"executed_lines": [10, 12, 13, 15, 16, 19, 22, 23, 24, 25, 26, 27, 30, 31, 34, 35, 36, 37, 38, 40, 41, 44, 54, 132, 167, 194, 205, 234, 246, 251], "summary": {"covered_lines": 30, "num_statements": 130, "percent_covered": 23.076923076923077, "percent_covered_display": "23", "missing_lines": 100, "excluded_lines": 0, "percent_statements_covered": 23.076923076923077, "percent_statements_covered_display": "23"}, "missing_lines": [79, 80, 82, 83, 84, 91, 92, 100, 101, 102, 105, 108, 109, 110, 111, 114, 115, 116, 117, 118, 121, 123, 134, 136, 137, 138, 140, 141, 142, 144, 145, 146, 148, 149, 150, 152, 153, 154, 156, 157, 158, 160, 161, 162, 164, 169, 171, 172, 173, 175, 176, 177, 179, 180, 181, 183, 184, 185, 187, 188, 189, 191, 196, 197, 198, 199, 200, 201, 202, 213, 214, 216, 217, 220, 221, 222, 225, 226, 227, 230, 231, 236, 237, 238, 239, 248, 260, 262, 263, 265, 266, 267, 268, 269, 270, 271, 276, 277, 278, 280], "excluded_lines": [], "start_line": 1}}}, "/home/tom/github/semcod/llx/llx/utils/issues.py": {"executed_lines": [8, 10, 11, 12, 13, 15, 17, 18, 24, 35, 36, 38, 39, 57, 65, 66, 70, 71, 72, 73, 74, 76, 77, 78, 79, 87, 89, 91, 94, 100, 101, 103, 104, 105, 106, 107, 108, 110, 116, 118, 120, 121, 122, 123, 124, 125, 126, 127, 128, 129, 130, 131, 132, 133, 135, 136, 137, 138, 139, 146, 148, 154, 157, 165, 166, 167, 168, 169, 170, 171, 173, 174, 177, 178, 180, 181, 183], "summary": {"covered_lines": 77, "num_statements": 96, "percent_covered": 80.20833333333333, "percent_covered_display": "80", "missing_lines": 19, "excluded_lines": 0, "percent_statements_covered": 80.20833333333333, "percent_statements_covered_display": "80"}, "missing_lines": [41, 42, 43, 44, 46, 47, 48, 49, 50, 51, 52, 53, 54, 67, 68, 119, 134, 140, 175], "excluded_lines": [], "functions": {"load_issue_source": {"executed_lines": [35, 36, 38, 39], "summary": {"covered_lines": 4, "num_statements": 17, "percent_covered": 23.529411764705884, "percent_covered_display": "24", "missing_lines": 13, "excluded_lines": 0, "percent_statements_covered": 23.529411764705884, "percent_statements_covered_display": "24"}, "missing_lines": [41, 42, 43, 44, 46, 47, 48, 49, 50, 51, 52, 53, 54], "excluded_lines": [], "start_line": 24}, "load_todo_markdown": {"executed_lines": [65, 66, 70, 71, 72, 73, 74, 76, 77, 78, 79, 87, 89, 91], "summary": {"covered_lines": 14, "num_statements": 16, "percent_covered": 87.5, "percent_covered_display": "88", "missing_lines": 2, "excluded_lines": 0, "percent_statements_covered": 87.5, "percent_statements_covered_display": "88"}, "missing_lines": [67, 68], "excluded_lines": [], "start_line": 57}, "resolve_issue_source": {"executed_lines": [100, 101, 103, 104, 105, 106, 107, 108, 110], "summary": {"covered_lines": 9, "num_statements": 9, "percent_covered": 100.0, "percent_covered_display": "100", "missing_lines": 0, "excluded_lines": 0, "percent_statements_covered": 100.0, "percent_statements_covered_display": "100"}, "missing_lines": [], "excluded_lines": [], "start_line": 94}, "issue_text": {"executed_lines": [118, 120, 121, 122, 123, 124, 125, 126, 127, 128, 129, 130, 131, 132, 133, 135, 136, 137, 138, 139], "summary": {"covered_lines": 20, "num_statements": 23, "percent_covered": 86.95652173913044, "percent_covered_display": "87", "missing_lines": 3, "excluded_lines": 0, "percent_statements_covered": 86.95652173913044, "percent_statements_covered_display": "87"}, "missing_lines": [119, 134, 140], "excluded_lines": [], "start_line": 116}, "task_prompt_label": {"executed_lines": [148, 154], "summary": {"covered_lines": 2, "num_statements": 2, "percent_covered": 100.0, "percent_covered_display": "100", "missing_lines": 0, "excluded_lines": 0, "percent_statements_covered": 100.0, "percent_statements_covered_display": "100"}, "missing_lines": [], "excluded_lines": [], "start_line": 146}, "build_fix_prompt": {"executed_lines": [165, 166, 167, 168, 169, 170, 171, 173, 174, 177, 178, 180, 181, 183], "summary": {"covered_lines": 14, "num_statements": 15, "percent_covered": 93.33333333333333, "percent_covered_display": "93", "missing_lines": 1, "excluded_lines": 0, "percent_statements_covered": 93.33333333333333, "percent_statements_covered_display": "93"}, "missing_lines": [175], "excluded_lines": [], "start_line": 157}, "": {"executed_lines": [8, 10, 11, 12, 13, 15, 17, 18, 24, 57, 94, 116, 146, 157], "summary": {"covered_lines": 14, "num_statements": 14, "percent_covered": 100.0, "percent_covered_display": "100", "missing_lines": 0, "excluded_lines": 0, "percent_statements_covered": 100.0, "percent_statements_covered_display": "100"}, "missing_lines": [], "excluded_lines": [], "start_line": 1}}, "classes": {"": {"executed_lines": [8, 10, 11, 12, 13, 15, 17, 18, 24, 35, 36, 38, 39, 57, 65, 66, 70, 71, 72, 73, 74, 76, 77, 78, 79, 87, 89, 91, 94, 100, 101, 103, 104, 105, 106, 107, 108, 110, 116, 118, 120, 121, 122, 123, 124, 125, 126, 127, 128, 129, 130, 131, 132, 133, 135, 136, 137, 138, 139, 146, 148, 154, 157, 165, 166, 167, 168, 169, 170, 171, 173, 174, 177, 178, 180, 181, 183], "summary": {"covered_lines": 77, "num_statements": 96, "percent_covered": 80.20833333333333, "percent_covered_display": "80", "missing_lines": 19, "excluded_lines": 0, "percent_statements_covered": 80.20833333333333, "percent_statements_covered_display": "80"}, "missing_lines": [41, 42, 43, 44, 46, 47, 48, 49, 50, 51, 52, 53, 54, 67, 68, 119, 134, 140, 175], "excluded_lines": [], "start_line": 1}}}, "conftest.py": {"executed_lines": [1], "summary": {"covered_lines": 1, "num_statements": 1, "percent_covered": 100.0, "percent_covered_display": "100", "missing_lines": 0, "excluded_lines": 0, "percent_statements_covered": 100.0, "percent_statements_covered_display": "100"}, "missing_lines": [], "excluded_lines": [], "functions": {"": {"executed_lines": [1], "summary": {"covered_lines": 1, "num_statements": 1, "percent_covered": 100.0, "percent_covered_display": "100", "missing_lines": 0, "excluded_lines": 0, "percent_statements_covered": 100.0, "percent_statements_covered_display": "100"}, "missing_lines": [], "excluded_lines": [], "start_line": 1}}, "classes": {"": {"executed_lines": [1], "summary": {"covered_lines": 1, "num_statements": 1, "percent_covered": 100.0, "percent_covered_display": "100", "missing_lines": 0, "excluded_lines": 0, "percent_statements_covered": 100.0, "percent_statements_covered_display": "100"}, "missing_lines": [], "excluded_lines": [], "start_line": 1}}}, "pyqual/__init__.py": {"executed_lines": [3, 4, 5, 6, 13, 24, 25, 29, 30, 44, 46], "summary": {"covered_lines": 11, "num_statements": 11, "percent_covered": 100.0, "percent_covered_display": "100", "missing_lines": 0, "excluded_lines": 8, "percent_statements_covered": 100.0, "percent_statements_covered_display": "100"}, "missing_lines": [], "excluded_lines": [26, 27, 37, 38, 39, 40, 41, 42], "functions": {"": {"executed_lines": [3, 4, 5, 6, 13, 24, 25, 29, 30, 44, 46], "summary": {"covered_lines": 11, "num_statements": 11, "percent_covered": 100.0, "percent_covered_display": "100", "missing_lines": 0, "excluded_lines": 8, "percent_statements_covered": 100.0, "percent_statements_covered_display": "100"}, "missing_lines": [], "excluded_lines": [26, 27, 37, 38, 39, 40, 41, 42], "start_line": 1}}, "classes": {"": {"executed_lines": [3, 4, 5, 6, 13, 24, 25, 29, 30, 44, 46], "summary": {"covered_lines": 11, "num_statements": 11, "percent_covered": 100.0, "percent_covered_display": "100", "missing_lines": 0, "excluded_lines": 8, "percent_statements_covered": 100.0, "percent_statements_covered_display": "100"}, "missing_lines": [], "excluded_lines": [26, 27, 37, 38, 39, 40, 41, 42], "start_line": 1}}}, "pyqual/_gate_collectors.py": {"executed_lines": [7, 9, 10, 11, 14, 16, 17, 18, 19, 20, 21, 27, 29, 30, 34, 36, 37, 38, 39, 40, 41, 42, 45, 47, 48, 49, 50, 51, 52, 53, 54, 61, 64, 66, 67, 68, 70, 71, 72, 73, 74, 75, 78, 81, 83, 84, 85, 97, 100, 102, 103, 104, 117, 120, 122, 123, 124, 138, 141, 143, 144, 145, 161, 164, 166, 167, 168, 175, 178, 180, 181, 182, 192, 195, 197, 198, 199, 210, 213, 215, 216, 217, 218, 240, 243, 245, 246, 247, 255, 258, 260, 261, 262, 281, 284, 286, 287, 288, 299, 302, 304, 305, 306, 318, 321, 323, 324, 325, 340, 343, 351, 353, 354, 355, 356, 375, 377, 378, 379, 396, 399, 401, 402, 403, 416, 421], "summary": {"covered_lines": 126, "num_statements": 335, "percent_covered": 37.61194029850746, "percent_covered_display": "38", "missing_lines": 209, "excluded_lines": 0, "percent_statements_covered": 37.61194029850746, "percent_statements_covered_display": "38"}, "missing_lines": [22, 23, 24, 35, 55, 56, 57, 58, 59, 60, 69, 76, 77, 86, 87, 88, 89, 90, 91, 92, 93, 94, 95, 96, 105, 106, 107, 108, 109, 110, 111, 112, 113, 114, 115, 116, 125, 126, 127, 128, 129, 130, 131, 132, 133, 134, 135, 136, 137, 146, 147, 148, 149, 150, 151, 152, 153, 158, 159, 160, 169, 170, 171, 172, 173, 174, 183, 184, 185, 186, 187, 188, 189, 190, 191, 200, 201, 202, 203, 204, 205, 206, 207, 208, 209, 219, 220, 221, 222, 223, 224, 226, 227, 228, 229, 230, 231, 232, 233, 234, 235, 236, 237, 238, 239, 248, 249, 250, 251, 252, 253, 254, 263, 264, 265, 266, 267, 268, 269, 270, 271, 272, 273, 274, 275, 276, 277, 278, 279, 280, 289, 290, 291, 292, 293, 294, 295, 296, 297, 298, 307, 308, 309, 310, 311, 312, 314, 315, 316, 317, 326, 327, 328, 329, 330, 331, 332, 333, 334, 335, 336, 337, 338, 339, 345, 357, 358, 359, 360, 361, 362, 363, 364, 365, 366, 367, 368, 369, 370, 371, 372, 380, 381, 382, 383, 384, 385, 386, 387, 388, 389, 390, 391, 392, 393, 394, 395, 404, 405, 406, 407, 408, 409, 410, 411, 412, 413, 414, 415], "excluded_lines": [], "functions": {"_read_artifact_text": {"executed_lines": [16, 17, 18, 19, 20, 21], "summary": {"covered_lines": 6, "num_statements": 9, "percent_covered": 66.66666666666667, "percent_covered_display": "67", "missing_lines": 3, "excluded_lines": 0, "percent_statements_covered": 66.66666666666667, "percent_statements_covered_display": "67"}, "missing_lines": [22, 23, 24], "excluded_lines": [], "start_line": 14}, "_from_toon": {"executed_lines": [29, 30, 34, 36, 37, 38, 39, 40, 41, 42], "summary": {"covered_lines": 10, "num_statements": 11, "percent_covered": 90.9090909090909, "percent_covered_display": "91", "missing_lines": 1, "excluded_lines": 0, "percent_statements_covered": 90.9090909090909, "percent_statements_covered_display": "91"}, "missing_lines": [35], "excluded_lines": [], "start_line": 27}, "_from_vallm": {"executed_lines": [47, 48, 49, 50, 51, 52, 53, 54, 61], "summary": {"covered_lines": 9, "num_statements": 15, "percent_covered": 60.0, "percent_covered_display": "60", "missing_lines": 6, "excluded_lines": 0, "percent_statements_covered": 60.0, "percent_statements_covered_display": "60"}, "missing_lines": [55, 56, 57, 58, 59, 60], "excluded_lines": [], "start_line": 45}, "_from_coverage": {"executed_lines": [66, 67, 68, 70, 71, 72, 73, 74, 75, 78], "summary": {"covered_lines": 10, "num_statements": 13, "percent_covered": 76.92307692307692, "percent_covered_display": "77", "missing_lines": 3, "excluded_lines": 0, "percent_statements_covered": 76.92307692307692, "percent_statements_covered_display": "77"}, "missing_lines": [69, 76, 77], "excluded_lines": [], "start_line": 64}, "_from_bandit": {"executed_lines": [83, 84, 85, 97], "summary": {"covered_lines": 4, "num_statements": 15, "percent_covered": 26.666666666666668, "percent_covered_display": "27", "missing_lines": 11, "excluded_lines": 0, "percent_statements_covered": 26.666666666666668, "percent_statements_covered_display": "27"}, "missing_lines": [86, 87, 88, 89, 90, 91, 92, 93, 94, 95, 96], "excluded_lines": [], "start_line": 81}, "_from_secrets": {"executed_lines": [102, 103, 104, 117], "summary": {"covered_lines": 4, "num_statements": 16, "percent_covered": 25.0, "percent_covered_display": "25", "missing_lines": 12, "excluded_lines": 0, "percent_statements_covered": 25.0, "percent_statements_covered_display": "25"}, "missing_lines": [105, 106, 107, 108, 109, 110, 111, 112, 113, 114, 115, 116], "excluded_lines": [], "start_line": 100}, "_from_vulnerabilities": {"executed_lines": [122, 123, 124, 138], "summary": {"covered_lines": 4, "num_statements": 17, "percent_covered": 23.529411764705884, "percent_covered_display": "24", "missing_lines": 13, "excluded_lines": 0, "percent_statements_covered": 23.529411764705884, "percent_statements_covered_display": "24"}, "missing_lines": [125, 126, 127, 128, 129, 130, 131, 132, 133, 134, 135, 136, 137], "excluded_lines": [], "start_line": 120}, "_from_sbom": {"executed_lines": [143, 144, 145, 161], "summary": {"covered_lines": 4, "num_statements": 15, "percent_covered": 26.666666666666668, "percent_covered_display": "27", "missing_lines": 11, "excluded_lines": 0, "percent_statements_covered": 26.666666666666668, "percent_statements_covered_display": "27"}, "missing_lines": [146, 147, 148, 149, 150, 151, 152, 153, 158, 159, 160], "excluded_lines": [], "start_line": 141}, "_from_vulture": {"executed_lines": [166, 167, 168, 175], "summary": {"covered_lines": 4, "num_statements": 10, "percent_covered": 40.0, "percent_covered_display": "40", "missing_lines": 6, "excluded_lines": 0, "percent_statements_covered": 40.0, "percent_statements_covered_display": "40"}, "missing_lines": [169, 170, 171, 172, 173, 174], "excluded_lines": [], "start_line": 164}, "_from_pyroma": {"executed_lines": [180, 181, 182, 192], "summary": {"covered_lines": 4, "num_statements": 13, "percent_covered": 30.76923076923077, "percent_covered_display": "31", "missing_lines": 9, "excluded_lines": 0, "percent_statements_covered": 30.76923076923077, "percent_statements_covered_display": "31"}, "missing_lines": [183, 184, 185, 186, 187, 188, 189, 190, 191], "excluded_lines": [], "start_line": 178}, "_from_git_health": {"executed_lines": [197, 198, 199, 210], "summary": {"covered_lines": 4, "num_statements": 14, "percent_covered": 28.571428571428573, "percent_covered_display": "29", "missing_lines": 10, "excluded_lines": 0, "percent_statements_covered": 28.571428571428573, "percent_statements_covered_display": "29"}, "missing_lines": [200, 201, 202, 203, 204, 205, 206, 207, 208, 209], "excluded_lines": [], "start_line": 195}, "_from_llm_quality": {"executed_lines": [215, 216, 217, 218, 240], "summary": {"covered_lines": 5, "num_statements": 25, "percent_covered": 20.0, "percent_covered_display": "20", "missing_lines": 20, "excluded_lines": 0, "percent_statements_covered": 20.0, "percent_statements_covered_display": "20"}, "missing_lines": [219, 220, 221, 222, 223, 224, 226, 227, 228, 229, 230, 231, 232, 233, 234, 235, 236, 237, 238, 239], "excluded_lines": [], "start_line": 213}, "_from_ai_cost": {"executed_lines": [245, 246, 247, 255], "summary": {"covered_lines": 4, "num_statements": 11, "percent_covered": 36.36363636363637, "percent_covered_display": "36", "missing_lines": 7, "excluded_lines": 0, "percent_statements_covered": 36.36363636363637, "percent_statements_covered_display": "36"}, "missing_lines": [248, 249, 250, 251, 252, 253, 254], "excluded_lines": [], "start_line": 243}, "_from_benchmark": {"executed_lines": [260, 261, 262, 281], "summary": {"covered_lines": 4, "num_statements": 22, "percent_covered": 18.181818181818183, "percent_covered_display": "18", "missing_lines": 18, "excluded_lines": 0, "percent_statements_covered": 18.181818181818183, "percent_statements_covered_display": "18"}, "missing_lines": [263, 264, 265, 266, 267, 268, 269, 270, 271, 272, 273, 274, 275, 276, 277, 278, 279, 280], "excluded_lines": [], "start_line": 258}, "_from_memory_profile": {"executed_lines": [286, 287, 288, 299], "summary": {"covered_lines": 4, "num_statements": 14, "percent_covered": 28.571428571428573, "percent_covered_display": "29", "missing_lines": 10, "excluded_lines": 0, "percent_statements_covered": 28.571428571428573, "percent_statements_covered_display": "29"}, "missing_lines": [289, 290, 291, 292, 293, 294, 295, 296, 297, 298], "excluded_lines": [], "start_line": 284}, "_from_mypy": {"executed_lines": [304, 305, 306, 318], "summary": {"covered_lines": 4, "num_statements": 14, "percent_covered": 28.571428571428573, "percent_covered_display": "29", "missing_lines": 10, "excluded_lines": 0, "percent_statements_covered": 28.571428571428573, "percent_statements_covered_display": "29"}, "missing_lines": [307, 308, 309, 310, 311, 312, 314, 315, 316, 317], "excluded_lines": [], "start_line": 302}, "_from_ruff": {"executed_lines": [323, 324, 325, 340], "summary": {"covered_lines": 4, "num_statements": 18, "percent_covered": 22.22222222222222, "percent_covered_display": "22", "missing_lines": 14, "excluded_lines": 0, "percent_statements_covered": 22.22222222222222, "percent_statements_covered_display": "22"}, "missing_lines": [326, 327, 328, 329, 330, 331, 332, 333, 334, 335, 336, 337, 338, 339], "excluded_lines": [], "start_line": 321}, "_count_pylint_by_type": {"executed_lines": [], "summary": {"covered_lines": 0, "num_statements": 1, "percent_covered": 0.0, "percent_covered_display": "0", "missing_lines": 1, "excluded_lines": 0, "percent_statements_covered": 0.0, "percent_statements_covered_display": "0"}, "missing_lines": [345], "excluded_lines": [], "start_line": 343}, "_from_pylint": {"executed_lines": [353, 354, 355, 356], "summary": {"covered_lines": 4, "num_statements": 20, "percent_covered": 20.0, "percent_covered_display": "20", "missing_lines": 16, "excluded_lines": 0, "percent_statements_covered": 20.0, "percent_statements_covered_display": "20"}, "missing_lines": [357, 358, 359, 360, 361, 362, 363, 364, 365, 366, 367, 368, 369, 370, 371, 372], "excluded_lines": [], "start_line": 351}, "_from_flake8": {"executed_lines": [377, 378, 379, 396], "summary": {"covered_lines": 4, "num_statements": 20, "percent_covered": 20.0, "percent_covered_display": "20", "missing_lines": 16, "excluded_lines": 0, "percent_statements_covered": 20.0, "percent_statements_covered_display": "20"}, "missing_lines": [380, 381, 382, 383, 384, 385, 386, 387, 388, 389, 390, 391, 392, 393, 394, 395], "excluded_lines": [], "start_line": 375}, "_from_interrogate": {"executed_lines": [401, 402, 403, 416], "summary": {"covered_lines": 4, "num_statements": 16, "percent_covered": 25.0, "percent_covered_display": "25", "missing_lines": 12, "excluded_lines": 0, "percent_statements_covered": 25.0, "percent_statements_covered_display": "25"}, "missing_lines": [404, 405, 406, 407, 408, 409, 410, 411, 412, 413, 414, 415], "excluded_lines": [], "start_line": 399}, "": {"executed_lines": [7, 9, 10, 11, 14, 27, 45, 64, 81, 100, 120, 141, 164, 178, 195, 213, 243, 258, 284, 302, 321, 343, 351, 375, 399, 421], "summary": {"covered_lines": 26, "num_statements": 26, "percent_covered": 100.0, "percent_covered_display": "100", "missing_lines": 0, "excluded_lines": 0, "percent_statements_covered": 100.0, "percent_statements_covered_display": "100"}, "missing_lines": [], "excluded_lines": [], "start_line": 1}}, "classes": {"": {"executed_lines": [7, 9, 10, 11, 14, 16, 17, 18, 19, 20, 21, 27, 29, 30, 34, 36, 37, 38, 39, 40, 41, 42, 45, 47, 48, 49, 50, 51, 52, 53, 54, 61, 64, 66, 67, 68, 70, 71, 72, 73, 74, 75, 78, 81, 83, 84, 85, 97, 100, 
[...]
": 100.0, "percent_covered_display": "100", "missing_lines": 0, "excluded_lines": 0, "percent_statements_covered": 100.0, "percent_statements_covered_display": "100"}, "missing_lines": [], "excluded_lines": [], "start_line": 129}, "TestStageFailure.test_api_key_missing": {"executed_lines": [134, 135], "summary": {"covered_lines": 2, "num_statements": 2, "percent_covered": 100.0, "percent_covered_display": "100", "missing_lines": 0, "excluded_lines": 0, "percent_statements_covered": 100.0, "percent_statements_covered_display": "100"}, "missing_lines": [], "excluded_lines": [], "start_line": 133}, "TestStageFailure.test_module_not_found": {"executed_lines": [138, 139], "summary": {"covered_lines": 2, "num_statements": 2, "percent_covered": 100.0, "percent_covered_display": "100", "missing_lines": 0, "excluded_lines": 0, "percent_statements_covered": 100.0, "percent_statements_covered_display": "100"}, "missing_lines": [], "excluded_lines": [], "start_line": 137}, "TestStageFailure.test_pytest_failures": {"executed_lines": [142, 143], "summary": {"covered_lines": 2, "num_statements": 2, "percent_covered": 100.0, "percent_covered_display": "100", "missing_lines": 0, "excluded_lines": 0, "percent_statements_covered": 100.0, "percent_statements_covered_display": "100"}, "missing_lines": [], "excluded_lines": [], "start_line": 141}, "TestStageFailure.test_assertion_error": {"executed_lines": [146, 147], "summary": {"covered_lines": 2, "num_statements": 2, "percent_covered": 100.0, "percent_covered_display": "100", "missing_lines": 0, "excluded_lines": 0, "percent_statements_covered": 100.0, "percent_statements_covered_display": "100"}, "missing_lines": [], "excluded_lines": [], "start_line": 145}, "TestStageFailure.test_n_failed_pattern": {"executed_lines": [150, 151], "summary": {"covered_lines": 2, "num_statements": 2, "percent_covered": 100.0, "percent_covered_display": "100", "missing_lines": 0, "excluded_lines": 0, "percent_statements_covered": 100.0, "percent_statements_covered_display": "100"}, "missing_lines": [], "excluded_lines": [], "start_line": 149}, "TestStageFailure.test_ruff_lint_failure": {"executed_lines": [154, 155], "summary": {"covered_lines": 2, "num_statements": 2, "percent_covered": 100.0, "percent_covered_display": "100", "missing_lines": 0, "excluded_lines": 0, "percent_statements_covered": 100.0, "percent_statements_covered_display": "100"}, "missing_lines": [], "excluded_lines": [], "start_line": 153}, "TestStageFailure.test_empty_output_unknown_tool": {"executed_lines": [158, 159], "summary": {"covered_lines": 2, "num_statements": 2, "percent_covered": 100.0, "percent_covered_display": "100", "missing_lines": 0, "excluded_lines": 0, "percent_statements_covered": 100.0, "percent_statements_covered_display": "100"}, "missing_lines": [], "excluded_lines": [], "start_line": 157}, "TestStageFailure.test_generic_project_error": {"executed_lines": [162, 163], "summary": {"covered_lines": 2, "num_statements": 2, "percent_covered": 100.0, "percent_covered_display": "100", "missing_lines": 0, "excluded_lines": 0, "percent_statements_covered": 100.0, "percent_statements_covered_display": "100"}, "missing_lines": [], "excluded_lines": [], "start_line": 161}, "TestStageFailure.test_fix_stage_api_key": {"executed_lines": [166, 167], "summary": {"covered_lines": 2, "num_statements": 2, "percent_covered": 100.0, "percent_covered_display": "100", "missing_lines": 0, "excluded_lines": 0, "percent_statements_covered": 100.0, "percent_statements_covered_display": "100"}, "missing_lines": [], "excluded_lines": [], "start_line": 165}, "TestStageFailure.test_fix_stage_generic": {"executed_lines": [170, 171, 172], "summary": {"covered_lines": 3, "num_statements": 3, "percent_covered": 100.0, "percent_covered_display": "100", "missing_lines": 0, "excluded_lines": 0, "percent_statements_covered": 100.0, "percent_statements_covered_display": "100"}, "missing_lines": [], "excluded_lines": [], "start_line": 169}, "TestStageFailure.test_domain_property_matches_code": {"executed_lines": [175, 176], "summary": {"covered_lines": 2, "num_statements": 2, "percent_covered": 100.0, "percent_covered_display": "100", "missing_lines": 0, "excluded_lines": 0, "percent_statements_covered": 100.0, "percent_statements_covered_display": "100"}, "missing_lines": [], "excluded_lines": [], "start_line": 174}, "TestValidateConfig.test_missing_file": {"executed_lines": [185, 186, 187], "summary": {"covered_lines": 3, "num_statements": 3, "percent_covered": 100.0, "percent_covered_display": "100", "missing_lines": 0, "excluded_lines": 0, "percent_statements_covered": 100.0, "percent_statements_covered_display": "100"}, "missing_lines": [], "excluded_lines": [], "start_line": 184}, "TestValidateConfig.test_invalid_yaml": {"executed_lines": [190, 191, 192, 193, 194], "summary": {"covered_lines": 5, "num_statements": 5, "percent_covered": 100.0, "percent_covered_display": "100", "missing_lines": 0, "excluded_lines": 0, "percent_statements_covered": 100.0, "percent_statements_covered_display": "100"}, "missing_lines": [], "excluded_lines": [], "start_line": 189}, "TestValidateConfig.test_empty_yaml": {"executed_lines": [197, 198, 199, 200], "summary": {"covered_lines": 4, "num_statements": 4, "percent_covered": 100.0, "percent_covered_display": "100", "missing_lines": 0, "excluded_lines": 0, "percent_statements_covered": 100.0, "percent_statements_covered_display": "100"}, "missing_lines": [], "excluded_lines": [], "start_line": 196}, "TestValidateConfig.test_valid_minimal_passes": {"executed_lines": [203, 204, 205], "summary": {"covered_lines": 3, "num_statements": 3, "percent_covered": 100.0, "percent_covered_display": "100", "missing_lines": 0, "excluded_lines": 0, "percent_statements_covered": 100.0, "percent_statements_covered_display": "100"}, "missing_lines": [], "excluded_lines": [], "start_line": 202}, "TestValidateConfig.test_stages_counted": {"executed_lines": [208, 209, 210], "summary": {"covered_lines": 3, "num_statements": 3, "percent_covered": 100.0, "percent_covered_display": "100", "missing_lines": 0, "excluded_lines": 0, "percent_statements_covered": 100.0, "percent_statements_covered_display": "100"}, "missing_lines": [], "excluded_lines": [], "start_line": 207}, "TestValidateConfig.test_gates_counted": {"executed_lines": [213, 214, 215], "summary": {"covered_lines": 3, "num_statements": 3, "percent_covered": 100.0, "percent_covered_display": "100", "missing_lines": 0, "excluded_lines": 0, "percent_statements_covered": 100.0, "percent_statements_covered_display": "100"}, "missing_lines": [], "excluded_lines": [], "start_line": 212}, "TestValidateConfig.test_stage_no_command": {"executed_lines": [218, 224, 225, 226], "summary": {"covered_lines": 4, "num_statements": 4, "percent_covered": 100.0, "percent_covered_display": "100", "missing_lines": 0, "excluded_lines": 0, "percent_statements_covered": 100.0, "percent_statements_covered_display": "100"}, "missing_lines": [], "excluded_lines": [], "start_line": 217}, "TestValidateConfig.test_stage_both_commands": {"executed_lines": [229, 237, 238, 239], "summary": {"covered_lines": 4, "num_statements": 4, "percent_covered": 100.0, "percent_covered_display": "100", "missing_lines": 0, "excluded_lines": 0, "percent_statements_covered": 100.0, "percent_statements_covered_display": "100"}, "missing_lines": [], "excluded_lines": [], "start_line": 228}, "TestValidateConfig.test_unknown_tool_preset": {"executed_lines": [242, 249, 250, 251], "summary": {"covered_lines": 4, "num_statements": 4, "percent_covered": 100.0, "percent_covered_display": "100", "missing_lines": 0, "excluded_lines": 0, "percent_statements_covered": 100.0, "percent_statements_covered_display": "100"}, "missing_lines": [], "excluded_lines": [], "start_line": 241}, "TestValidateConfig.test_unknown_metric_is_warning": {"executed_lines": [254, 261, 262, 263, 264], "summary": {"covered_lines": 5, "num_statements": 5, "percent_covered": 100.0, "percent_covered_display": "100", "missing_lines": 0, "excluded_lines": 0, "percent_statements_covered": 100.0, "percent_statements_covered_display": "100"}, "missing_lines": [], "excluded_lines": [], "start_line": 253}, "TestValidateConfig.test_bad_threshold_type": {"executed_lines": [267, 274, 275, 276], "summary": {"covered_lines": 4, "num_statements": 4, "percent_covered": 100.0, "percent_covered_display": "100", "missing_lines": 0, "excluded_lines": 0, "percent_statements_covered": 100.0, "percent_statements_covered_display": "100"}, "missing_lines": [], "excluded_lines": [], "start_line": 266}, "TestValidateConfig.test_bad_max_iterations": {"executed_lines": [279, 286, 287, 288], "summary": {"covered_lines": 4, "num_statements": 4, "percent_covered": 100.0, "percent_covered_display": "100", "missing_lines": 0, "excluded_lines": 0, "percent_statements_covered": 100.0, "percent_statements_covered_display": "100"}, "missing_lines": [], "excluded_lines": [], "start_line": 278}, "TestValidateConfig.test_unknown_on_fail_is_warning": {"executed_lines": [291, 298, 299, 300], "summary": {"covered_lines": 4, "num_statements": 4, "percent_covered": 100.0, "percent_covered_display": "100", "missing_lines": 0, "excluded_lines": 0, "percent_statements_covered": 100.0, "percent_statements_covered_display": "100"}, "missing_lines": [], "excluded_lines": [], "start_line": 290}, "TestValidateConfig.test_no_stages_is_warning": {"executed_lines": [303, 308, 309, 310], "summary": {"covered_lines": 4, "num_statements": 4, "percent_covered": 100.0, "percent_covered_display": "100", "missing_lines": 0, "excluded_lines": 0, "percent_statements_covered": 100.0, "percent_statements_covered_display": "100"}, "missing_lines": [], "excluded_lines": [], "start_line": 302}, "TestValidateConfig.test_no_metrics_is_info": {"executed_lines": [313, 314, 315, 316], "summary": {"covered_lines": 4, "num_statements": 4, "percent_covered": 100.0, "percent_covered_display": "100", "missing_lines": 0, "excluded_lines": 0, "percent_statements_covered": 100.0, "percent_statements_covered_display": "100"}, "missing_lines": [], "excluded_lines": [], "start_line": 312}, "TestValidateConfig.test_known_metrics_pass": {"executed_lines": [320, 330, 331, 333, 334], "summary": {"covered_lines": 5, "num_statements": 5, "percent_covered": 100.0, "percent_covered_display": "100", "missing_lines": 0, "excluded_lines": 0, "percent_statements_covered": 100.0, "percent_statements_covered_display": "100"}, "missing_lines": [], "excluded_lines": [], "start_line": 319}, "TestValidateConfig.test_suggestion_present_on_error": {"executed_lines": [337, 338, 339, 340], "summary": {"covered_lines": 4, "num_statements": 4, "percent_covered": 100.0, "percent_covered_display": "100", "missing_lines": 0, "excluded_lines": 0, "percent_statements_covered": 100.0, "percent_statements_covered_display": "100"}, "missing_lines": [], "excluded_lines": [], "start_line": 336}, "TestValidationResult.test_ok_with_no_issues": {"executed_lines": [349, 350], "summary": {"covered_lines": 2, "num_statements": 2, "percent_covered": 100.0, "percent_covered_display": "100", "missing_lines": 0, "excluded_lines": 0, "percent_statements_covered": 100.0, "percent_statements_covered_display": "100"}, "missing_lines": [], "excluded_lines": [], "start_line": 348}, "TestValidationResult.test_not_ok_with_error": {"executed_lines": [353, 354, 355], "summary": {"covered_lines": 3, "num_statements": 3, "percent_covered": 100.0, "percent_covered_display": "100", "missing_lines": 0, "excluded_lines": 0, "percent_statements_covered": 100.0, "percent_statements_covered_display": "100"}, "missing_lines": [], "excluded_lines": [], "start_line": 352}, "TestValidationResult.test_ok_with_only_warning": {"executed_lines": [358, 359, 360], "summary": {"covered_lines": 3, "num_statements": 3, "percent_covered": 100.0, "percent_covered_display": "100", "missing_lines": 0, "excluded_lines": 0, "percent_statements_covered": 100.0, "percent_statements_covered_display": "100"}, "missing_lines": [], "excluded_lines": [], "start_line": 357}, "TestValidationResult.test_errors_and_warnings_separated": {"executed_lines": [363, 364, 365, 366, 367], "summary": {"covered_lines": 5, "num_statements": 5, "percent_covered": 100.0, "percent_covered_display": "100", "missing_lines": 0, "excluded_lines": 0, "percent_statements_covered": 100.0, "percent_statements_covered_display": "100"}, "missing_lines": [], "excluded_lines": [], "start_line": 362}, "TestDetectProjectFacts.test_returns_dict_with_workdir": {"executed_lines": [376, 377, 378], "summary": {"covered_lines": 3, "num_statements": 3, "percent_covered": 100.0, "percent_covered_display": "100", "missing_lines": 0, "excluded_lines": 0, "percent_statements_covered": 100.0, "percent_statements_covered_display": "100"}, "missing_lines": [], "excluded_lines": [], "start_line": 375}, "TestDetectProjectFacts.test_python_project_detected": {"executed_lines": [381, 382, 383], "summary": {"covered_lines": 3, "num_statements": 3, "percent_covered": 100.0, "percent_covered_display": "100", "missing_lines": 0, "excluded_lines": 0, "percent_statements_covered": 100.0, "percent_statements_covered_display": "100"}, "missing_lines": [], "excluded_lines": [], "start_line": 380}, "TestDetectProjectFacts.test_nodejs_project_detected": {"executed_lines": [386, 387, 388], "summary": {"covered_lines": 3, "num_statements": 3, "percent_covered": 100.0, "percent_covered_display": "100", "missing_lines": 0, "excluded_lines": 0, "percent_statements_covered": 100.0, "percent_statements_covered_display": "100"}, "missing_lines": [], "excluded_lines": [], "start_line": 385}, "TestDetectProjectFacts.test_unknown_lang_default": {"executed_lines": [391, 392], "summary": {"covered_lines": 2, "num_statements": 2, "percent_covered": 100.0, "percent_covered_display": "100", "missing_lines": 0, "excluded_lines": 0, "percent_statements_covered": 100.0, "percent_statements_covered_display": "100"}, "missing_lines": [], "excluded_lines": [], "start_line": 390}, "TestDetectProjectFacts.test_available_tools_is_list": {"executed_lines": [395, 396], "summary": {"covered_lines": 2, "num_statements": 2, "percent_covered": 100.0, "percent_covered_display": "100", "missing_lines": 0, "excluded_lines": 0, "percent_statements_covered": 100.0, "percent_statements_covered_display": "100"}, "missing_lines": [], "excluded_lines": [], "start_line": 394}, "TestDetectProjectFacts.test_current_config_included_when_present": {"executed_lines": [399, 400, 401, 402], "summary": {"covered_lines": 4, "num_statements": 4, "percent_covered": 100.0, "percent_covered_display": "100", "missing_lines": 0, "excluded_lines": 0, "percent_statements_covered": 100.0, "percent_statements_covered_display": "100"}, "missing_lines": [], "excluded_lines": [], "start_line": 398}, "TestDetectProjectFacts.test_has_tests_detected": {"executed_lines": [405, 406, 407], "summary": {"covered_lines": 3, "num_statements": 3, "percent_covered": 100.0, "percent_covered_display": "100", "missing_lines": 0, "excluded_lines": 0, "percent_statements_covered": 100.0, "percent_statements_covered_display": "100"}, "missing_lines": [], "excluded_lines": [], "start_line": 404}, "TestDetectProjectFacts.test_nonexistent_dir_returns_facts": {"executed_lines": [410, 411, 412, 413], "summary": {"covered_lines": 4, "num_statements": 4, "percent_covered": 100.0, "percent_covered_display": "100", "missing_lines": 0, "excluded_lines": 0, "percent_statements_covered": 100.0, "percent_statements_covered_display": "100"}, "missing_lines": [], "excluded_lines": [], "start_line": 409}, "": {"executed_lines": [3, 5, 7, 9, 26, 32, 42, 55, 56, 61, 66, 71, 81, 82, 85, 88, 91, 94, 97, 100, 108, 109, 120, 125, 129, 133, 137, 141, 145, 149, 153, 157, 161, 165, 169, 174, 183, 184, 189, 196, 202, 207, 212, 217, 228, 241, 253, 266, 278, 290, 302, 312, 319, 336, 347, 348, 352, 357, 362, 374, 375, 380, 385, 390, 394, 398, 404, 409], "summary": {"covered_lines": 68, "num_statements": 68, "percent_covered": 100.0, "percent_covered_display": "100", "missing_lines": 0, "excluded_lines": 0, "percent_statements_covered": 100.0, "percent_statements_covered_display": "100"}, "missing_lines": [], "excluded_lines": [], "start_line": 1}}, "classes": {"TestEC": {"executed_lines": [57, 59, 62, 64, 67, 69, 72, 74], "summary": {"covered_lines": 8, "num_statements": 8, "percent_covered": 100.0, "percent_covered_display": "100", "missing_lines": 0, "excluded_lines": 0, "percent_statements_covered": 100.0, "percent_statements_covered_display": "100"}, "missing_lines": [], "excluded_lines": [], "start_line": 55}, "TestErrorDomain": {"executed_lines": [83, 86, 89, 92, 95, 98, 101], "summary": {"covered_lines": 7, "num_statements": 7, "percent_covered": 100.0, "percent_covered_display": "100", "missing_lines": 0, "excluded_lines": 0, "percent_statements_covered": 100.0, "percent_statements_covered_display": "100"}, "missing_lines": [], "excluded_lines": [], "start_line": 81}, "TestStageFailure": {"executed_lines": [110, 121, 122, 123, 126, 127, 130, 131, 134, 135, 138, 139, 142, 143, 146, 147, 150, 151, 154, 155, 158, 159, 162, 163, 166, 167, 170, 171, 172, 175, 176], "summary": {"covered_lines": 31, "num_statements": 31, "percent_covered": 100.0, "percent_covered_display": "100", "missing_lines": 0, "excluded_lines": 0, "percent_statements_covered": 100.0, "percent_statements_covered_display": "100"}, "missing_lines": [], "excluded_lines": [], "start_line": 108}, "TestValidateConfig": {"executed_lines": [185, 186, 187, 190, 191, 192, 193, 194, 197, 198, 199, 200, 203, 204, 205, 208, 209, 210, 213, 214, 215, 218, 224, 225, 226, 229, 237, 238, 239, 242, 249, 250, 251, 254, 261, 262, 263, 264, 267, 274, 275, 276, 279, 286, 287, 288, 291, 298, 299, 300, 303, 308, 309, 310, 313, 314, 315, 316, 320, 330, 331, 333, 334, 337, 338, 339, 340], "summary": {"covered_lines": 67, "num_statements": 67, "percent_covered": 100.0, "percent_covered_display": "100", "missing_lines": 0, "excluded_lines": 0, "percent_statements_covered": 100.0, "percent_statements_covered_display": "100"}, "missing_lines": [], "excluded_lines": [], "start_line": 183}, "TestValidationResult": {"executed_lines": [349, 350, 353, 354, 355, 358, 359, 360, 363, 364, 365, 366, 367], "summary": {"covered_lines": 13, "num_statements": 13, "percent_covered": 100.0, "percent_covered_display": "100", "missing_lines": 0, "excluded_lines": 0, "percent_statements_covered": 100.0, "percent_statements_covered_display": "100"}, "missing_lines": [], "excluded_lines": [], "start_line": 347}, "TestDetectProjectFacts": {"executed_lines": [376, 377, 378, 381, 382, 383, 386, 387, 388, 391, 392, 395, 396, 399, 400, 401, 402, 405, 406, 407, 410, 411, 412, 413], "summary": {"covered_lines": 24, "num_statements": 24, "percent_covered": 100.0, "percent_covered_display": "100", "missing_lines": 0, "excluded_lines": 0, "percent_statements_covered": 100.0, "percent_statements_covered_display": "100"}, "missing_lines": [], "excluded_lines": [], "start_line": 374}, "": {"executed_lines": [3, 5, 7, 9, 26, 27, 28, 29, 32, 42, 55, 56, 61, 66, 71, 81, 82, 85, 88, 91, 94, 97, 100, 108, 109, 120, 125, 129, 133, 137, 141, 145, 149, 153, 157, 161, 165, 169, 174, 183, 184, 189, 196, 202, 207, 212, 217, 228, 241, 253, 266, 278, 290, 302, 312, 319, 336, 347, 348, 352, 357, 362, 374, 375, 380, 385, 390, 394, 398, 404, 409], "summary": {"covered_lines": 71, "num_statements": 71, "percent_covered": 100.0, "percent_covered_display": "100", "missing_lines": 0, "excluded_lines": 0, "percent_statements_covered": 100.0, "percent_statements_covered_display": "100"}, "missing_lines": [], "excluded_lines": [], "start_line": 1}}}}, "totals": {"covered_lines": 2956, "num_statements": 4968, "percent_covered": 59.50080515297907, "percent_covered_display": "60", "missing_lines": 2012, "excluded_lines": 118, "percent_statements_covered": 59.50080515297907, "percent_statements_covered_display": "60"}}